2020-05-27 16:53:38,431 test_01_login.py [line:21] INFO params: {'appFlag': '', 'mobile': '18600750013', 'password': 'qwer1234'}
2020-05-27 16:53:38,440 httpUtil.py [line:92] INFO >>>request url https://uat-pms-sso.hopsontong.com:11013/api/login
2020-05-27 16:53:38,440 httpUtil.py [line:94] INFO >>>params {"appFlag": "", "mobile": "18600750013", "password": "qwer1234"}
2020-05-27 16:53:38,649 httpUtil.py [line:98] INFO >>>response: {'code': 200, 'msg': '成功', 'data': {'token': 'eyJhbGciOiJIUzI1NiJ9.eyJ1c2VyX2lkIjoiMTg2MDA3NTAwMTMiLCJpYXQiOjE1OTA1Njk2MTgsImV4cCI6MTU5MDU3NjgxOCwibmJmIjoxNTkwNTY5NjE4fQ.g7zULgWXJkhhehzOKB6QqwML2ne32tbUDe6el4ENtBw', 'applicationToken': None, 'isDirectLogin': False, 'tenants': [{'tenantId': 6, 'tenantName': '合生商业'}, {'tenantId': 32, 'tenantName': '虚拟租户'}], 'apps': None}, 'success': True}
2020-05-27 16:53:38,649 test_01_login.py [line:27] INFO eyJhbGciOiJIUzI1NiJ9.eyJ1c2VyX2lkIjoiMTg2MDA3NTAwMTMiLCJpYXQiOjE1OTA1Njk2MTgsImV4cCI6MTU5MDU3NjgxOCwibmJmIjoxNTkwNTY5NjE4fQ.g7zULgWXJkhhehzOKB6QqwML2ne32tbUDe6el4ENtBw
2020-05-27 16:53:38,657 test_01_login.py [line:33] INFO params: {'appFlag': '', 'mobile': '18600750013', 'password': 'e10adc3949ba59abbe56883e'}
2020-05-27 16:53:38,662 httpUtil.py [line:92] INFO >>>request url https://uat-pms-sso.hopsontong.com:11013/api/login
2020-05-27 16:53:38,662 httpUtil.py [line:94] INFO >>>params {"appFlag": "", "mobile": "18600750013", "password": "e10adc3949ba59abbe56883e"}
2020-05-27 16:53:38,751 httpUtil.py [line:98] INFO >>>response: {'code': 400, 'msg': '密码错误', 'data': None, 'success': False}
2020-05-27 16:53:38,759 test_01_login.py [line:40] INFO params: {'appFlag': '', 'mobile': '1860075001', 'password': 'e10adc3949ba59abbe56e057f20f883e'}
2020-05-27 16:53:38,765 httpUtil.py [line:92] INFO >>>request url https://uat-pms-sso.hopsontong.com:11013/api/login
2020-05-27 16:53:38,765 httpUtil.py [line:94] INFO >>>params {"appFlag": "", "mobile": "1860075001", "password": "e10adc3949ba59abbe56e057f20f883e"}
2020-05-27 16:53:38,839 httpUtil.py [line:98] INFO >>>response: {'code': 400, 'msg': '手机号码格式错误', 'data': None, 'success': False}
2020-05-27 16:53:38,847 test_01_login.py [line:47] INFO params: {'appFlag': '', 'mobile': '', 'password': 'e10adc3949ba59abbe56e057f20f883e'}
2020-05-27 16:53:38,853 httpUtil.py [line:92] INFO >>>request url https://uat-pms-sso.hopsontong.com:11013/api/login
2020-05-27 16:53:38,853 httpUtil.py [line:94] INFO >>>params {"appFlag": "", "mobile": "", "password": "e10adc3949ba59abbe56e057f20f883e"}
2020-05-27 16:53:38,924 httpUtil.py [line:98] INFO >>>response: {'code': 400, 'msg': '手机号码格式错误', 'data': None, 'success': False}
2020-05-27 16:53:38,931 test_01_login.py [line:54] INFO params: {'appFlag': '', 'mobile': '18600750013', 'password': ''}
2020-05-27 16:53:38,937 httpUtil.py [line:92] INFO >>>request url https://uat-pms-sso.hopsontong.com:11013/api/login
2020-05-27 16:53:38,937 httpUtil.py [line:94] INFO >>>params {"appFlag": "", "mobile": "18600750013", "password": ""}
2020-05-27 16:53:39,018 httpUtil.py [line:98] INFO >>>response: {'code': 400, 'msg': '密码不能为空', 'data': None, 'success': False}
2020-05-27 16:53:39,025 test_01_login.py [line:62] INFO params: {'appFlag': 2, 'mobile': '18600750013', 'password': 'qwer1234'}
2020-05-27 16:53:39,031 httpUtil.py [line:92] INFO >>>request url https://uat-pms-sso.hopsontong.com:11013/api/login
2020-05-27 16:53:39,031 httpUtil.py [line:94] INFO >>>params {"appFlag": 2, "mobile": "18600750013", "password": "qwer1234"}
2020-05-27 16:53:39,115 httpUtil.py [line:98] INFO >>>response: {'code': 400, 'msg': '应用标识错误,授权登录失败', 'data': None, 'success': False}
2020-05-27 16:53:39,134 httpUtil.py [line:38] INFO params: {'appFlag': '', 'mobile': '18600750013', 'password': 'qwer1234'}
2020-05-27 16:53:39,135 httpUtil.py [line:92] INFO >>>request url https://uat-pms-sso.hopsontong.com:11013/api/login
2020-05-27 16:53:39,135 httpUtil.py [line:94] INFO >>>params {"appFlag": "", "mobile": "18600750013", "password": "qwer1234"}
2020-05-27 16:53:39,228 httpUtil.py [line:98] INFO >>>response: {'code': 200, 'msg': '成功', 'data': {'token': 'eyJhbGciOiJIUzI1NiJ9.eyJ1c2VyX2lkIjoiMTg2MDA3NTAwMTMiLCJpYXQiOjE1OTA1Njk2MTksImV4cCI6MTU5MDU3NjgxOSwibmJmIjoxNTkwNTY5NjE5fQ.I54ZEBdw6vEiHvgc_AgkpMcTj7bfnexzm43JcNhg5RA', 'applicationToken': None, 'isDirectLogin': False, 'tenants': [{'tenantId': 6, 'tenantName': '合生商业'}, {'tenantId': 32, 'tenantName': '虚拟租户'}], 'apps': None}, 'success': True}
2020-05-27 16:53:39,228 httpUtil.py [line:43] INFO eyJhbGciOiJIUzI1NiJ9.eyJ1c2VyX2lkIjoiMTg2MDA3NTAwMTMiLCJpYXQiOjE1OTA1Njk2MTksImV4cCI6MTU5MDU3NjgxOSwibmJmIjoxNTkwNTY5NjE5fQ.I54ZEBdw6vEiHvgc_AgkpMcTj7bfnexzm43JcNhg5RA
2020-05-27 16:53:39,229 httpUtil.py [line:50] INFO c_params: {'token': 'eyJhbGciOiJIUzI1NiJ9.eyJ1c2VyX2lkIjoiMTg2MDA3NTAwMTMiLCJpYXQiOjE1OTA1Njk2MTksImV4cCI6MTU5MDU3NjgxOSwibmJmIjoxNTkwNTY5NjE5fQ.I54ZEBdw6vEiHvgc_AgkpMcTj7bfnexzm43JcNhg5RA', 'appFlag': '', 'applicationToken': ''}
2020-05-27 16:53:39,229 httpUtil.py [line:92] INFO >>>request url https://uat-pms-sso.hopsontong.com:11013/api/checkToken
2020-05-27 16:53:39,229 httpUtil.py [line:94] INFO >>>params {"token": "eyJhbGciOiJIUzI1NiJ9.eyJ1c2VyX2lkIjoiMTg2MDA3NTAwMTMiLCJpYXQiOjE1OTA1Njk2MTksImV4cCI6MTU5MDU3NjgxOSwibmJmIjoxNTkwNTY5NjE5fQ.I54ZEBdw6vEiHvgc_AgkpMcTj7bfnexzm43JcNhg5RA", "appFlag": "", "applicationToken": ""}
2020-05-27 16:53:39,310 httpUtil.py [line:98] INFO >>>response: {'code': 200, 'msg': '成功', 'data': None, 'success': True}
2020-05-27 16:53:39,310 httpUtil.py [line:52] INFO c_response: {'code': 200, 'msg': '成功', 'data': None, 'success': True}
2020-05-27 16:53:39,310 httpUtil.py [line:92] INFO >>>request url https://uat-pms-sso.hopsontong.com:11013/api/selectTenant
2020-05-27 16:53:39,310 httpUtil.py [line:94] INFO >>>params {"accessToken": "", "loginToken": "eyJhbGciOiJIUzI1NiJ9.eyJ1c2VyX2lkIjoiMTg2MDA3NTAwMTMiLCJpYXQiOjE1OTA1Njk2MTksImV4cCI6MTU5MDU3NjgxOSwibmJmIjoxNTkwNTY5NjE5fQ.I54ZEBdw6vEiHvgc_AgkpMcTj7bfnexzm43JcNhg5RA", "tenantId": 6}
2020-05-27 16:53:39,409 httpUtil.py [line:98] INFO >>>response: {'code': 200, 'msg': '成功', 'data': {'token': 'eyJhbGciOiJIUzI1NiJ9.eyJ1c2VyX2lkIjoiNDgxIiwiaWF0IjoxNTkwNTY5NjE5LCJleHAiOjE1OTA1NzY4MTksIm5iZiI6MTU5MDU2OTYxOX0.uwS9Z3ur1UX4UzPbmDJCVew-9rof0izsnxUzugVGnf4', 'apps': [{'id': 1, 'appName': '合生通运营管理平台', 'appIcon': 'http://kf-pms-cdn.hopsontong.com/1588139980164-13771/cms/hopsontong-logo-258x86.png', 'appUrl': 'https://tcms.hopsontong.com:11013/#/,https://pcms.hopsontong.com:11013/#/,https://kfcms.hopsontong.com:11013/#/,http://localhost:11013/#/,https://kfcms-ljb.hopsontong.com:11013/#/'}, {'id': 0, 'appName': '权限系统', 'appIcon': 'https://kf-pms-cdn.hopsontong.com/1585129410411-10947/cms/permission-system-logo-258x86.png', 'appUrl': 'https://pms-tenant.hopsontong.com/'}]}, 'success': True}
2020-05-27 16:53:39,429 httpUtil.py [line:64] INFO >>>request url is: https://tcms.hopsontong.com:11013/cms/cms/UnifiedAccess/getMarket
2020-05-27 16:53:39,763 httpUtil.py [line:67] INFO >>>header: {'Accept': 'application/json, text/plain, */*', 'Content-Type': 'application/json;charset=UTF-8', 'User-Agent': 'Mozilla/5.0 (X11; Ubuntu; Linux x86_64; rv:22.0) Gecko/20100101 Firefox/22.0', 'Authorization': 'eyJhbGciOiJIUzI1NiJ9.eyJ1c2VyX2lkIjoiNDgxIiwiaWF0IjoxNTkwNTY5NjE5LCJleHAiOjE1OTA1NzY4MTksIm5iZiI6MTU5MDU2OTYxOX0.uwS9Z3ur1UX4UzPbmDJCVew-9rof0izsnxUzugVGnf4'}
2020-05-27 16:53:39,763 httpUtil.py [line:70] INFO >>>response: {'code': 200, 'msg': '成功', 'data': [{'id': None, 'marketName': '合生商业(商管集团)', 'fmapId': None}, {'id': 218, 'marketName': '北京朝阳合生汇', 'fmapId': 'hopsonone-map'}, {'id': 108, 'marketName': '成都温江珠江广场', 'fmapId': 'cd-hsh-zja0'}, {'id': 141, 'marketName': '北京朝阳合生财富广场', 'fmapId': 'null'}, {'id': 164, 'marketName': '北京木樨园合生广场', 'fmapId': 'null'}, {'id': 213, 'marketName': '北京望京合生新天地', 'fmapId': 'null'}, {'id': 10230, 'marketName': '西安时代广场', 'fmapId': 'null'}, {'id': 90000, 'marketName': '虚拟商场', 'fmapId': None}, {'id': 132, 'marketName': '广州海珠合生广场(南区)', 'fmapId': 'null'}, {'id': 145, 'marketName': '广州珠江投资大厦', 'fmapId': None}, {'id': 150, 'marketName': '广州骏景生活天地', 'fmapId': 'null'}, {'id': 155, 'marketName': '深圳龙岗珠江国际中心', 'fmapId': None}, {'id': 170, 'marketName': '广州海珠合生广场(北区)', 'fmapId': None}, {'id': 188, 'marketName': '广州越华珠江国际大厦', 'fmapId': None}, {'id': 194, 'marketName': '广州南方花园生活天地', 'fmapId': 'null'}, {'id': 237, 'marketName': '广州增城合生汇', 'fmapId': 'null'}, {'id': 20229, 'marketName': '广州珠江国际纺织城', 'fmapId': None}, {'id': 110, 'marketName': '上海五角场合生汇', 'fmapId': 'hopsonone-map-wjc'}, {'id': 203, 'marketName': '杭州科华合生国贸中心', 'fmapId': None}, {'id': 234, 'marketName': '上海青浦合生新天地', 'fmapId': 'null'}], 'success': True}
2020-05-27 16:54:08,291 test_01_login.py [line:21] INFO params: {'appFlag': '', 'mobile': '18600750013', 'password': 'qwer1234'}
2020-05-27 16:54:08,301 httpUtil.py [line:92] INFO >>>request url https://uat-pms-sso.hopsontong.com:11013/api/login
2020-05-27 16:54:08,301 httpUtil.py [line:94] INFO >>>params {"appFlag": "", "mobile": "18600750013", "password": "qwer1234"}
2020-05-27 16:54:08,503 httpUtil.py [line:98] INFO >>>response: {'code': 200, 'msg': '成功', 'data': {'token': 'eyJhbGciOiJIUzI1NiJ9.eyJ1c2VyX2lkIjoiMTg2MDA3NTAwMTMiLCJpYXQiOjE1OTA1Njk2NDgsImV4cCI6MTU5MDU3Njg0OCwibmJmIjoxNTkwNTY5NjQ4fQ.0bKDPgrdnCeTBk9lLVLsNbDYmUMKoWV1e3C1BHuNNSg', 'applicationToken': None, 'isDirectLogin': False, 'tenants': [{'tenantId': 6, 'tenantName': '合生商业'}, {'tenantId': 32, 'tenantName': '虚拟租户'}], 'apps': None}, 'success': True}
2020-05-27 16:54:08,503 test_01_login.py [line:27] INFO eyJhbGciOiJIUzI1NiJ9.eyJ1c2VyX2lkIjoiMTg2MDA3NTAwMTMiLCJpYXQiOjE1OTA1Njk2NDgsImV4cCI6MTU5MDU3Njg0OCwibmJmIjoxNTkwNTY5NjQ4fQ.0bKDPgrdnCeTBk9lLVLsNbDYmUMKoWV1e3C1BHuNNSg
2020-05-27 16:54:08,510 test_01_login.py [line:33] INFO params: {'appFlag': '', 'mobile': '18600750013', 'password': 'e10adc3949ba59abbe56883e'}
2020-05-27 16:54:08,516 httpUtil.py [line:92] INFO >>>request url https://uat-pms-sso.hopsontong.com:11013/api/login
2020-05-27 16:54:08,516 httpUtil.py [line:94] INFO >>>params {"appFlag": "", "mobile": "18600750013", "password": "e10adc3949ba59abbe56883e"}
2020-05-27 16:54:08,605 httpUtil.py [line:98] INFO >>>response: {'code': 400, 'msg': '密码错误', 'data': None, 'success': False}
2020-05-27 16:54:08,612 test_01_login.py [line:40] INFO params: {'appFlag': '', 'mobile': '1860075001', 'password': 'e10adc3949ba59abbe56e057f20f883e'}
2020-05-27 16:54:08,619 httpUtil.py [line:92] INFO >>>request url https://uat-pms-sso.hopsontong.com:11013/api/login
2020-05-27 16:54:08,619 httpUtil.py [line:94] INFO >>>params {"appFlag": "", "mobile": "1860075001", "password": "e10adc3949ba59abbe56e057f20f883e"}
2020-05-27 16:54:08,699 httpUtil.py [line:98] INFO >>>response: {'code': 400, 'msg': '手机号码格式错误', 'data': None, 'success': False}
2020-05-27 16:54:08,707 test_01_login.py [line:47] INFO params: {'appFlag': '', 'mobile': '', 'password': 'e10adc3949ba59abbe56e057f20f883e'}
2020-05-27 16:54:08,712 httpUtil.py [line:92] INFO >>>request url https://uat-pms-sso.hopsontong.com:11013/api/login
2020-05-27 16:54:08,712 httpUtil.py [line:94] INFO >>>params {"appFlag": "", "mobile": "", "password": "e10adc3949ba59abbe56e057f20f883e"}
2020-05-27 16:54:08,792 httpUtil.py [line:98] INFO >>>response: {'code': 400, 'msg': '手机号码格式错误', 'data': None, 'success': False}
2020-05-27 16:54:08,800 test_01_login.py [line:54] INFO params: {'appFlag': '', 'mobile': '18600750013', 'password': ''}
2020-05-27 16:54:08,805 httpUtil.py [line:92] INFO >>>request url https://uat-pms-sso.hopsontong.com:11013/api/login
2020-05-27 16:54:08,805 httpUtil.py [line:94] INFO >>>params {"appFlag": "", "mobile": "18600750013", "password": ""}
2020-05-27 16:54:08,896 httpUtil.py [line:98] INFO >>>response: {'code': 400, 'msg': '密码不能为空', 'data': None, 'success': False}
2020-05-27 16:54:08,903 test_01_login.py [line:62] INFO params: {'appFlag': 2, 'mobile': '18600750013', 'password': 'qwer1234'}
2020-05-27 16:54:08,909 httpUtil.py [line:92] INFO >>>request url https://uat-pms-sso.hopsontong.com:11013/api/login
2020-05-27 16:54:08,910 httpUtil.py [line:94] INFO >>>params {"appFlag": 2, "mobile": "18600750013", "password": "qwer1234"}
2020-05-27 16:54:09,013 httpUtil.py [line:98] INFO >>>response: {'code': 400, 'msg': '应用标识错误,授权登录失败', 'data': None, 'success': False}
2020-05-27 16:54:09,031 httpUtil.py [line:38] INFO params: {'appFlag': '', 'mobile': '18600750013', 'password': 'qwer1234'}
2020-05-27 16:54:09,032 httpUtil.py [line:92] INFO >>>request url https://uat-pms-sso.hopsontong.com:11013/api/login
2020-05-27 16:54:09,032 httpUtil.py [line:94] INFO >>>params {"appFlag": "", "mobile": "18600750013", "password": "qwer1234"}
2020-05-27 16:54:09,125 httpUtil.py [line:98] INFO >>>response: {'code': 200, 'msg': '成功', 'data': {'token': 'eyJhbGciOiJIUzI1NiJ9.eyJ1c2VyX2lkIjoiMTg2MDA3NTAwMTMiLCJpYXQiOjE1OTA1Njk2NDksImV4cCI6MTU5MDU3Njg0OSwibmJmIjoxNTkwNTY5NjQ5fQ.mSy7ccFe77zr36_B8U1Zv21Ap08KTS9URRCWi3Ubf9U', 'applicationToken': None, 'isDirectLogin': False, 'tenants': [{'tenantId': 6, 'tenantName': '合生商业'}, {'tenantId': 32, 'tenantName': '虚拟租户'}], 'apps': None}, 'success': True}
2020-05-27 16:54:09,126 httpUtil.py [line:43] INFO eyJhbGciOiJIUzI1NiJ9.eyJ1c2VyX2lkIjoiMTg2MDA3NTAwMTMiLCJpYXQiOjE1OTA1Njk2NDksImV4cCI6MTU5MDU3Njg0OSwibmJmIjoxNTkwNTY5NjQ5fQ.mSy7ccFe77zr36_B8U1Zv21Ap08KTS9URRCWi3Ubf9U
2020-05-27 16:54:09,126 httpUtil.py [line:50] INFO c_params: {'token': 'eyJhbGciOiJIUzI1NiJ9.eyJ1c2VyX2lkIjoiMTg2MDA3NTAwMTMiLCJpYXQiOjE1OTA1Njk2NDksImV4cCI6MTU5MDU3Njg0OSwibmJmIjoxNTkwNTY5NjQ5fQ.mSy7ccFe77zr36_B8U1Zv21Ap08KTS9URRCWi3Ubf9U', 'appFlag': '', 'applicationToken': ''}
2020-05-27 16:54:09,126 httpUtil.py [line:92] INFO >>>request url https://uat-pms-sso.hopsontong.com:11013/api/checkToken
2020-05-27 16:54:09,127 httpUtil.py [line:94] INFO >>>params {"token": "eyJhbGciOiJIUzI1NiJ9.eyJ1c2VyX2lkIjoiMTg2MDA3NTAwMTMiLCJpYXQiOjE1OTA1Njk2NDksImV4cCI6MTU5MDU3Njg0OSwibmJmIjoxNTkwNTY5NjQ5fQ.mSy7ccFe77zr36_B8U1Zv21Ap08KTS9URRCWi3Ubf9U", "appFlag": "", "applicationToken": ""}
2020-05-27 16:54:09,204 httpUtil.py [line:98] INFO >>>response: {'code': 200, 'msg': '成功', 'data': None, 'success': True}
2020-05-27 16:54:09,205 httpUtil.py [line:52] INFO c_response: {'code': 200, 'msg': '成功', 'data': None, 'success': True}
2020-05-27 16:54:09,205 httpUtil.py [line:92] INFO >>>request url https://uat-pms-sso.hopsontong.com:11013/api/selectTenant
2020-05-27 16:54:09,205 httpUtil.py [line:94] INFO >>>params {"accessToken": "", "loginToken": "eyJhbGciOiJIUzI1NiJ9.eyJ1c2VyX2lkIjoiMTg2MDA3NTAwMTMiLCJpYXQiOjE1OTA1Njk2NDksImV4cCI6MTU5MDU3Njg0OSwibmJmIjoxNTkwNTY5NjQ5fQ.mSy7ccFe77zr36_B8U1Zv21Ap08KTS9URRCWi3Ubf9U", "tenantId": 6}
2020-05-27 16:54:09,299 httpUtil.py [line:98] INFO >>>response: {'code': 200, 'msg': '成功', 'data': {'token': 'eyJhbGciOiJIUzI1NiJ9.eyJ1c2VyX2lkIjoiNDgxIiwiaWF0IjoxNTkwNTY5NjQ5LCJleHAiOjE1OTA1NzY4NDksIm5iZiI6MTU5MDU2OTY0OX0.D1CjituVgWVqL4-HGsL8AnFl4Qgp5t3vSb6j4pbXl1E', 'apps': [{'id': 1, 'appName': '合生通运营管理平台', 'appIcon': 'http://kf-pms-cdn.hopsontong.com/1588139980164-13771/cms/hopsontong-logo-258x86.png', 'appUrl': 'https://tcms.hopsontong.com:11013/#/,https://pcms.hopsontong.com:11013/#/,https://kfcms.hopsontong.com:11013/#/,http://localhost:11013/#/,https://kfcms-ljb.hopsontong.com:11013/#/'}, {'id': 0, 'appName': '权限系统', 'appIcon': 'https://kf-pms-cdn.hopsontong.com/1585129410411-10947/cms/permission-system-logo-258x86.png', 'appUrl': 'https://pms-tenant.hopsontong.com/'}]}, 'success': True}
2020-05-27 16:54:09,313 httpUtil.py [line:64] INFO >>>request url is: https://tcms.hopsontong.com:11013/cms/cms/UnifiedAccess/getMarket
2020-05-27 16:54:09,534 httpUtil.py [line:67] INFO >>>header: {'Accept': 'application/json, text/plain, */*', 'Content-Type': 'application/json;charset=UTF-8', 'User-Agent': 'Mozilla/5.0 (X11; Ubuntu; Linux x86_64; rv:22.0) Gecko/20100101 Firefox/22.0', 'Authorization': 'eyJhbGciOiJIUzI1NiJ9.eyJ1c2VyX2lkIjoiNDgxIiwiaWF0IjoxNTkwNTY5NjQ5LCJleHAiOjE1OTA1NzY4NDksIm5iZiI6MTU5MDU2OTY0OX0.D1CjituVgWVqL4-HGsL8AnFl4Qgp5t3vSb6j4pbXl1E'}
2020-05-27 16:54:09,535 httpUtil.py [line:70] INFO >>>response: {'code': 200, 'msg': '成功', 'data': [{'id': None, 'marketName': '合生商业(商管集团)', 'fmapId': None}, {'id': 218, 'marketName': '北京朝阳合生汇', 'fmapId': 'hopsonone-map'}, {'id': 108, 'marketName': '成都温江珠江广场', 'fmapId': 'cd-hsh-zja0'}, {'id': 141, 'marketName': '北京朝阳合生财富广场', 'fmapId': 'null'}, {'id': 164, 'marketName': '北京木樨园合生广场', 'fmapId': 'null'}, {'id': 213, 'marketName': '北京望京合生新天地', 'fmapId': 'null'}, {'id': 10230, 'marketName': '西安时代广场', 'fmapId': 'null'}, {'id': 90000, 'marketName': '虚拟商场', 'fmapId': None}, {'id': 132, 'marketName': '广州海珠合生广场(南区)', 'fmapId': 'null'}, {'id': 145, 'marketName': '广州珠江投资大厦', 'fmapId': None}, {'id': 150, 'marketName': '广州骏景生活天地', 'fmapId': 'null'}, {'id': 155, 'marketName': '深圳龙岗珠江国际中心', 'fmapId': None}, {'id': 170, 'marketName': '广州海珠合生广场(北区)', 'fmapId': None}, {'id': 188, 'marketName': '广州越华珠江国际大厦', 'fmapId': None}, {'id': 194, 'marketName': '广州南方花园生活天地', 'fmapId': 'null'}, {'id': 237, 'marketName': '广州增城合生汇', 'fmapId': 'null'}, {'id': 20229, 'marketName': '广州珠江国际纺织城', 'fmapId': None}, {'id': 110, 'marketName': '上海五角场合生汇', 'fmapId': 'hopsonone-map-wjc'}, {'id': 203, 'marketName': '杭州科华合生国贸中心', 'fmapId': None}, {'id': 234, 'marketName': '上海青浦合生新天地', 'fmapId': 'null'}], 'success': True}
2020-05-27 17:08:11,273 test_01_login.py [line:21] INFO params: {'appFlag': '', 'mobile': '18600750013', 'password': 'qwer1234'}
2020-05-27 17:08:11,288 httpUtil.py [line:92] INFO >>>request url https://uat-pms-sso.hopsontong.com:11013/api/login
2020-05-27 17:08:11,289 httpUtil.py [line:94] INFO >>>params {"appFlag": "", "mobile": "18600750013", "password": "qwer1234"}
2020-05-27 17:08:11,471 httpUtil.py [line:98] INFO >>>response: {'code': 200, 'msg': '成功', 'data': {'token': 'eyJhbGciOiJIUzI1NiJ9.eyJ1c2VyX2lkIjoiMTg2MDA3NTAwMTMiLCJpYXQiOjE1OTA1NzA0OTEsImV4cCI6MTU5MDU3NzY5MSwibmJmIjoxNTkwNTcwNDkxfQ.i-p-Qz40gBwzU_d6X_EB_CWfaJUN411dCDvf2II3ffc', 'applicationToken': None, 'isDirectLogin': False, 'tenants': [{'tenantId': 6, 'tenantName': '合生商业'}, {'tenantId': 32, 'tenantName': '虚拟租户'}], 'apps': None}, 'success': True}
2020-05-27 17:08:11,471 test_01_login.py [line:27] INFO eyJhbGciOiJIUzI1NiJ9.eyJ1c2VyX2lkIjoiMTg2MDA3NTAwMTMiLCJpYXQiOjE1OTA1NzA0OTEsImV4cCI6MTU5MDU3NzY5MSwibmJmIjoxNTkwNTcwNDkxfQ.i-p-Qz40gBwzU_d6X_EB_CWfaJUN411dCDvf2II3ffc
2020-05-27 17:08:11,479 test_01_login.py [line:33] INFO params: {'appFlag': '', 'mobile': '18600750013', 'password': 'e10adc3949ba59abbe56883e'}
2020-05-27 17:08:11,485 httpUtil.py [line:92] INFO >>>request url https://uat-pms-sso.hopsontong.com:11013/api/login
2020-05-27 17:08:11,485 httpUtil.py [line:94] INFO >>>params {"appFlag": "", "mobile": "18600750013", "password": "e10adc3949ba59abbe56883e"}
2020-05-27 17:08:11,581 httpUtil.py [line:98] INFO >>>response: {'code': 400, 'msg': '密码错误', 'data': None, 'success': False}
2020-05-27 17:08:11,588 test_01_login.py [line:40] INFO params: {'appFlag': '', 'mobile': '1860075001', 'password': 'e10adc3949ba59abbe56e057f20f883e'}
2020-05-27 17:08:11,594 httpUtil.py [line:92] INFO >>>request url https://uat-pms-sso.hopsontong.com:11013/api/login
2020-05-27 17:08:11,594 httpUtil.py [line:94] INFO >>>params {"appFlag": "", "mobile": "1860075001", "password": "e10adc3949ba59abbe56e057f20f883e"}
2020-05-27 17:08:11,688 httpUtil.py [line:98] INFO >>>response: {'code': 400, 'msg': '手机号码格式错误', 'data': None, 'success': False}
2020-05-27 17:08:11,694 test_01_login.py [line:47] INFO params: {'appFlag': '', 'mobile': '', 'password': 'e10adc3949ba59abbe56e057f20f883e'}
2020-05-27 17:08:11,700 httpUtil.py [line:92] INFO >>>request url https://uat-pms-sso.hopsontong.com:11013/api/login
2020-05-27 17:08:11,700 httpUtil.py [line:94] INFO >>>params {"appFlag": "", "mobile": "", "password": "e10adc3949ba59abbe56e057f20f883e"}
2020-05-27 17:08:11,786 httpUtil.py [line:98] INFO >>>response: {'code': 400, 'msg': '手机号码格式错误', 'data': None, 'success': False}
2020-05-27 17:08:11,792 test_01_login.py [line:54] INFO params: {'appFlag': '', 'mobile': '18600750013', 'password': ''}
2020-05-27 17:08:11,799 httpUtil.py [line:92] INFO >>>request url https://uat-pms-sso.hopsontong.com:11013/api/login
2020-05-27 17:08:11,799 httpUtil.py [line:94] INFO >>>params {"appFlag": "", "mobile": "18600750013", "password": ""}
2020-05-27 17:08:11,886 httpUtil.py [line:98] INFO >>>response: {'code': 400, 'msg': '密码不能为空', 'data': None, 'success': False}
2020-05-27 17:08:11,894 test_01_login.py [line:62] INFO params: {'appFlag': 2, 'mobile': '18600750013', 'password': 'qwer1234'}
2020-05-27 17:08:11,903 httpUtil.py [line:92] INFO >>>request url https://uat-pms-sso.hopsontong.com:11013/api/login
2020-05-27 17:08:11,903 httpUtil.py [line:94] INFO >>>params {"appFlag": 2, "mobile": "18600750013", "password": "qwer1234"}
2020-05-27 17:08:11,985 httpUtil.py [line:98] INFO >>>response: {'code': 400, 'msg': '应用标识错误,授权登录失败', 'data': None, 'success': False}
2020-05-27 17:08:12,007 httpUtil.py [line:38] INFO params: {'appFlag': '', 'mobile': '18600750013', 'password': 'qwer1234'}
2020-05-27 17:08:12,007 httpUtil.py [line:92] INFO >>>request url https://uat-pms-sso.hopsontong.com:11013/api/login
2020-05-27 17:08:12,007 httpUtil.py [line:94] INFO >>>params {"appFlag": "", "mobile": "18600750013", "password": "qwer1234"}
2020-05-27 17:08:12,102 httpUtil.py [line:98] INFO >>>response: {'code': 200, 'msg': '成功', 'data': {'token': 'eyJhbGciOiJIUzI1NiJ9.eyJ1c2VyX2lkIjoiMTg2MDA3NTAwMTMiLCJpYXQiOjE1OTA1NzA0OTIsImV4cCI6MTU5MDU3NzY5MiwibmJmIjoxNTkwNTcwNDkyfQ.C80KMN7bbokuUHYr-Bj60pL3O2hjtsoFbwMLEFJL44c', 'applicationToken': None, 'isDirectLogin': False, 'tenants': [{'tenantId': 6, 'tenantName': '合生商业'}, {'tenantId': 32, 'tenantName': '虚拟租户'}], 'apps': None}, 'success': True}
2020-05-27 17:08:12,102 httpUtil.py [line:43] INFO eyJhbGciOiJIUzI1NiJ9.eyJ1c2VyX2lkIjoiMTg2MDA3NTAwMTMiLCJpYXQiOjE1OTA1NzA0OTIsImV4cCI6MTU5MDU3NzY5MiwibmJmIjoxNTkwNTcwNDkyfQ.C80KMN7bbokuUHYr-Bj60pL3O2hjtsoFbwMLEFJL44c
2020-05-27 17:08:12,102 httpUtil.py [line:50] INFO c_params: {'token': 'eyJhbGciOiJIUzI1NiJ9.eyJ1c2VyX2lkIjoiMTg2MDA3NTAwMTMiLCJpYXQiOjE1OTA1NzA0OTIsImV4cCI6MTU5MDU3NzY5MiwibmJmIjoxNTkwNTcwNDkyfQ.C80KMN7bbokuUHYr-Bj60pL3O2hjtsoFbwMLEFJL44c', 'appFlag': '', 'applicationToken': ''}
2020-05-27 17:08:12,103 httpUtil.py [line:92] INFO >>>request url https://uat-pms-sso.hopsontong.com:11013/api/checkToken
2020-05-27 17:08:12,103 httpUtil.py [line:94] INFO >>>params {"token": "eyJhbGciOiJIUzI1NiJ9.eyJ1c2VyX2lkIjoiMTg2MDA3NTAwMTMiLCJpYXQiOjE1OTA1NzA0OTIsImV4cCI6MTU5MDU3NzY5MiwibmJmIjoxNTkwNTcwNDkyfQ.C80KMN7bbokuUHYr-Bj60pL3O2hjtsoFbwMLEFJL44c", "appFlag": "", "applicationToken": ""}
2020-05-27 17:08:12,186 httpUtil.py [line:98] INFO >>>response: {'code': 200, 'msg': '成功', 'data': None, 'success': True}
2020-05-27 17:08:12,186 httpUtil.py [line:52] INFO c_response: {'code': 200, 'msg': '成功', 'data': None, 'success': True}
2020-05-27 17:08:12,186 httpUtil.py [line:92] INFO >>>request url https://uat-pms-sso.hopsontong.com:11013/api/selectTenant
2020-05-27 17:08:12,186 httpUtil.py [line:94] INFO >>>params {"accessToken": "", "loginToken": "eyJhbGciOiJIUzI1NiJ9.eyJ1c2VyX2lkIjoiMTg2MDA3NTAwMTMiLCJpYXQiOjE1OTA1NzA0OTIsImV4cCI6MTU5MDU3NzY5MiwibmJmIjoxNTkwNTcwNDkyfQ.C80KMN7bbokuUHYr-Bj60pL3O2hjtsoFbwMLEFJL44c", "tenantId": 6}
2020-05-27 17:08:12,279 httpUtil.py [line:98] INFO >>>response: {'code': 200, 'msg': '成功', 'data': {'token': 'eyJhbGciOiJIUzI1NiJ9.eyJ1c2VyX2lkIjoiNDgxIiwiaWF0IjoxNTkwNTcwNDkyLCJleHAiOjE1OTA1Nzc2OTIsIm5iZiI6MTU5MDU3MDQ5Mn0.yETvrTkiikYHH--0dshlhQv28YMOKajF85bliZDZZ64', 'apps': [{'id': 1, 'appName': '合生通运营管理平台', 'appIcon': 'http://kf-pms-cdn.hopsontong.com/1588139980164-13771/cms/hopsontong-logo-258x86.png', 'appUrl': 'https://tcms.hopsontong.com:11013/#/,https://pcms.hopsontong.com:11013/#/,https://kfcms.hopsontong.com:11013/#/,http://localhost:11013/#/,https://kfcms-ljb.hopsontong.com:11013/#/'}, {'id': 0, 'appName': '权限系统', 'appIcon': 'https://kf-pms-cdn.hopsontong.com/1585129410411-10947/cms/permission-system-logo-258x86.png', 'appUrl': 'https://pms-tenant.hopsontong.com/'}]}, 'success': True}
2020-05-27 17:08:12,295 httpUtil.py [line:64] INFO >>>request url is: https://tcms.hopsontong.com:11013/cms/cms/UnifiedAccess/getMarket
2020-05-27 17:08:12,806 httpUtil.py [line:67] INFO >>>header: {'Accept': 'application/json, text/plain, */*', 'Content-Type': 'application/json;charset=UTF-8', 'User-Agent': 'Mozilla/5.0 (X11; Ubuntu; Linux x86_64; rv:22.0) Gecko/20100101 Firefox/22.0', 'Authorization': 'eyJhbGciOiJIUzI1NiJ9.eyJ1c2VyX2lkIjoiNDgxIiwiaWF0IjoxNTkwNTcwNDkyLCJleHAiOjE1OTA1Nzc2OTIsIm5iZiI6MTU5MDU3MDQ5Mn0.yETvrTkiikYHH--0dshlhQv28YMOKajF85bliZDZZ64'}
2020-05-27 17:08:12,807 httpUtil.py [line:70] INFO >>>response: {'code': 200, 'msg': '成功', 'data': [{'id': None, 'marketName': '合生商业(商管集团)', 'fmapId': None}, {'id': 218, 'marketName': '北京朝阳合生汇', 'fmapId': 'hopsonone-map'}, {'id': 108, 'marketName': '成都温江珠江广场', 'fmapId': 'cd-hsh-zja0'}, {'id': 141, 'marketName': '北京朝阳合生财富广场', 'fmapId': 'null'}, {'id': 164, 'marketName': '北京木樨园合生广场', 'fmapId': 'null'}, {'id': 213, 'marketName': '北京望京合生新天地', 'fmapId': 'null'}, {'id': 10230, 'marketName': '西安时代广场', 'fmapId': 'null'}, {'id': 90000, 'marketName': '虚拟商场', 'fmapId': None}, {'id': 132, 'marketName': '广州海珠合生广场(南区)', 'fmapId': 'null'}, {'id': 145, 'marketName': '广州珠江投资大厦', 'fmapId': None}, {'id': 150, 'marketName': '广州骏景生活天地', 'fmapId': 'null'}, {'id': 155, 'marketName': '深圳龙岗珠江国际中心', 'fmapId': None}, {'id': 170, 'marketName': '广州海珠合生广场(北区)', 'fmapId': None}, {'id': 188, 'marketName': '广州越华珠江国际大厦', 'fmapId': None}, {'id': 194, 'marketName': '广州南方花园生活天地', 'fmapId': 'null'}, {'id': 237, 'marketName': '广州增城合生汇', 'fmapId': 'null'}, {'id': 20229, 'marketName': '广州珠江国际纺织城', 'fmapId': None}, {'id': 110, 'marketName': '上海五角场合生汇', 'fmapId': 'hopsonone-map-wjc'}, {'id': 203, 'marketName': '杭州科华合生国贸中心', 'fmapId': None}, {'id': 234, 'marketName': '上海青浦合生新天地', 'fmapId': 'null'}], 'success': True}
2020-05-27 17:08:50,168 test_01_login.py [line:21] INFO params: {'appFlag': '', 'mobile': '18600750013', 'password': 'qwer1234'}
2020-05-27 17:08:50,179 httpUtil.py [line:92] INFO >>>request url https://uat-pms-sso.hopsontong.com:11013/api/login
2020-05-27 17:08:50,179 httpUtil.py [line:94] INFO >>>params {"appFlag": "", "mobile": "18600750013", "password": "qwer1234"}
2020-05-27 17:08:50,290 httpUtil.py [line:98] INFO >>>response: {'code': 200, 'msg': '成功', 'data': {'token': 'eyJhbGciOiJIUzI1NiJ9.eyJ1c2VyX2lkIjoiMTg2MDA3NTAwMTMiLCJpYXQiOjE1OTA1NzA1MzAsImV4cCI6MTU5MDU3NzczMCwibmJmIjoxNTkwNTcwNTMwfQ.OFvuDcDeY5G15fr9eGtC3OfQBHgnTp6NXL2HV9fjxl0', 'applicationToken': None, 'isDirectLogin': False, 'tenants': [{'tenantId': 6, 'tenantName': '合生商业'}, {'tenantId': 32, 'tenantName': '虚拟租户'}], 'apps': None}, 'success': True}
2020-05-27 17:08:50,290 test_01_login.py [line:27] INFO eyJhbGciOiJIUzI1NiJ9.eyJ1c2VyX2lkIjoiMTg2MDA3NTAwMTMiLCJpYXQiOjE1OTA1NzA1MzAsImV4cCI6MTU5MDU3NzczMCwibmJmIjoxNTkwNTcwNTMwfQ.OFvuDcDeY5G15fr9eGtC3OfQBHgnTp6NXL2HV9fjxl0
2020-05-27 17:08:50,297 test_01_login.py [line:33] INFO params: {'appFlag': '', 'mobile': '18600750013', 'password': 'e10adc3949ba59abbe56883e'}
2020-05-27 17:08:50,303 httpUtil.py [line:92] INFO >>>request url https://uat-pms-sso.hopsontong.com:11013/api/login
2020-05-27 17:08:50,303 httpUtil.py [line:94] INFO >>>params {"appFlag": "", "mobile": "18600750013", "password": "e10adc3949ba59abbe56883e"}
2020-05-27 17:08:50,382 httpUtil.py [line:98] INFO >>>response: {'code': 400, 'msg': '密码错误', 'data': None, 'success': False}
2020-05-27 17:08:50,390 test_01_login.py [line:40] INFO params: {'appFlag': '', 'mobile': '1860075001', 'password': 'e10adc3949ba59abbe56e057f20f883e'}
2020-05-27 17:08:50,395 httpUtil.py [line:92] INFO >>>request url https://uat-pms-sso.hopsontong.com:11013/api/login
2020-05-27 17:08:50,396 httpUtil.py [line:94] INFO >>>params {"appFlag": "", "mobile": "1860075001", "password": "e10adc3949ba59abbe56e057f20f883e"}
2020-05-27 17:08:50,532 httpUtil.py [line:98] INFO >>>response: {'code': 400, 'msg': '手机号码格式错误', 'data': None, 'success': False}
2020-05-27 17:08:50,540 test_01_login.py [line:47] INFO params: {'appFlag': '', 'mobile': '', 'password': 'e10adc3949ba59abbe56e057f20f883e'}
2020-05-27 17:08:50,545 httpUtil.py [line:92] INFO >>>request url https://uat-pms-sso.hopsontong.com:11013/api/login
2020-05-27 17:08:50,546 httpUtil.py [line:94] INFO >>>params {"appFlag": "", "mobile": "", "password": "e10adc3949ba59abbe56e057f20f883e"}
2020-05-27 17:08:50,633 httpUtil.py [line:98] INFO >>>response: {'code': 400, 'msg': '手机号码格式错误', 'data': None, 'success': False}
2020-05-27 17:08:50,641 test_01_login.py [line:54] INFO params: {'appFlag': '', 'mobile': '18600750013', 'password': ''}
2020-05-27 17:08:50,646 httpUtil.py [line:92] INFO >>>request url https://uat-pms-sso.hopsontong.com:11013/api/login
2020-05-27 17:08:50,646 httpUtil.py [line:94] INFO >>>params {"appFlag": "", "mobile": "18600750013", "password": ""}
2020-05-27 17:08:50,719 httpUtil.py [line:98] INFO >>>response: {'code': 400, 'msg': '密码不能为空', 'data': None, 'success': False}
2020-05-27 17:08:50,725 test_01_login.py [line:62] INFO params: {'appFlag': 2, 'mobile': '18600750013', 'password': 'qwer1234'}
2020-05-27 17:08:50,731 httpUtil.py [line:92] INFO >>>request url https://uat-pms-sso.hopsontong.com:11013/api/login
2020-05-27 17:08:50,731 httpUtil.py [line:94] INFO >>>params {"appFlag": 2, "mobile": "18600750013", "password": "qwer1234"}
2020-05-27 17:08:50,820 httpUtil.py [line:98] INFO >>>response: {'code': 400, 'msg': '应用标识错误,授权登录失败', 'data': None, 'success': False}
2020-05-27 17:08:50,847 httpUtil.py [line:38] INFO params: {'appFlag': '', 'mobile': '18600750013', 'password': 'qwer1234'}
2020-05-27 17:08:50,847 httpUtil.py [line:92] INFO >>>request url https://uat-pms-sso.hopsontong.com:11013/api/login
2020-05-27 17:08:50,847 httpUtil.py [line:94] INFO >>>params {"appFlag": "", "mobile": "18600750013", "password": "qwer1234"}
2020-05-27 17:08:50,923 httpUtil.py [line:98] INFO >>>response: {'code': 200, 'msg': '成功', 'data': {'token': 'eyJhbGciOiJIUzI1NiJ9.eyJ1c2VyX2lkIjoiMTg2MDA3NTAwMTMiLCJpYXQiOjE1OTA1NzA1MzAsImV4cCI6MTU5MDU3NzczMCwibmJmIjoxNTkwNTcwNTMwfQ.OFvuDcDeY5G15fr9eGtC3OfQBHgnTp6NXL2HV9fjxl0', 'applicationToken': None, 'isDirectLogin': False, 'tenants': [{'tenantId': 6, 'tenantName': '合生商业'}, {'tenantId': 32, 'tenantName': '虚拟租户'}], 'apps': None}, 'success': True}
2020-05-27 17:08:50,924 httpUtil.py [line:43] INFO eyJhbGciOiJIUzI1NiJ9.eyJ1c2VyX2lkIjoiMTg2MDA3NTAwMTMiLCJpYXQiOjE1OTA1NzA1MzAsImV4cCI6MTU5MDU3NzczMCwibmJmIjoxNTkwNTcwNTMwfQ.OFvuDcDeY5G15fr9eGtC3OfQBHgnTp6NXL2HV9fjxl0
2020-05-27 17:08:50,924 httpUtil.py [line:50] INFO c_params: {'token': 'eyJhbGciOiJIUzI1NiJ9.eyJ1c2VyX2lkIjoiMTg2MDA3NTAwMTMiLCJpYXQiOjE1OTA1NzA1MzAsImV4cCI6MTU5MDU3NzczMCwibmJmIjoxNTkwNTcwNTMwfQ.OFvuDcDeY5G15fr9eGtC3OfQBHgnTp6NXL2HV9fjxl0', 'appFlag': '', 'applicationToken': ''}
2020-05-27 17:08:50,924 httpUtil.py [line:92] INFO >>>request url https://uat-pms-sso.hopsontong.com:11013/api/checkToken
2020-05-27 17:08:50,924 httpUtil.py [line:94] INFO >>>params {"token": "eyJhbGciOiJIUzI1NiJ9.eyJ1c2VyX2lkIjoiMTg2MDA3NTAwMTMiLCJpYXQiOjE1OTA1NzA1MzAsImV4cCI6MTU5MDU3NzczMCwibmJmIjoxNTkwNTcwNTMwfQ.OFvuDcDeY5G15fr9eGtC3OfQBHgnTp6NXL2HV9fjxl0", "appFlag": "", "applicationToken": ""}
2020-05-27 17:08:51,001 httpUtil.py [line:98] INFO >>>response: {'code': 200, 'msg': '成功', 'data': None, 'success': True}
2020-05-27 17:08:51,002 httpUtil.py [line:52] INFO c_response: {'code': 200, 'msg': '成功', 'data': None, 'success': True}
2020-05-27 17:08:51,002 httpUtil.py [line:92] INFO >>>request url https://uat-pms-sso.hopsontong.com:11013/api/selectTenant
2020-05-27 17:08:51,002 httpUtil.py [line:94] INFO >>>params {"accessToken": "", "loginToken": "eyJhbGciOiJIUzI1NiJ9.eyJ1c2VyX2lkIjoiMTg2MDA3NTAwMTMiLCJpYXQiOjE1OTA1NzA1MzAsImV4cCI6MTU5MDU3NzczMCwibmJmIjoxNTkwNTcwNTMwfQ.OFvuDcDeY5G15fr9eGtC3OfQBHgnTp6NXL2HV9fjxl0", "tenantId": 6}
2020-05-27 17:08:51,098 httpUtil.py [line:98] INFO >>>response: {'code': 200, 'msg': '成功', 'data': {'token': 'eyJhbGciOiJIUzI1NiJ9.eyJ1c2VyX2lkIjoiNDgxIiwiaWF0IjoxNTkwNTcwNTMxLCJleHAiOjE1OTA1Nzc3MzAsIm5iZiI6MTU5MDU3MDUzMX0.YnqC9x4_bcGH69Q9ln7tOf0t01TtEw1xNGJHq-2SQ5k', 'apps': [{'id': 1, 'appName': '合生通运营管理平台', 'appIcon': 'http://kf-pms-cdn.hopsontong.com/1588139980164-13771/cms/hopsontong-logo-258x86.png', 'appUrl': 'https://tcms.hopsontong.com:11013/#/,https://pcms.hopsontong.com:11013/#/,https://kfcms.hopsontong.com:11013/#/,http://localhost:11013/#/,https://kfcms-ljb.hopsontong.com:11013/#/'}, {'id': 0, 'appName': '权限系统', 'appIcon': 'https://kf-pms-cdn.hopsontong.com/1585129410411-10947/cms/permission-system-logo-258x86.png', 'appUrl': 'https://pms-tenant.hopsontong.com/'}]}, 'success': True}
2020-05-27 17:08:51,114 httpUtil.py [line:64] INFO >>>request url is: https://tcms.hopsontong.com:11013/cms/cms/UnifiedAccess/getMarket
2020-05-27 17:08:51,357 httpUtil.py [line:67] INFO >>>header: {'Accept': 'application/json, text/plain, */*', 'Content-Type': 'application/json;charset=UTF-8', 'User-Agent': 'Mozilla/5.0 (X11; Ubuntu; Linux x86_64; rv:22.0) Gecko/20100101 Firefox/22.0', 'Authorization': 'eyJhbGciOiJIUzI1NiJ9.eyJ1c2VyX2lkIjoiNDgxIiwiaWF0IjoxNTkwNTcwNTMxLCJleHAiOjE1OTA1Nzc3MzAsIm5iZiI6MTU5MDU3MDUzMX0.YnqC9x4_bcGH69Q9ln7tOf0t01TtEw1xNGJHq-2SQ5k'}
2020-05-27 17:08:51,357 httpUtil.py [line:70] INFO >>>response: {'code': 200, 'msg': '成功', 'data': [{'id': None, 'marketName': '合生商业(商管集团)', 'fmapId': None}, {'id': 218, 'marketName': '北京朝阳合生汇', 'fmapId': 'hopsonone-map'}, {'id': 108, 'marketName': '成都温江珠江广场', 'fmapId': 'cd-hsh-zja0'}, {'id': 141, 'marketName': '北京朝阳合生财富广场', 'fmapId': 'null'}, {'id': 164, 'marketName': '北京木樨园合生广场', 'fmapId': 'null'}, {'id': 213, 'marketName': '北京望京合生新天地', 'fmapId': 'null'}, {'id': 10230, 'marketName': '西安时代广场', 'fmapId': 'null'}, {'id': 90000, 'marketName': '虚拟商场', 'fmapId': None}, {'id': 132, 'marketName': '广州海珠合生广场(南区)', 'fmapId': 'null'}, {'id': 145, 'marketName': '广州珠江投资大厦', 'fmapId': None}, {'id': 150, 'marketName': '广州骏景生活天地', 'fmapId': 'null'}, {'id': 155, 'marketName': '深圳龙岗珠江国际中心', 'fmapId': None}, {'id': 170, 'marketName': '广州海珠合生广场(北区)', 'fmapId': None}, {'id': 188, 'marketName': '广州越华珠江国际大厦', 'fmapId': None}, {'id': 194, 'marketName': '广州南方花园生活天地', 'fmapId': 'null'}, {'id': 237, 'marketName': '广州增城合生汇', 'fmapId': 'null'}, {'id': 20229, 'marketName': '广州珠江国际纺织城', 'fmapId': None}, {'id': 110, 'marketName': '上海五角场合生汇', 'fmapId': 'hopsonone-map-wjc'}, {'id': 203, 'marketName': '杭州科华合生国贸中心', 'fmapId': None}, {'id': 234, 'marketName': '上海青浦合生新天地', 'fmapId': 'null'}], 'success': True}
2020-05-27 17:12:00,186 test_01_login.py [line:21] INFO params: {'appFlag': '', 'mobile': '18600750013', 'password': 'qwer1234'}
2020-05-27 17:12:00,196 httpUtil.py [line:92] INFO >>>request url https://uat-pms-sso.hopsontong.com:11013/api/login
2020-05-27 17:12:00,196 httpUtil.py [line:94] INFO >>>params {"appFlag": "", "mobile": "18600750013", "password": "qwer1234"}
2020-05-27 17:12:00,297 httpUtil.py [line:98] INFO >>>response: {'code': 200, 'msg': '成功', 'data': {'token': 'eyJhbGciOiJIUzI1NiJ9.eyJ1c2VyX2lkIjoiMTg2MDA3NTAwMTMiLCJpYXQiOjE1OTA1NzA3MjAsImV4cCI6MTU5MDU3NzkyMCwibmJmIjoxNTkwNTcwNzIwfQ.l5Fsh2PJ1eHQNreOi2J5T4GtxBYf2toJdkhvDeoOmxs', 'applicationToken': None, 'isDirectLogin': False, 'tenants': [{'tenantId': 6, 'tenantName': '合生商业'}, {'tenantId': 32, 'tenantName': '虚拟租户'}], 'apps': None}, 'success': True}
2020-05-27 17:12:00,297 test_01_login.py [line:27] INFO eyJhbGciOiJIUzI1NiJ9.eyJ1c2VyX2lkIjoiMTg2MDA3NTAwMTMiLCJpYXQiOjE1OTA1NzA3MjAsImV4cCI6MTU5MDU3NzkyMCwibmJmIjoxNTkwNTcwNzIwfQ.l5Fsh2PJ1eHQNreOi2J5T4GtxBYf2toJdkhvDeoOmxs
2020-05-27 17:12:00,306 test_01_login.py [line:33] INFO params: {'appFlag': '', 'mobile': '18600750013', 'password': 'e10adc3949ba59abbe56883e'}
2020-05-27 17:12:00,312 httpUtil.py [line:92] INFO >>>request url https://uat-pms-sso.hopsontong.com:11013/api/login
2020-05-27 17:12:00,312 httpUtil.py [line:94] INFO >>>params {"appFlag": "", "mobile": "18600750013", "password": "e10adc3949ba59abbe56883e"}
2020-05-27 17:12:00,388 httpUtil.py [line:98] INFO >>>response: {'code': 400, 'msg': '密码错误', 'data': None, 'success': False}
2020-05-27 17:12:00,396 test_01_login.py [line:40] INFO params: {'appFlag': '', 'mobile': '1860075001', 'password': 'e10adc3949ba59abbe56e057f20f883e'}
2020-05-27 17:12:00,401 httpUtil.py [line:92] INFO >>>request url https://uat-pms-sso.hopsontong.com:11013/api/login
2020-05-27 17:12:00,401 httpUtil.py [line:94] INFO >>>params {"appFlag": "", "mobile": "1860075001", "password": "e10adc3949ba59abbe56e057f20f883e"}
2020-05-27 17:12:00,470 httpUtil.py [line:98] INFO >>>response: {'code': 400, 'msg': '手机号码格式错误', 'data': None, 'success': False}
2020-05-27 17:12:00,477 test_01_login.py [line:47] INFO params: {'appFlag': '', 'mobile': '', 'password': 'e10adc3949ba59abbe56e057f20f883e'}
2020-05-27 17:12:00,483 httpUtil.py [line:92] INFO >>>request url https://uat-pms-sso.hopsontong.com:11013/api/login
2020-05-27 17:12:00,483 httpUtil.py [line:94] INFO >>>params {"appFlag": "", "mobile": "", "password": "e10adc3949ba59abbe56e057f20f883e"}
2020-05-27 17:12:00,579 httpUtil.py [line:98] INFO >>>response: {'code': 400, 'msg': '手机号码格式错误', 'data': None, 'success': False}
2020-05-27 17:12:00,587 test_01_login.py [line:54] INFO params: {'appFlag': '', 'mobile': '18600750013', 'password': ''}
2020-05-27 17:12:00,593 httpUtil.py [line:92] INFO >>>request url https://uat-pms-sso.hopsontong.com:11013/api/login
2020-05-27 17:12:00,593 httpUtil.py [line:94] INFO >>>params {"appFlag": "", "mobile": "18600750013", "password": ""}
2020-05-27 17:12:00,664 httpUtil.py [line:98] INFO >>>response: {'code': 400, 'msg': '密码不能为空', 'data': None, 'success': False}
2020-05-27 17:12:00,671 test_01_login.py [line:62] INFO params: {'appFlag': 2, 'mobile': '18600750013', 'password': 'qwer1234'}
2020-05-27 17:12:00,677 httpUtil.py [line:92] INFO >>>request url https://uat-pms-sso.hopsontong.com:11013/api/login
2020-05-27 17:12:00,677 httpUtil.py [line:94] INFO >>>params {"appFlag": 2, "mobile": "18600750013", "password": "qwer1234"}
2020-05-27 17:12:00,769 httpUtil.py [line:98] INFO >>>response: {'code': 400, 'msg': '应用标识错误,授权登录失败', 'data': None, 'success': False}
2020-05-27 17:12:00,790 httpUtil.py [line:38] INFO params: {'appFlag': '', 'mobile': '18600750013', 'password': 'qwer1234'}
2020-05-27 17:12:00,790 httpUtil.py [line:92] INFO >>>request url https://uat-pms-sso.hopsontong.com:11013/api/login
2020-05-27 17:12:00,790 httpUtil.py [line:94] INFO >>>params {"appFlag": "", "mobile": "18600750013", "password": "qwer1234"}
2020-05-27 17:12:00,871 httpUtil.py [line:98] INFO >>>response: {'code': 200, 'msg': '成功', 'data': {'token': 'eyJhbGciOiJIUzI1NiJ9.eyJ1c2VyX2lkIjoiMTg2MDA3NTAwMTMiLCJpYXQiOjE1OTA1NzA3MjAsImV4cCI6MTU5MDU3NzkyMCwibmJmIjoxNTkwNTcwNzIwfQ.l5Fsh2PJ1eHQNreOi2J5T4GtxBYf2toJdkhvDeoOmxs', 'applicationToken': None, 'isDirectLogin': False, 'tenants': [{'tenantId': 6, 'tenantName': '合生商业'}, {'tenantId': 32, 'tenantName': '虚拟租户'}], 'apps': None}, 'success': True}
2020-05-27 17:12:00,872 httpUtil.py [line:43] INFO eyJhbGciOiJIUzI1NiJ9.eyJ1c2VyX2lkIjoiMTg2MDA3NTAwMTMiLCJpYXQiOjE1OTA1NzA3MjAsImV4cCI6MTU5MDU3NzkyMCwibmJmIjoxNTkwNTcwNzIwfQ.l5Fsh2PJ1eHQNreOi2J5T4GtxBYf2toJdkhvDeoOmxs
2020-05-27 17:12:00,872 httpUtil.py [line:50] INFO c_params: {'token': 'eyJhbGciOiJIUzI1NiJ9.eyJ1c2VyX2lkIjoiMTg2MDA3NTAwMTMiLCJpYXQiOjE1OTA1NzA3MjAsImV4cCI6MTU5MDU3NzkyMCwibmJmIjoxNTkwNTcwNzIwfQ.l5Fsh2PJ1eHQNreOi2J5T4GtxBYf2toJdkhvDeoOmxs', 'appFlag': '', 'applicationToken': ''}
2020-05-27 17:12:00,872 httpUtil.py [line:92] INFO >>>request url https://uat-pms-sso.hopsontong.com:11013/api/checkToken
2020-05-27 17:12:00,872 httpUtil.py [line:94] INFO >>>params {"token": "eyJhbGciOiJIUzI1NiJ9.eyJ1c2VyX2lkIjoiMTg2MDA3NTAwMTMiLCJpYXQiOjE1OTA1NzA3MjAsImV4cCI6MTU5MDU3NzkyMCwibmJmIjoxNTkwNTcwNzIwfQ.l5Fsh2PJ1eHQNreOi2J5T4GtxBYf2toJdkhvDeoOmxs", "appFlag": "", "applicationToken": ""}
2020-05-27 17:12:00,965 httpUtil.py [line:98] INFO >>>response: {'code': 200, 'msg': '成功', 'data': None, 'success': True}
2020-05-27 17:12:00,966 httpUtil.py [line:52] INFO c_response: {'code': 200, 'msg': '成功', 'data': None, 'success': True}
2020-05-27 17:12:00,966 httpUtil.py [line:92] INFO >>>request url https://uat-pms-sso.hopsontong.com:11013/api/selectTenant
2020-05-27 17:12:00,966 httpUtil.py [line:94] INFO >>>params {"accessToken": "", "loginToken": "eyJhbGciOiJIUzI1NiJ9.eyJ1c2VyX2lkIjoiMTg2MDA3NTAwMTMiLCJpYXQiOjE1OTA1NzA3MjAsImV4cCI6MTU5MDU3NzkyMCwibmJmIjoxNTkwNTcwNzIwfQ.l5Fsh2PJ1eHQNreOi2J5T4GtxBYf2toJdkhvDeoOmxs", "tenantId": 6}
2020-05-27 17:12:01,058 httpUtil.py [line:98] INFO >>>response: {'code': 200, 'msg': '成功', 'data': {'token': 'eyJhbGciOiJIUzI1NiJ9.eyJ1c2VyX2lkIjoiNDgxIiwiaWF0IjoxNTkwNTcwNzIxLCJleHAiOjE1OTA1Nzc5MjAsIm5iZiI6MTU5MDU3MDcyMX0.GlR9J54ivOxw3iso2D2qNvKsox89le2OmQrp1sr1H3E', 'apps': [{'id': 1, 'appName': '合生通运营管理平台', 'appIcon': 'http://kf-pms-cdn.hopsontong.com/1588139980164-13771/cms/hopsontong-logo-258x86.png', 'appUrl': 'https://tcms.hopsontong.com:11013/#/,https://pcms.hopsontong.com:11013/#/,https://kfcms.hopsontong.com:11013/#/,http://localhost:11013/#/,https://kfcms-ljb.hopsontong.com:11013/#/'}, {'id': 0, 'appName': '权限系统', 'appIcon': 'https://kf-pms-cdn.hopsontong.com/1585129410411-10947/cms/permission-system-logo-258x86.png', 'appUrl': 'https://pms-tenant.hopsontong.com/'}]}, 'success': True}
2020-05-27 17:12:01,075 httpUtil.py [line:64] INFO >>>request url is: https://tcms.hopsontong.com:11013/cms/cms/UnifiedAccess/getMarket
2020-05-27 17:12:01,536 httpUtil.py [line:67] INFO >>>header: {'Accept': 'application/json, text/plain, */*', 'Content-Type': 'application/json;charset=UTF-8', 'User-Agent': 'Mozilla/5.0 (X11; Ubuntu; Linux x86_64; rv:22.0) Gecko/20100101 Firefox/22.0', 'Authorization': 'eyJhbGciOiJIUzI1NiJ9.eyJ1c2VyX2lkIjoiNDgxIiwiaWF0IjoxNTkwNTcwNzIxLCJleHAiOjE1OTA1Nzc5MjAsIm5iZiI6MTU5MDU3MDcyMX0.GlR9J54ivOxw3iso2D2qNvKsox89le2OmQrp1sr1H3E'}
2020-05-27 17:12:01,537 httpUtil.py [line:70] INFO >>>response: {'code': 200, 'msg': '成功', 'data': [{'id': None, 'marketName': '合生商业(商管集团)', 'fmapId': None}, {'id': 218, 'marketName': '北京朝阳合生汇', 'fmapId': 'hopsonone-map'}, {'id': 108, 'marketName': '成都温江珠江广场', 'fmapId': 'cd-hsh-zja0'}, {'id': 141, 'marketName': '北京朝阳合生财富广场', 'fmapId': 'null'}, {'id': 164, 'marketName': '北京木樨园合生广场', 'fmapId': 'null'}, {'id': 213, 'marketName': '北京望京合生新天地', 'fmapId': 'null'}, {'id': 10230, 'marketName': '西安时代广场', 'fmapId': 'null'}, {'id': 90000, 'marketName': '虚拟商场', 'fmapId': None}, {'id': 132, 'marketName': '广州海珠合生广场(南区)', 'fmapId': 'null'}, {'id': 145, 'marketName': '广州珠江投资大厦', 'fmapId': None}, {'id': 150, 'marketName': '广州骏景生活天地', 'fmapId': 'null'}, {'id': 155, 'marketName': '深圳龙岗珠江国际中心', 'fmapId': None}, {'id': 170, 'marketName': '广州海珠合生广场(北区)', 'fmapId': None}, {'id': 188, 'marketName': '广州越华珠江国际大厦', 'fmapId': None}, {'id': 194, 'marketName': '广州南方花园生活天地', 'fmapId': 'null'}, {'id': 237, 'marketName': '广州增城合生汇', 'fmapId': 'null'}, {'id': 20229, 'marketName': '广州珠江国际纺织城', 'fmapId': None}, {'id': 110, 'marketName': '上海五角场合生汇', 'fmapId': 'hopsonone-map-wjc'}, {'id': 203, 'marketName': '杭州科华合生国贸中心', 'fmapId': None}, {'id': 234, 'marketName': '上海青浦合生新天地', 'fmapId': 'null'}], 'success': True}
2020-05-27 17:14:38,946 test_01_login.py [line:21] INFO params: {'appFlag': '', 'mobile': '18600750013', 'password': 'qwer1234'}
2020-05-27 17:14:38,956 httpUtil.py [line:92] INFO >>>request url https://uat-pms-sso.hopsontong.com:11013/api/login
2020-05-27 17:14:38,957 httpUtil.py [line:94] INFO >>>params {"appFlag": "", "mobile": "18600750013", "password": "qwer1234"}
2020-05-27 17:14:39,062 httpUtil.py [line:98] INFO >>>response: {'code': 200, 'msg': '成功', 'data': {'token': 'eyJhbGciOiJIUzI1NiJ9.eyJ1c2VyX2lkIjoiMTg2MDA3NTAwMTMiLCJpYXQiOjE1OTA1NzA4NzksImV4cCI6MTU5MDU3ODA3OSwibmJmIjoxNTkwNTcwODc5fQ.HGr6In-IAYatedp1GF0yfv7wl_cXleRgdHD91Y_lc64', 'applicationToken': None, 'isDirectLogin': False, 'tenants': [{'tenantId': 6, 'tenantName': '合生商业'}, {'tenantId': 32, 'tenantName': '虚拟租户'}], 'apps': None}, 'success': True}
2020-05-27 17:14:39,062 test_01_login.py [line:27] INFO eyJhbGciOiJIUzI1NiJ9.eyJ1c2VyX2lkIjoiMTg2MDA3NTAwMTMiLCJpYXQiOjE1OTA1NzA4NzksImV4cCI6MTU5MDU3ODA3OSwibmJmIjoxNTkwNTcwODc5fQ.HGr6In-IAYatedp1GF0yfv7wl_cXleRgdHD91Y_lc64
2020-05-27 17:14:39,070 test_01_login.py [line:33] INFO params: {'appFlag': '', 'mobile': '18600750013', 'password': 'e10adc3949ba59abbe56883e'}
2020-05-27 17:14:39,076 httpUtil.py [line:92] INFO >>>request url https://uat-pms-sso.hopsontong.com:11013/api/login
2020-05-27 17:14:39,076 httpUtil.py [line:94] INFO >>>params {"appFlag": "", "mobile": "18600750013", "password": "e10adc3949ba59abbe56883e"}
2020-05-27 17:14:39,175 httpUtil.py [line:98] INFO >>>response: {'code': 400, 'msg': '密码错误', 'data': None, 'success': False}
2020-05-27 17:14:39,183 test_01_login.py [line:40] INFO params: {'appFlag': '', 'mobile': '1860075001', 'password': 'e10adc3949ba59abbe56e057f20f883e'}
2020-05-27 17:14:39,189 httpUtil.py [line:92] INFO >>>request url https://uat-pms-sso.hopsontong.com:11013/api/login
2020-05-27 17:14:39,189 httpUtil.py [line:94] INFO >>>params {"appFlag": "", "mobile": "1860075001", "password": "e10adc3949ba59abbe56e057f20f883e"}
2020-05-27 17:14:39,282 httpUtil.py [line:98] INFO >>>response: {'code': 400, 'msg': '手机号码格式错误', 'data': None, 'success': False}
2020-05-27 17:14:39,289 test_01_login.py [line:47] INFO params: {'appFlag': '', 'mobile': '', 'password': 'e10adc3949ba59abbe56e057f20f883e'}
2020-05-27 17:14:39,294 httpUtil.py [line:92] INFO >>>request url https://uat-pms-sso.hopsontong.com:11013/api/login
2020-05-27 17:14:39,294 httpUtil.py [line:94] INFO >>>params {"appFlag": "", "mobile": "", "password": "e10adc3949ba59abbe56e057f20f883e"}
2020-05-27 17:14:39,380 httpUtil.py [line:98] INFO >>>response: {'code': 400, 'msg': '手机号码格式错误', 'data': None, 'success': False}
2020-05-27 17:14:39,388 test_01_login.py [line:54] INFO params: {'appFlag': '', 'mobile': '18600750013', 'password': ''}
2020-05-27 17:14:39,394 httpUtil.py [line:92] INFO >>>request url https://uat-pms-sso.hopsontong.com:11013/api/login
2020-05-27 17:14:39,394 httpUtil.py [line:94] INFO >>>params {"appFlag": "", "mobile": "18600750013", "password": ""}
2020-05-27 17:14:39,484 httpUtil.py [line:98] INFO >>>response: {'code': 400, 'msg': '密码不能为空', 'data': None, 'success': False}
2020-05-27 17:14:39,493 test_01_login.py [line:62] INFO params: {'appFlag': 2, 'mobile': '18600750013', 'password': 'qwer1234'}
2020-05-27 17:14:39,504 httpUtil.py [line:92] INFO >>>request url https://uat-pms-sso.hopsontong.com:11013/api/login
2020-05-27 17:14:39,504 httpUtil.py [line:94] INFO >>>params {"appFlag": 2, "mobile": "18600750013", "password": "qwer1234"}
2020-05-27 17:14:39,601 httpUtil.py [line:98] INFO >>>response: {'code': 400, 'msg': '应用标识错误,授权登录失败', 'data': None, 'success': False}
2020-05-27 17:14:39,619 httpUtil.py [line:38] INFO params: {'appFlag': '', 'mobile': '18600750013', 'password': 'qwer1234'}
2020-05-27 17:14:39,619 httpUtil.py [line:92] INFO >>>request url https://uat-pms-sso.hopsontong.com:11013/api/login
2020-05-27 17:14:39,619 httpUtil.py [line:94] INFO >>>params {"appFlag": "", "mobile": "18600750013", "password": "qwer1234"}
2020-05-27 17:14:39,735 httpUtil.py [line:98] INFO >>>response: {'code': 200, 'msg': '成功', 'data': {'token': 'eyJhbGciOiJIUzI1NiJ9.eyJ1c2VyX2lkIjoiMTg2MDA3NTAwMTMiLCJpYXQiOjE1OTA1NzA4NzksImV4cCI6MTU5MDU3ODA3OSwibmJmIjoxNTkwNTcwODc5fQ.HGr6In-IAYatedp1GF0yfv7wl_cXleRgdHD91Y_lc64', 'applicationToken': None, 'isDirectLogin': False, 'tenants': [{'tenantId': 6, 'tenantName': '合生商业'}, {'tenantId': 32, 'tenantName': '虚拟租户'}], 'apps': None}, 'success': True}
2020-05-27 17:14:39,736 httpUtil.py [line:43] INFO eyJhbGciOiJIUzI1NiJ9.eyJ1c2VyX2lkIjoiMTg2MDA3NTAwMTMiLCJpYXQiOjE1OTA1NzA4NzksImV4cCI6MTU5MDU3ODA3OSwibmJmIjoxNTkwNTcwODc5fQ.HGr6In-IAYatedp1GF0yfv7wl_cXleRgdHD91Y_lc64
2020-05-27 17:14:39,736 httpUtil.py [line:50] INFO c_params: {'token': 'eyJhbGciOiJIUzI1NiJ9.eyJ1c2VyX2lkIjoiMTg2MDA3NTAwMTMiLCJpYXQiOjE1OTA1NzA4NzksImV4cCI6MTU5MDU3ODA3OSwibmJmIjoxNTkwNTcwODc5fQ.HGr6In-IAYatedp1GF0yfv7wl_cXleRgdHD91Y_lc64', 'appFlag': '', 'applicationToken': ''}
2020-05-27 17:14:39,736 httpUtil.py [line:92] INFO >>>request url https://uat-pms-sso.hopsontong.com:11013/api/checkToken
2020-05-27 17:14:39,736 httpUtil.py [line:94] INFO >>>params {"token": "eyJhbGciOiJIUzI1NiJ9.eyJ1c2VyX2lkIjoiMTg2MDA3NTAwMTMiLCJpYXQiOjE1OTA1NzA4NzksImV4cCI6MTU5MDU3ODA3OSwibmJmIjoxNTkwNTcwODc5fQ.HGr6In-IAYatedp1GF0yfv7wl_cXleRgdHD91Y_lc64", "appFlag": "", "applicationToken": ""}
2020-05-27 17:14:39,811 httpUtil.py [line:98] INFO >>>response: {'code': 200, 'msg': '成功', 'data': None, 'success': True}
2020-05-27 17:14:39,811 httpUtil.py [line:52] INFO c_response: {'code': 200, 'msg': '成功', 'data': None, 'success': True}
2020-05-27 17:14:39,811 httpUtil.py [line:92] INFO >>>request url https://uat-pms-sso.hopsontong.com:11013/api/selectTenant
2020-05-27 17:14:39,811 httpUtil.py [line:94] INFO >>>params {"accessToken": "", "loginToken": "eyJhbGciOiJIUzI1NiJ9.eyJ1c2VyX2lkIjoiMTg2MDA3NTAwMTMiLCJpYXQiOjE1OTA1NzA4NzksImV4cCI6MTU5MDU3ODA3OSwibmJmIjoxNTkwNTcwODc5fQ.HGr6In-IAYatedp1GF0yfv7wl_cXleRgdHD91Y_lc64", "tenantId": 6}
2020-05-27 17:14:39,923 httpUtil.py [line:98] INFO >>>response: {'code': 200, 'msg': '成功', 'data': {'token': 'eyJhbGciOiJIUzI1NiJ9.eyJ1c2VyX2lkIjoiNDgxIiwiaWF0IjoxNTkwNTcwODc5LCJleHAiOjE1OTA1NzgwNzksIm5iZiI6MTU5MDU3MDg3OX0._Wo8wJE4wcDPHoViYGP-SM88vaJGsl2j2HM2NdovAXI', 'apps': [{'id': 1, 'appName': '合生通运营管理平台', 'appIcon': 'http://kf-pms-cdn.hopsontong.com/1588139980164-13771/cms/hopsontong-logo-258x86.png', 'appUrl': 'https://tcms.hopsontong.com:11013/#/,https://pcms.hopsontong.com:11013/#/,https://kfcms.hopsontong.com:11013/#/,http://localhost:11013/#/,https://kfcms-ljb.hopsontong.com:11013/#/'}, {'id': 0, 'appName': '权限系统', 'appIcon': 'https://kf-pms-cdn.hopsontong.com/1585129410411-10947/cms/permission-system-logo-258x86.png', 'appUrl': 'https://pms-tenant.hopsontong.com/'}]}, 'success': True}
2020-05-27 17:14:39,940 httpUtil.py [line:64] INFO >>>request url is: https://tcms.hopsontong.com:11013/cms/cms/UnifiedAccess/getMarket
2020-05-27 17:14:40,200 httpUtil.py [line:67] INFO >>>header: {'Accept': 'application/json, text/plain, */*', 'Content-Type': 'application/json;charset=UTF-8', 'User-Agent': 'Mozilla/5.0 (X11; Ubuntu; Linux x86_64; rv:22.0) Gecko/20100101 Firefox/22.0', 'Authorization': 'eyJhbGciOiJIUzI1NiJ9.eyJ1c2VyX2lkIjoiNDgxIiwiaWF0IjoxNTkwNTcwODc5LCJleHAiOjE1OTA1NzgwNzksIm5iZiI6MTU5MDU3MDg3OX0._Wo8wJE4wcDPHoViYGP-SM88vaJGsl2j2HM2NdovAXI'}
2020-05-27 17:14:40,201 httpUtil.py [line:70] INFO >>>response: {'code': 200, 'msg': '成功', 'data': [{'id': None, 'marketName': '合生商业(商管集团)', 'fmapId': None}, {'id': 218, 'marketName': '北京朝阳合生汇', 'fmapId': 'hopsonone-map'}, {'id': 108, 'marketName': '成都温江珠江广场', 'fmapId': 'cd-hsh-zja0'}, {'id': 141, 'marketName': '北京朝阳合生财富广场', 'fmapId': 'null'}, {'id': 164, 'marketName': '北京木樨园合生广场', 'fmapId': 'null'}, {'id': 213, 'marketName': '北京望京合生新天地', 'fmapId': 'null'}, {'id': 10230, 'marketName': '西安时代广场', 'fmapId': 'null'}, {'id': 90000, 'marketName': '虚拟商场', 'fmapId': None}, {'id': 132, 'marketName': '广州海珠合生广场(南区)', 'fmapId': 'null'}, {'id': 145, 'marketName': '广州珠江投资大厦', 'fmapId': None}, {'id': 150, 'marketName': '广州骏景生活天地', 'fmapId': 'null'}, {'id': 155, 'marketName': '深圳龙岗珠江国际中心', 'fmapId': None}, {'id': 170, 'marketName': '广州海珠合生广场(北区)', 'fmapId': None}, {'id': 188, 'marketName': '广州越华珠江国际大厦', 'fmapId': None}, {'id': 194, 'marketName': '广州南方花园生活天地', 'fmapId': 'null'}, {'id': 237, 'marketName': '广州增城合生汇', 'fmapId': 'null'}, {'id': 20229, 'marketName': '广州珠江国际纺织城', 'fmapId': None}, {'id': 110, 'marketName': '上海五角场合生汇', 'fmapId': 'hopsonone-map-wjc'}, {'id': 203, 'marketName': '杭州科华合生国贸中心', 'fmapId': None}, {'id': 234, 'marketName': '上海青浦合生新天地', 'fmapId': 'null'}], 'success': True}
2020-05-27 17:24:32,377 test_01_login.py [line:21] INFO params: {'appFlag': '', 'mobile': '18600750013', 'password': 'qwer1234'}
2020-05-27 17:24:32,388 httpUtil.py [line:92] INFO >>>request url https://uat-pms-sso.hopsontong.com:11013/api/login
2020-05-27 17:24:32,388 httpUtil.py [line:94] INFO >>>params {"appFlag": "", "mobile": "18600750013", "password": "qwer1234"}
2020-05-27 17:24:32,679 httpUtil.py [line:98] INFO >>>response: {'code': 200, 'msg': '成功', 'data': {'token': 'eyJhbGciOiJIUzI1NiJ9.eyJ1c2VyX2lkIjoiMTg2MDA3NTAwMTMiLCJpYXQiOjE1OTA1NzE0NzIsImV4cCI6MTU5MDU3ODY3MiwibmJmIjoxNTkwNTcxNDcyfQ.X-yMU5zmDV8aNmvn1mFWyHgToZRryj1dzgVhICtVoUA', 'applicationToken': None, 'isDirectLogin': False, 'tenants': [{'tenantId': 6, 'tenantName': '合生商业'}, {'tenantId': 32, 'tenantName': '虚拟租户'}], 'apps': None}, 'success': True}
2020-05-27 17:24:32,680 test_01_login.py [line:27] INFO eyJhbGciOiJIUzI1NiJ9.eyJ1c2VyX2lkIjoiMTg2MDA3NTAwMTMiLCJpYXQiOjE1OTA1NzE0NzIsImV4cCI6MTU5MDU3ODY3MiwibmJmIjoxNTkwNTcxNDcyfQ.X-yMU5zmDV8aNmvn1mFWyHgToZRryj1dzgVhICtVoUA
2020-05-27 17:24:32,687 test_01_login.py [line:33] INFO params: {'appFlag': '', 'mobile': '18600750013', 'password': 'e10adc3949ba59abbe56883e'}
2020-05-27 17:24:32,693 httpUtil.py [line:92] INFO >>>request url https://uat-pms-sso.hopsontong.com:11013/api/login
2020-05-27 17:24:32,693 httpUtil.py [line:94] INFO >>>params {"appFlag": "", "mobile": "18600750013", "password": "e10adc3949ba59abbe56883e"}
2020-05-27 17:24:32,774 httpUtil.py [line:98] INFO >>>response: {'code': 400, 'msg': '密码错误', 'data': None, 'success': False}
2020-05-27 17:24:32,782 test_01_login.py [line:40] INFO params: {'appFlag': '', 'mobile': '1860075001', 'password': 'e10adc3949ba59abbe56e057f20f883e'}
2020-05-27 17:24:32,787 httpUtil.py [line:92] INFO >>>request url https://uat-pms-sso.hopsontong.com:11013/api/login
2020-05-27 17:24:32,787 httpUtil.py [line:94] INFO >>>params {"appFlag": "", "mobile": "1860075001", "password": "e10adc3949ba59abbe56e057f20f883e"}
2020-05-27 17:24:32,861 httpUtil.py [line:98] INFO >>>response: {'code': 400, 'msg': '手机号码格式错误', 'data': None, 'success': False}
2020-05-27 17:24:32,868 test_01_login.py [line:47] INFO params: {'appFlag': '', 'mobile': '', 'password': 'e10adc3949ba59abbe56e057f20f883e'}
2020-05-27 17:24:32,874 httpUtil.py [line:92] INFO >>>request url https://uat-pms-sso.hopsontong.com:11013/api/login
2020-05-27 17:24:32,874 httpUtil.py [line:94] INFO >>>params {"appFlag": "", "mobile": "", "password": "e10adc3949ba59abbe56e057f20f883e"}
2020-05-27 17:24:32,962 httpUtil.py [line:98] INFO >>>response: {'code': 400, 'msg': '手机号码格式错误', 'data': None, 'success': False}
2020-05-27 17:24:32,969 test_01_login.py [line:54] INFO params: {'appFlag': '', 'mobile': '18600750013', 'password': ''}
2020-05-27 17:24:32,975 httpUtil.py [line:92] INFO >>>request url https://uat-pms-sso.hopsontong.com:11013/api/login
2020-05-27 17:24:32,975 httpUtil.py [line:94] INFO >>>params {"appFlag": "", "mobile": "18600750013", "password": ""}
2020-05-27 17:24:33,052 httpUtil.py [line:98] INFO >>>response: {'code': 400, 'msg': '密码不能为空', 'data': None, 'success': False}
2020-05-27 17:24:33,060 test_01_login.py [line:62] INFO params: {'appFlag': 2, 'mobile': '18600750013', 'password': 'qwer1234'}
2020-05-27 17:24:33,066 httpUtil.py [line:92] INFO >>>request url https://uat-pms-sso.hopsontong.com:11013/api/login
2020-05-27 17:24:33,066 httpUtil.py [line:94] INFO >>>params {"appFlag": 2, "mobile": "18600750013", "password": "qwer1234"}
2020-05-27 17:24:33,174 httpUtil.py [line:98] INFO >>>response: {'code': 400, 'msg': '应用标识错误,授权登录失败', 'data': None, 'success': False}
2020-05-27 17:24:33,201 httpUtil.py [line:38] INFO params: {'appFlag': '', 'mobile': '18600750013', 'password': 'qwer1234'}
2020-05-27 17:24:33,201 httpUtil.py [line:92] INFO >>>request url https://uat-pms-sso.hopsontong.com:11013/api/login
2020-05-27 17:24:33,201 httpUtil.py [line:94] INFO >>>params {"appFlag": "", "mobile": "18600750013", "password": "qwer1234"}
2020-05-27 17:24:33,307 httpUtil.py [line:98] INFO >>>response: {'code': 200, 'msg': '成功', 'data': {'token': 'eyJhbGciOiJIUzI1NiJ9.eyJ1c2VyX2lkIjoiMTg2MDA3NTAwMTMiLCJpYXQiOjE1OTA1NzE0NzMsImV4cCI6MTU5MDU3ODY3MywibmJmIjoxNTkwNTcxNDczfQ.sMaPgxofNM32dH3DTrvmRuZjtJdqiiQORFlZY3XbLLs', 'applicationToken': None, 'isDirectLogin': False, 'tenants': [{'tenantId': 6, 'tenantName': '合生商业'}, {'tenantId': 32, 'tenantName': '虚拟租户'}], 'apps': None}, 'success': True}
2020-05-27 17:24:33,307 httpUtil.py [line:43] INFO eyJhbGciOiJIUzI1NiJ9.eyJ1c2VyX2lkIjoiMTg2MDA3NTAwMTMiLCJpYXQiOjE1OTA1NzE0NzMsImV4cCI6MTU5MDU3ODY3MywibmJmIjoxNTkwNTcxNDczfQ.sMaPgxofNM32dH3DTrvmRuZjtJdqiiQORFlZY3XbLLs
2020-05-27 17:24:33,307 httpUtil.py [line:50] INFO c_params: {'token': 'eyJhbGciOiJIUzI1NiJ9.eyJ1c2VyX2lkIjoiMTg2MDA3NTAwMTMiLCJpYXQiOjE1OTA1NzE0NzMsImV4cCI6MTU5MDU3ODY3MywibmJmIjoxNTkwNTcxNDczfQ.sMaPgxofNM32dH3DTrvmRuZjtJdqiiQORFlZY3XbLLs', 'appFlag': '', 'applicationToken': ''}
2020-05-27 17:24:33,307 httpUtil.py [line:92] INFO >>>request url https://uat-pms-sso.hopsontong.com:11013/api/checkToken
2020-05-27 17:24:33,308 httpUtil.py [line:94] INFO >>>params {"token": "eyJhbGciOiJIUzI1NiJ9.eyJ1c2VyX2lkIjoiMTg2MDA3NTAwMTMiLCJpYXQiOjE1OTA1NzE0NzMsImV4cCI6MTU5MDU3ODY3MywibmJmIjoxNTkwNTcxNDczfQ.sMaPgxofNM32dH3DTrvmRuZjtJdqiiQORFlZY3XbLLs", "appFlag": "", "applicationToken": ""}
2020-05-27 17:24:33,387 httpUtil.py [line:98] INFO >>>response: {'code': 200, 'msg': '成功', 'data': None, 'success': True}
2020-05-27 17:24:33,387 httpUtil.py [line:52] INFO c_response: {'code': 200, 'msg': '成功', 'data': None, 'success': True}
2020-05-27 17:24:33,387 httpUtil.py [line:92] INFO >>>request url https://uat-pms-sso.hopsontong.com:11013/api/selectTenant
2020-05-27 17:24:33,388 httpUtil.py [line:94] INFO >>>params {"accessToken": "", "loginToken": "eyJhbGciOiJIUzI1NiJ9.eyJ1c2VyX2lkIjoiMTg2MDA3NTAwMTMiLCJpYXQiOjE1OTA1NzE0NzMsImV4cCI6MTU5MDU3ODY3MywibmJmIjoxNTkwNTcxNDczfQ.sMaPgxofNM32dH3DTrvmRuZjtJdqiiQORFlZY3XbLLs", "tenantId": 6}
2020-05-27 17:24:33,483 httpUtil.py [line:98] INFO >>>response: {'code': 200, 'msg': '成功', 'data': {'token': 'eyJhbGciOiJIUzI1NiJ9.eyJ1c2VyX2lkIjoiNDgxIiwiaWF0IjoxNTkwNTcxNDczLCJleHAiOjE1OTA1Nzg2NzMsIm5iZiI6MTU5MDU3MTQ3M30.LC0BRQITWsHBG01ZlgYitsv4K5LMY33Ju2pHnITRJfI', 'apps': [{'id': 1, 'appName': '合生通运营管理平台', 'appIcon': 'http://kf-pms-cdn.hopsontong.com/1588139980164-13771/cms/hopsontong-logo-258x86.png', 'appUrl': 'https://tcms.hopsontong.com:11013/#/,https://pcms.hopsontong.com:11013/#/,https://kfcms.hopsontong.com:11013/#/,http://localhost:11013/#/,https://kfcms-ljb.hopsontong.com:11013/#/'}, {'id': 0, 'appName': '权限系统', 'appIcon': 'https://kf-pms-cdn.hopsontong.com/1585129410411-10947/cms/permission-system-logo-258x86.png', 'appUrl': 'https://pms-tenant.hopsontong.com/'}]}, 'success': True}
2020-05-27 17:24:33,498 httpUtil.py [line:64] INFO >>>request url is: https://tcms.hopsontong.com:11013/cms/cms/UnifiedAccess/getMarket
2020-05-27 17:24:33,704 httpUtil.py [line:67] INFO >>>header: {'Accept': 'application/json, text/plain, */*', 'Content-Type': 'application/json;charset=UTF-8', 'User-Agent': 'Mozilla/5.0 (X11; Ubuntu; Linux x86_64; rv:22.0) Gecko/20100101 Firefox/22.0', 'Authorization': 'eyJhbGciOiJIUzI1NiJ9.eyJ1c2VyX2lkIjoiNDgxIiwiaWF0IjoxNTkwNTcxNDczLCJleHAiOjE1OTA1Nzg2NzMsIm5iZiI6MTU5MDU3MTQ3M30.LC0BRQITWsHBG01ZlgYitsv4K5LMY33Ju2pHnITRJfI'}
2020-05-27 17:24:33,704 httpUtil.py [line:70] INFO >>>response: {'code': 200, 'msg': '成功', 'data': [{'id': None, 'marketName': '合生商业(商管集团)', 'fmapId': None}, {'id': 218, 'marketName': '北京朝阳合生汇', 'fmapId': 'hopsonone-map'}, {'id': 108, 'marketName': '成都温江珠江广场', 'fmapId': 'cd-hsh-zja0'}, {'id': 141, 'marketName': '北京朝阳合生财富广场', 'fmapId': 'null'}, {'id': 164, 'marketName': '北京木樨园合生广场', 'fmapId': 'null'}, {'id': 213, 'marketName': '北京望京合生新天地', 'fmapId': 'null'}, {'id': 10230, 'marketName': '西安时代广场', 'fmapId': 'null'}, {'id': 90000, 'marketName': '虚拟商场', 'fmapId': None}, {'id': 132, 'marketName': '广州海珠合生广场(南区)', 'fmapId': 'null'}, {'id': 145, 'marketName': '广州珠江投资大厦', 'fmapId': None}, {'id': 150, 'marketName': '广州骏景生活天地', 'fmapId': 'null'}, {'id': 155, 'marketName': '深圳龙岗珠江国际中心', 'fmapId': None}, {'id': 170, 'marketName': '广州海珠合生广场(北区)', 'fmapId': None}, {'id': 188, 'marketName': '广州越华珠江国际大厦', 'fmapId': None}, {'id': 194, 'marketName': '广州南方花园生活天地', 'fmapId': 'null'}, {'id': 237, 'marketName': '广州增城合生汇', 'fmapId': 'null'}, {'id': 20229, 'marketName': '广州珠江国际纺织城', 'fmapId': None}, {'id': 110, 'marketName': '上海五角场合生汇', 'fmapId': 'hopsonone-map-wjc'}, {'id': 203, 'marketName': '杭州科华合生国贸中心', 'fmapId': None}, {'id': 234, 'marketName': '上海青浦合生新天地', 'fmapId': 'null'}], 'success': True}
2020-05-27 17:27:01,796 test_01_login.py [line:21] INFO params: {'appFlag': '', 'mobile': '18600750013', 'password': 'qwer1234'}
2020-05-27 17:27:01,808 httpUtil.py [line:92] INFO >>>request url https://uat-pms-sso.hopsontong.com:11013/api/login
2020-05-27 17:27:01,808 httpUtil.py [line:94] INFO >>>params {"appFlag": "", "mobile": "18600750013", "password": "qwer1234"}
2020-05-27 17:27:01,931 httpUtil.py [line:98] INFO >>>response: {'code': 200, 'msg': '成功', 'data': {'token': 'eyJhbGciOiJIUzI1NiJ9.eyJ1c2VyX2lkIjoiMTg2MDA3NTAwMTMiLCJpYXQiOjE1OTA1NzE2MjEsImV4cCI6MTU5MDU3ODgyMSwibmJmIjoxNTkwNTcxNjIxfQ.TkFMI3IDuhqCwuVFQ1CXnShNh1Qdy7FsMl5JFJj1mCw', 'applicationToken': None, 'isDirectLogin': False, 'tenants': [{'tenantId': 6, 'tenantName': '合生商业'}, {'tenantId': 32, 'tenantName': '虚拟租户'}], 'apps': None}, 'success': True}
2020-05-27 17:27:01,932 test_01_login.py [line:27] INFO eyJhbGciOiJIUzI1NiJ9.eyJ1c2VyX2lkIjoiMTg2MDA3NTAwMTMiLCJpYXQiOjE1OTA1NzE2MjEsImV4cCI6MTU5MDU3ODgyMSwibmJmIjoxNTkwNTcxNjIxfQ.TkFMI3IDuhqCwuVFQ1CXnShNh1Qdy7FsMl5JFJj1mCw
2020-05-27 17:27:01,940 test_01_login.py [line:33] INFO params: {'appFlag': '', 'mobile': '18600750013', 'password': 'e10adc3949ba59abbe56883e'}
2020-05-27 17:27:01,948 httpUtil.py [line:92] INFO >>>request url https://uat-pms-sso.hopsontong.com:11013/api/login
2020-05-27 17:27:01,948 httpUtil.py [line:94] INFO >>>params {"appFlag": "", "mobile": "18600750013", "password": "e10adc3949ba59abbe56883e"}
2020-05-27 17:27:02,054 httpUtil.py [line:98] INFO >>>response: {'code': 400, 'msg': '密码错误', 'data': None, 'success': False}
2020-05-27 17:27:02,062 test_01_login.py [line:40] INFO params: {'appFlag': '', 'mobile': '1860075001', 'password': 'e10adc3949ba59abbe56e057f20f883e'}
2020-05-27 17:27:02,068 httpUtil.py [line:92] INFO >>>request url https://uat-pms-sso.hopsontong.com:11013/api/login
2020-05-27 17:27:02,068 httpUtil.py [line:94] INFO >>>params {"appFlag": "", "mobile": "1860075001", "password": "e10adc3949ba59abbe56e057f20f883e"}
2020-05-27 17:27:02,166 httpUtil.py [line:98] INFO >>>response: {'code': 400, 'msg': '手机号码格式错误', 'data': None, 'success': False}
2020-05-27 17:27:02,174 test_01_login.py [line:47] INFO params: {'appFlag': '', 'mobile': '', 'password': 'e10adc3949ba59abbe56e057f20f883e'}
2020-05-27 17:27:02,179 httpUtil.py [line:92] INFO >>>request url https://uat-pms-sso.hopsontong.com:11013/api/login
2020-05-27 17:27:02,179 httpUtil.py [line:94] INFO >>>params {"appFlag": "", "mobile": "", "password": "e10adc3949ba59abbe56e057f20f883e"}
2020-05-27 17:27:02,279 httpUtil.py [line:98] INFO >>>response: {'code': 400, 'msg': '手机号码格式错误', 'data': None, 'success': False}
2020-05-27 17:27:02,287 test_01_login.py [line:54] INFO params: {'appFlag': '', 'mobile': '18600750013', 'password': ''}
2020-05-27 17:27:02,293 httpUtil.py [line:92] INFO >>>request url https://uat-pms-sso.hopsontong.com:11013/api/login
2020-05-27 17:27:02,293 httpUtil.py [line:94] INFO >>>params {"appFlag": "", "mobile": "18600750013", "password": ""}
2020-05-27 17:27:02,379 httpUtil.py [line:98] INFO >>>response: {'code': 400, 'msg': '密码不能为空', 'data': None, 'success': False}
2020-05-27 17:27:02,388 test_01_login.py [line:62] INFO params: {'appFlag': 2, 'mobile': '18600750013', 'password': 'qwer1234'}
2020-05-27 17:27:02,393 httpUtil.py [line:92] INFO >>>request url https://uat-pms-sso.hopsontong.com:11013/api/login
2020-05-27 17:27:02,393 httpUtil.py [line:94] INFO >>>params {"appFlag": 2, "mobile": "18600750013", "password": "qwer1234"}
2020-05-27 17:27:02,503 httpUtil.py [line:98] INFO >>>response: {'code': 400, 'msg': '应用标识错误,授权登录失败', 'data': None, 'success': False}
2020-05-27 17:27:02,521 httpUtil.py [line:38] INFO params: {'appFlag': '', 'mobile': '18600750013', 'password': 'qwer1234'}
2020-05-27 17:27:02,521 httpUtil.py [line:92] INFO >>>request url https://uat-pms-sso.hopsontong.com:11013/api/login
2020-05-27 17:27:02,521 httpUtil.py [line:94] INFO >>>params {"appFlag": "", "mobile": "18600750013", "password": "qwer1234"}
2020-05-27 17:27:02,602 httpUtil.py [line:98] INFO >>>response: {'code': 200, 'msg': '成功', 'data': {'token': 'eyJhbGciOiJIUzI1NiJ9.eyJ1c2VyX2lkIjoiMTg2MDA3NTAwMTMiLCJpYXQiOjE1OTA1NzE2MjIsImV4cCI6MTU5MDU3ODgyMiwibmJmIjoxNTkwNTcxNjIyfQ.GN3TSAWcDOwa1bMaq4PHJWohJwNKvNPFzMvcAdoTZEU', 'applicationToken': None, 'isDirectLogin': False, 'tenants': [{'tenantId': 6, 'tenantName': '合生商业'}, {'tenantId': 32, 'tenantName': '虚拟租户'}], 'apps': None}, 'success': True}
2020-05-27 17:27:02,602 httpUtil.py [line:43] INFO eyJhbGciOiJIUzI1NiJ9.eyJ1c2VyX2lkIjoiMTg2MDA3NTAwMTMiLCJpYXQiOjE1OTA1NzE2MjIsImV4cCI6MTU5MDU3ODgyMiwibmJmIjoxNTkwNTcxNjIyfQ.GN3TSAWcDOwa1bMaq4PHJWohJwNKvNPFzMvcAdoTZEU
2020-05-27 17:27:02,602 httpUtil.py [line:50] INFO c_params: {'token': 'eyJhbGciOiJIUzI1NiJ9.eyJ1c2VyX2lkIjoiMTg2MDA3NTAwMTMiLCJpYXQiOjE1OTA1NzE2MjIsImV4cCI6MTU5MDU3ODgyMiwibmJmIjoxNTkwNTcxNjIyfQ.GN3TSAWcDOwa1bMaq4PHJWohJwNKvNPFzMvcAdoTZEU', 'appFlag': '', 'applicationToken': ''}
2020-05-27 17:27:02,602 httpUtil.py [line:92] INFO >>>request url https://uat-pms-sso.hopsontong.com:11013/api/checkToken
2020-05-27 17:27:02,602 httpUtil.py [line:94] INFO >>>params {"token": "eyJhbGciOiJIUzI1NiJ9.eyJ1c2VyX2lkIjoiMTg2MDA3NTAwMTMiLCJpYXQiOjE1OTA1NzE2MjIsImV4cCI6MTU5MDU3ODgyMiwibmJmIjoxNTkwNTcxNjIyfQ.GN3TSAWcDOwa1bMaq4PHJWohJwNKvNPFzMvcAdoTZEU", "appFlag": "", "applicationToken": ""}
2020-05-27 17:27:02,707 httpUtil.py [line:98] INFO >>>response: {'code': 200, 'msg': '成功', 'data': None, 'success': True}
2020-05-27 17:27:02,707 httpUtil.py [line:52] INFO c_response: {'code': 200, 'msg': '成功', 'data': None, 'success': True}
2020-05-27 17:27:02,707 httpUtil.py [line:92] INFO >>>request url https://uat-pms-sso.hopsontong.com:11013/api/selectTenant
2020-05-27 17:27:02,707 httpUtil.py [line:94] INFO >>>params {"accessToken": "", "loginToken": "eyJhbGciOiJIUzI1NiJ9.eyJ1c2VyX2lkIjoiMTg2MDA3NTAwMTMiLCJpYXQiOjE1OTA1NzE2MjIsImV4cCI6MTU5MDU3ODgyMiwibmJmIjoxNTkwNTcxNjIyfQ.GN3TSAWcDOwa1bMaq4PHJWohJwNKvNPFzMvcAdoTZEU", "tenantId": 6}
2020-05-27 17:27:02,805 httpUtil.py [line:98] INFO >>>response: {'code': 200, 'msg': '成功', 'data': {'token': 'eyJhbGciOiJIUzI1NiJ9.eyJ1c2VyX2lkIjoiNDgxIiwiaWF0IjoxNTkwNTcxNjIyLCJleHAiOjE1OTA1Nzg4MjIsIm5iZiI6MTU5MDU3MTYyMn0.kNJuDw4_j1tgMn-26Lb8gDGgq06efrXRuH1l3DRSPv4', 'apps': [{'id': 1, 'appName': '合生通运营管理平台', 'appIcon': 'http://kf-pms-cdn.hopsontong.com/1588139980164-13771/cms/hopsontong-logo-258x86.png', 'appUrl': 'https://tcms.hopsontong.com:11013/#/,https://pcms.hopsontong.com:11013/#/,https://kfcms.hopsontong.com:11013/#/,http://localhost:11013/#/,https://kfcms-ljb.hopsontong.com:11013/#/'}, {'id': 0, 'appName': '权限系统', 'appIcon': 'https://kf-pms-cdn.hopsontong.com/1585129410411-10947/cms/permission-system-logo-258x86.png', 'appUrl': 'https://pms-tenant.hopsontong.com/'}]}, 'success': True}
2020-05-27 17:27:02,822 httpUtil.py [line:64] INFO >>>request url is: https://tcms.hopsontong.com:11013/cms/cms/UnifiedAccess/getMarket
2020-05-27 17:27:03,093 httpUtil.py [line:67] INFO >>>header: {'Accept': 'application/json, text/plain, */*', 'Content-Type': 'application/json;charset=UTF-8', 'User-Agent': 'Mozilla/5.0 (X11; Ubuntu; Linux x86_64; rv:22.0) Gecko/20100101 Firefox/22.0', 'Authorization': 'eyJhbGciOiJIUzI1NiJ9.eyJ1c2VyX2lkIjoiNDgxIiwiaWF0IjoxNTkwNTcxNjIyLCJleHAiOjE1OTA1Nzg4MjIsIm5iZiI6MTU5MDU3MTYyMn0.kNJuDw4_j1tgMn-26Lb8gDGgq06efrXRuH1l3DRSPv4'}
2020-05-27 17:27:03,094 httpUtil.py [line:70] INFO >>>response: {'code': 200, 'msg': '成功', 'data': [{'id': None, 'marketName': '合生商业(商管集团)', 'fmapId': None}, {'id': 218, 'marketName': '北京朝阳合生汇', 'fmapId': 'hopsonone-map'}, {'id': 108, 'marketName': '成都温江珠江广场', 'fmapId': 'cd-hsh-zja0'}, {'id': 141, 'marketName': '北京朝阳合生财富广场', 'fmapId': 'null'}, {'id': 164, 'marketName': '北京木樨园合生广场', 'fmapId': 'null'}, {'id': 213, 'marketName': '北京望京合生新天地', 'fmapId': 'null'}, {'id': 10230, 'marketName': '西安时代广场', 'fmapId': 'null'}, {'id': 90000, 'marketName': '虚拟商场', 'fmapId': None}, {'id': 132, 'marketName': '广州海珠合生广场(南区)', 'fmapId': 'null'}, {'id': 145, 'marketName': '广州珠江投资大厦', 'fmapId': None}, {'id': 150, 'marketName': '广州骏景生活天地', 'fmapId': 'null'}, {'id': 155, 'marketName': '深圳龙岗珠江国际中心', 'fmapId': None}, {'id': 170, 'marketName': '广州海珠合生广场(北区)', 'fmapId': None}, {'id': 188, 'marketName': '广州越华珠江国际大厦', 'fmapId': None}, {'id': 194, 'marketName': '广州南方花园生活天地', 'fmapId': 'null'}, {'id': 237, 'marketName': '广州增城合生汇', 'fmapId': 'null'}, {'id': 20229, 'marketName': '广州珠江国际纺织城', 'fmapId': None}, {'id': 110, 'marketName': '上海五角场合生汇', 'fmapId': 'hopsonone-map-wjc'}, {'id': 203, 'marketName': '杭州科华合生国贸中心', 'fmapId': None}, {'id': 234, 'marketName': '上海青浦合生新天地', 'fmapId': 'null'}], 'success': True}
2020-05-27 17:42:27,628 test_01_login.py [line:21] INFO params: {'appFlag': '', 'mobile': '18600750013', 'password': 'qwer1234'}
2020-05-27 17:42:27,648 httpUtil.py [line:92] INFO >>>request url https://uat-pms-sso.hopsontong.com:11013/api/login
2020-05-27 17:42:27,648 httpUtil.py [line:94] INFO >>>params {"appFlag": "", "mobile": "18600750013", "password": "qwer1234"}
2020-05-27 17:42:27,852 httpUtil.py [line:98] INFO >>>response: {'code': 200, 'msg': '成功', 'data': {'token': 'eyJhbGciOiJIUzI1NiJ9.eyJ1c2VyX2lkIjoiMTg2MDA3NTAwMTMiLCJpYXQiOjE1OTA1NzI1NDcsImV4cCI6MTU5MDU3OTc0NywibmJmIjoxNTkwNTcyNTQ3fQ.2Wure4ModmADXcm7AqMwJzeOSWDW66WpCtlYfrEpQTk', 'applicationToken': None, 'isDirectLogin': False, 'tenants': [{'tenantId': 6, 'tenantName': '合生商业'}, {'tenantId': 32, 'tenantName': '虚拟租户'}], 'apps': None}, 'success': True}
2020-05-27 17:42:27,852 test_01_login.py [line:27] INFO eyJhbGciOiJIUzI1NiJ9.eyJ1c2VyX2lkIjoiMTg2MDA3NTAwMTMiLCJpYXQiOjE1OTA1NzI1NDcsImV4cCI6MTU5MDU3OTc0NywibmJmIjoxNTkwNTcyNTQ3fQ.2Wure4ModmADXcm7AqMwJzeOSWDW66WpCtlYfrEpQTk
2020-05-27 17:42:27,860 test_01_login.py [line:33] INFO params: {'appFlag': '', 'mobile': '18600750013', 'password': 'e10adc3949ba59abbe56883e'}
2020-05-27 17:42:27,865 httpUtil.py [line:92] INFO >>>request url https://uat-pms-sso.hopsontong.com:11013/api/login
2020-05-27 17:42:27,866 httpUtil.py [line:94] INFO >>>params {"appFlag": "", "mobile": "18600750013", "password": "e10adc3949ba59abbe56883e"}
2020-05-27 17:42:27,957 httpUtil.py [line:98] INFO >>>response: {'code': 400, 'msg': '密码错误', 'data': None, 'success': False}
2020-05-27 17:42:27,965 test_01_login.py [line:40] INFO params: {'appFlag': '', 'mobile': '1860075001', 'password': 'e10adc3949ba59abbe56e057f20f883e'}
2020-05-27 17:42:27,970 httpUtil.py [line:92] INFO >>>request url https://uat-pms-sso.hopsontong.com:11013/api/login
2020-05-27 17:42:27,970 httpUtil.py [line:94] INFO >>>params {"appFlag": "", "mobile": "1860075001", "password": "e10adc3949ba59abbe56e057f20f883e"}
2020-05-27 17:42:28,072 httpUtil.py [line:98] INFO >>>response: {'code': 400, 'msg': '手机号码格式错误', 'data': None, 'success': False}
2020-05-27 17:42:28,078 test_01_login.py [line:47] INFO params: {'appFlag': '', 'mobile': '', 'password': 'e10adc3949ba59abbe56e057f20f883e'}
2020-05-27 17:42:28,084 httpUtil.py [line:92] INFO >>>request url https://uat-pms-sso.hopsontong.com:11013/api/login
2020-05-27 17:42:28,084 httpUtil.py [line:94] INFO >>>params {"appFlag": "", "mobile": "", "password": "e10adc3949ba59abbe56e057f20f883e"}
2020-05-27 17:42:28,183 httpUtil.py [line:98] INFO >>>response: {'code': 400, 'msg': '手机号码格式错误', 'data': None, 'success': False}
2020-05-27 17:42:28,191 test_01_login.py [line:54] INFO params: {'appFlag': '', 'mobile': '18600750013', 'password': ''}
2020-05-27 17:42:28,196 httpUtil.py [line:92] INFO >>>request url https://uat-pms-sso.hopsontong.com:11013/api/login
2020-05-27 17:42:28,196 httpUtil.py [line:94] INFO >>>params {"appFlag": "", "mobile": "18600750013", "password": ""}
2020-05-27 17:42:28,297 httpUtil.py [line:98] INFO >>>response: {'code': 400, 'msg': '密码不能为空', 'data': None, 'success': False}
2020-05-27 17:42:28,308 test_01_login.py [line:62] INFO params: {'appFlag': 2, 'mobile': '18600750013', 'password': 'qwer1234'}
2020-05-27 17:42:28,315 httpUtil.py [line:92] INFO >>>request url https://uat-pms-sso.hopsontong.com:11013/api/login
2020-05-27 17:42:28,315 httpUtil.py [line:94] INFO >>>params {"appFlag": 2, "mobile": "18600750013", "password": "qwer1234"}
2020-05-27 17:42:28,400 httpUtil.py [line:98] INFO >>>response: {'code': 400, 'msg': '应用标识错误,授权登录失败', 'data': None, 'success': False}
2020-05-27 17:42:28,419 httpUtil.py [line:38] INFO params: {'appFlag': '', 'mobile': '18600750013', 'password': 'qwer1234'}
2020-05-27 17:42:28,419 httpUtil.py [line:92] INFO >>>request url https://uat-pms-sso.hopsontong.com:11013/api/login
2020-05-27 17:42:28,419 httpUtil.py [line:94] INFO >>>params {"appFlag": "", "mobile": "18600750013", "password": "qwer1234"}
2020-05-27 17:42:28,506 httpUtil.py [line:98] INFO >>>response: {'code': 200, 'msg': '成功', 'data': {'token': 'eyJhbGciOiJIUzI1NiJ9.eyJ1c2VyX2lkIjoiMTg2MDA3NTAwMTMiLCJpYXQiOjE1OTA1NzI1NDgsImV4cCI6MTU5MDU3OTc0OCwibmJmIjoxNTkwNTcyNTQ4fQ.LNELZDT8eqzhOdW4I0w3LB4iVsL8qy5nIzTIfjiF3dU', 'applicationToken': None, 'isDirectLogin': False, 'tenants': [{'tenantId': 6, 'tenantName': '合生商业'}, {'tenantId': 32, 'tenantName': '虚拟租户'}], 'apps': None}, 'success': True}
2020-05-27 17:42:28,506 httpUtil.py [line:43] INFO eyJhbGciOiJIUzI1NiJ9.eyJ1c2VyX2lkIjoiMTg2MDA3NTAwMTMiLCJpYXQiOjE1OTA1NzI1NDgsImV4cCI6MTU5MDU3OTc0OCwibmJmIjoxNTkwNTcyNTQ4fQ.LNELZDT8eqzhOdW4I0w3LB4iVsL8qy5nIzTIfjiF3dU
2020-05-27 17:42:28,507 httpUtil.py [line:50] INFO c_params: {'token': 'eyJhbGciOiJIUzI1NiJ9.eyJ1c2VyX2lkIjoiMTg2MDA3NTAwMTMiLCJpYXQiOjE1OTA1NzI1NDgsImV4cCI6MTU5MDU3OTc0OCwibmJmIjoxNTkwNTcyNTQ4fQ.LNELZDT8eqzhOdW4I0w3LB4iVsL8qy5nIzTIfjiF3dU', 'appFlag': '', 'applicationToken': ''}
2020-05-27 17:42:28,507 httpUtil.py [line:92] INFO >>>request url https://uat-pms-sso.hopsontong.com:11013/api/checkToken
2020-05-27 17:42:28,507 httpUtil.py [line:94] INFO >>>params {"token": "eyJhbGciOiJIUzI1NiJ9.eyJ1c2VyX2lkIjoiMTg2MDA3NTAwMTMiLCJpYXQiOjE1OTA1NzI1NDgsImV4cCI6MTU5MDU3OTc0OCwibmJmIjoxNTkwNTcyNTQ4fQ.LNELZDT8eqzhOdW4I0w3LB4iVsL8qy5nIzTIfjiF3dU", "appFlag": "", "applicationToken": ""}
2020-05-27 17:42:28,590 httpUtil.py [line:98] INFO >>>response: {'code': 200, 'msg': '成功', 'data': None, 'success': True}
2020-05-27 17:42:28,590 httpUtil.py [line:52] INFO c_response: {'code': 200, 'msg': '成功', 'data': None, 'success': True}
2020-05-27 17:42:28,590 httpUtil.py [line:92] INFO >>>request url https://uat-pms-sso.hopsontong.com:11013/api/selectTenant
2020-05-27 17:42:28,590 httpUtil.py [line:94] INFO >>>params {"accessToken": "", "loginToken": "eyJhbGciOiJIUzI1NiJ9.eyJ1c2VyX2lkIjoiMTg2MDA3NTAwMTMiLCJpYXQiOjE1OTA1NzI1NDgsImV4cCI6MTU5MDU3OTc0OCwibmJmIjoxNTkwNTcyNTQ4fQ.LNELZDT8eqzhOdW4I0w3LB4iVsL8qy5nIzTIfjiF3dU", "tenantId": 6}
2020-05-27 17:42:28,681 httpUtil.py [line:98] INFO >>>response: {'code': 200, 'msg': '成功', 'data': {'token': 'eyJhbGciOiJIUzI1NiJ9.eyJ1c2VyX2lkIjoiNDgxIiwiaWF0IjoxNTkwNTcyNTQ4LCJleHAiOjE1OTA1Nzk3NDgsIm5iZiI6MTU5MDU3MjU0OH0.1ceVqZOwz0oKerD30OLiL933Cc8kz9oWQ2xZqJ8diYM', 'apps': [{'id': 1, 'appName': '合生通运营管理平台', 'appIcon': 'http://kf-pms-cdn.hopsontong.com/1588139980164-13771/cms/hopsontong-logo-258x86.png', 'appUrl': 'https://tcms.hopsontong.com:11013/#/,https://pcms.hopsontong.com:11013/#/,https://kfcms.hopsontong.com:11013/#/,http://localhost:11013/#/,https://kfcms-ljb.hopsontong.com:11013/#/'}, {'id': 0, 'appName': '权限系统', 'appIcon': 'https://kf-pms-cdn.hopsontong.com/1585129410411-10947/cms/permission-system-logo-258x86.png', 'appUrl': 'https://pms-tenant.hopsontong.com/'}]}, 'success': True}
2020-05-27 17:42:28,690 httpUtil.py [line:64] INFO >>>request url is: https://tcms.hopsontong.com:11013/cms/cms/UnifiedAccess/getMarket
2020-05-27 17:42:30,099 httpUtil.py [line:67] INFO >>>header: {'Accept': 'application/json, text/plain, */*', 'Content-Type': 'application/json;charset=UTF-8', 'User-Agent': 'Mozilla/5.0 (X11; Ubuntu; Linux x86_64; rv:22.0) Gecko/20100101 Firefox/22.0', 'Authorization': 'eyJhbGciOiJIUzI1NiJ9.eyJ1c2VyX2lkIjoiNDgxIiwiaWF0IjoxNTkwNTcyNTQ4LCJleHAiOjE1OTA1Nzk3NDgsIm5iZiI6MTU5MDU3MjU0OH0.1ceVqZOwz0oKerD30OLiL933Cc8kz9oWQ2xZqJ8diYM'}
2020-05-27 17:42:30,100 httpUtil.py [line:70] INFO >>>response: {'code': 200, 'msg': '成功', 'data': [{'id': None, 'marketName': '合生商业(商管集团)', 'fmapId': None}, {'id': 218, 'marketName': '北京朝阳合生汇', 'fmapId': 'hopsonone-map'}, {'id': 108, 'marketName': '成都温江珠江广场', 'fmapId': 'cd-hsh-zja0'}, {'id': 141, 'marketName': '北京朝阳合生财富广场', 'fmapId': 'null'}, {'id': 164, 'marketName': '北京木樨园合生广场', 'fmapId': 'null'}, {'id': 213, 'marketName': '北京望京合生新天地', 'fmapId': 'null'}, {'id': 10230, 'marketName': '西安时代广场', 'fmapId': 'null'}, {'id': 90000, 'marketName': '虚拟商场', 'fmapId': None}, {'id': 132, 'marketName': '广州海珠合生广场(南区)', 'fmapId': 'null'}, {'id': 145, 'marketName': '广州珠江投资大厦', 'fmapId': None}, {'id': 150, 'marketName': '广州骏景生活天地', 'fmapId': 'null'}, {'id': 155, 'marketName': '深圳龙岗珠江国际中心', 'fmapId': None}, {'id': 170, 'marketName': '广州海珠合生广场(北区)', 'fmapId': None}, {'id': 188, 'marketName': '广州越华珠江国际大厦', 'fmapId': None}, {'id': 194, 'marketName': '广州南方花园生活天地', 'fmapId': 'null'}, {'id': 237, 'marketName': '广州增城合生汇', 'fmapId': 'null'}, {'id': 20229, 'marketName': '广州珠江国际纺织城', 'fmapId': None}, {'id': 110, 'marketName': '上海五角场合生汇', 'fmapId': 'hopsonone-map-wjc'}, {'id': 203, 'marketName': '杭州科华合生国贸中心', 'fmapId': None}, {'id': 234, 'marketName': '上海青浦合生新天地', 'fmapId': 'null'}], 'success': True}
2020-05-27 17:44:32,706 test_01_login.py [line:21] INFO params: {'appFlag': '', 'mobile': '18600750013', 'password': 'qwer1234'}
2020-05-27 17:44:32,718 httpUtil.py [line:92] INFO >>>request url https://uat-pms-sso.hopsontong.com:11013/api/login
2020-05-27 17:44:32,719 httpUtil.py [line:94] INFO >>>params {"appFlag": "", "mobile": "18600750013", "password": "qwer1234"}
2020-05-27 17:44:32,818 httpUtil.py [line:98] INFO >>>response: {'code': 200, 'msg': '成功', 'data': {'token': 'eyJhbGciOiJIUzI1NiJ9.eyJ1c2VyX2lkIjoiMTg2MDA3NTAwMTMiLCJpYXQiOjE1OTA1NzI2NzIsImV4cCI6MTU5MDU3OTg3MiwibmJmIjoxNTkwNTcyNjcyfQ.InNRLCvNqiO2AU2-gsryGAQZzNs_K9rZlus25MHHsek', 'applicationToken': None, 'isDirectLogin': False, 'tenants': [{'tenantId': 6, 'tenantName': '合生商业'}, {'tenantId': 32, 'tenantName': '虚拟租户'}], 'apps': None}, 'success': True}
2020-05-27 17:44:32,818 test_01_login.py [line:27] INFO eyJhbGciOiJIUzI1NiJ9.eyJ1c2VyX2lkIjoiMTg2MDA3NTAwMTMiLCJpYXQiOjE1OTA1NzI2NzIsImV4cCI6MTU5MDU3OTg3MiwibmJmIjoxNTkwNTcyNjcyfQ.InNRLCvNqiO2AU2-gsryGAQZzNs_K9rZlus25MHHsek
2020-05-27 17:44:32,826 test_01_login.py [line:33] INFO params: {'appFlag': '', 'mobile': '18600750013', 'password': 'e10adc3949ba59abbe56883e'}
2020-05-27 17:44:32,831 httpUtil.py [line:92] INFO >>>request url https://uat-pms-sso.hopsontong.com:11013/api/login
2020-05-27 17:44:32,831 httpUtil.py [line:94] INFO >>>params {"appFlag": "", "mobile": "18600750013", "password": "e10adc3949ba59abbe56883e"}
2020-05-27 17:44:32,913 httpUtil.py [line:98] INFO >>>response: {'code': 400, 'msg': '密码错误', 'data': None, 'success': False}
2020-05-27 17:44:32,919 test_01_login.py [line:40] INFO params: {'appFlag': '', 'mobile': '1860075001', 'password': 'e10adc3949ba59abbe56e057f20f883e'}
2020-05-27 17:44:32,924 httpUtil.py [line:92] INFO >>>request url https://uat-pms-sso.hopsontong.com:11013/api/login
2020-05-27 17:44:32,924 httpUtil.py [line:94] INFO >>>params {"appFlag": "", "mobile": "1860075001", "password": "e10adc3949ba59abbe56e057f20f883e"}
2020-05-27 17:44:33,018 httpUtil.py [line:98] INFO >>>response: {'code': 400, 'msg': '手机号码格式错误', 'data': None, 'success': False}
2020-05-27 17:44:33,025 test_01_login.py [line:47] INFO params: {'appFlag': '', 'mobile': '', 'password': 'e10adc3949ba59abbe56e057f20f883e'}
2020-05-27 17:44:33,036 httpUtil.py [line:92] INFO >>>request url https://uat-pms-sso.hopsontong.com:11013/api/login
2020-05-27 17:44:33,036 httpUtil.py [line:94] INFO >>>params {"appFlag": "", "mobile": "", "password": "e10adc3949ba59abbe56e057f20f883e"}
2020-05-27 17:44:33,154 httpUtil.py [line:98] INFO >>>response: {'code': 400, 'msg': '手机号码格式错误', 'data': None, 'success': False}
2020-05-27 17:44:33,161 test_01_login.py [line:54] INFO params: {'appFlag': '', 'mobile': '18600750013', 'password': ''}
2020-05-27 17:44:33,167 httpUtil.py [line:92] INFO >>>request url https://uat-pms-sso.hopsontong.com:11013/api/login
2020-05-27 17:44:33,167 httpUtil.py [line:94] INFO >>>params {"appFlag": "", "mobile": "18600750013", "password": ""}
2020-05-27 17:44:33,242 httpUtil.py [line:98] INFO >>>response: {'code': 400, 'msg': '密码不能为空', 'data': None, 'success': False}
2020-05-27 17:44:33,249 test_01_login.py [line:62] INFO params: {'appFlag': 2, 'mobile': '18600750013', 'password': 'qwer1234'}
2020-05-27 17:44:33,259 httpUtil.py [line:92] INFO >>>request url https://uat-pms-sso.hopsontong.com:11013/api/login
2020-05-27 17:44:33,259 httpUtil.py [line:94] INFO >>>params {"appFlag": 2, "mobile": "18600750013", "password": "qwer1234"}
2020-05-27 17:44:33,344 httpUtil.py [line:98] INFO >>>response: {'code': 400, 'msg': '应用标识错误,授权登录失败', 'data': None, 'success': False}
2020-05-27 17:44:33,362 httpUtil.py [line:38] INFO params: {'appFlag': '', 'mobile': '18600750013', 'password': 'qwer1234'}
2020-05-27 17:44:33,363 httpUtil.py [line:92] INFO >>>request url https://uat-pms-sso.hopsontong.com:11013/api/login
2020-05-27 17:44:33,363 httpUtil.py [line:94] INFO >>>params {"appFlag": "", "mobile": "18600750013", "password": "qwer1234"}
2020-05-27 17:44:33,450 httpUtil.py [line:98] INFO >>>response: {'code': 200, 'msg': '成功', 'data': {'token': 'eyJhbGciOiJIUzI1NiJ9.eyJ1c2VyX2lkIjoiMTg2MDA3NTAwMTMiLCJpYXQiOjE1OTA1NzI2NzMsImV4cCI6MTU5MDU3OTg3MywibmJmIjoxNTkwNTcyNjczfQ.P41I5g-1IkMI0CMB_eLnGUxbL7jhCRNk4PRlzF65Kb0', 'applicationToken': None, 'isDirectLogin': False, 'tenants': [{'tenantId': 6, 'tenantName': '合生商业'}, {'tenantId': 32, 'tenantName': '虚拟租户'}], 'apps': None}, 'success': True}
2020-05-27 17:44:33,451 httpUtil.py [line:43] INFO eyJhbGciOiJIUzI1NiJ9.eyJ1c2VyX2lkIjoiMTg2MDA3NTAwMTMiLCJpYXQiOjE1OTA1NzI2NzMsImV4cCI6MTU5MDU3OTg3MywibmJmIjoxNTkwNTcyNjczfQ.P41I5g-1IkMI0CMB_eLnGUxbL7jhCRNk4PRlzF65Kb0
2020-05-27 17:44:33,452 httpUtil.py [line:50] INFO c_params: {'token': 'eyJhbGciOiJIUzI1NiJ9.eyJ1c2VyX2lkIjoiMTg2MDA3NTAwMTMiLCJpYXQiOjE1OTA1NzI2NzMsImV4cCI6MTU5MDU3OTg3MywibmJmIjoxNTkwNTcyNjczfQ.P41I5g-1IkMI0CMB_eLnGUxbL7jhCRNk4PRlzF65Kb0', 'appFlag': '', 'applicationToken': ''}
2020-05-27 17:44:33,452 httpUtil.py [line:92] INFO >>>request url https://uat-pms-sso.hopsontong.com:11013/api/checkToken
2020-05-27 17:44:33,452 httpUtil.py [line:94] INFO >>>params {"token": "eyJhbGciOiJIUzI1NiJ9.eyJ1c2VyX2lkIjoiMTg2MDA3NTAwMTMiLCJpYXQiOjE1OTA1NzI2NzMsImV4cCI6MTU5MDU3OTg3MywibmJmIjoxNTkwNTcyNjczfQ.P41I5g-1IkMI0CMB_eLnGUxbL7jhCRNk4PRlzF65Kb0", "appFlag": "", "applicationToken": ""}
2020-05-27 17:44:33,551 httpUtil.py [line:98] INFO >>>response: {'code': 200, 'msg': '成功', 'data': None, 'success': True}
2020-05-27 17:44:33,551 httpUtil.py [line:52] INFO c_response: {'code': 200, 'msg': '成功', 'data': None, 'success': True}
2020-05-27 17:44:33,551 httpUtil.py [line:92] INFO >>>request url https://uat-pms-sso.hopsontong.com:11013/api/selectTenant
2020-05-27 17:44:33,551 httpUtil.py [line:94] INFO >>>params {"accessToken": "", "loginToken": "eyJhbGciOiJIUzI1NiJ9.eyJ1c2VyX2lkIjoiMTg2MDA3NTAwMTMiLCJpYXQiOjE1OTA1NzI2NzMsImV4cCI6MTU5MDU3OTg3MywibmJmIjoxNTkwNTcyNjczfQ.P41I5g-1IkMI0CMB_eLnGUxbL7jhCRNk4PRlzF65Kb0", "tenantId": 6}
2020-05-27 17:44:33,645 httpUtil.py [line:98] INFO >>>response: {'code': 200, 'msg': '成功', 'data': {'token': 'eyJhbGciOiJIUzI1NiJ9.eyJ1c2VyX2lkIjoiNDgxIiwiaWF0IjoxNTkwNTcyNjczLCJleHAiOjE1OTA1Nzk4NzMsIm5iZiI6MTU5MDU3MjY3M30.BXWb3U_spELsGqvuVaMXmFinrUFnMJ5UB-jBCcg9KhE', 'apps': [{'id': 1, 'appName': '合生通运营管理平台', 'appIcon': 'http://kf-pms-cdn.hopsontong.com/1588139980164-13771/cms/hopsontong-logo-258x86.png', 'appUrl': 'https://tcms.hopsontong.com:11013/#/,https://pcms.hopsontong.com:11013/#/,https://kfcms.hopsontong.com:11013/#/,http://localhost:11013/#/,https://kfcms-ljb.hopsontong.com:11013/#/'}, {'id': 0, 'appName': '权限系统', 'appIcon': 'https://kf-pms-cdn.hopsontong.com/1585129410411-10947/cms/permission-system-logo-258x86.png', 'appUrl': 'https://pms-tenant.hopsontong.com/'}]}, 'success': True}
2020-05-27 17:44:33,657 httpUtil.py [line:64] INFO >>>request url is: https://tcms.hopsontong.com:11013/cms/cms/UnifiedAccess/getMarket
2020-05-27 17:44:33,883 httpUtil.py [line:67] INFO >>>header: {'Accept': 'application/json, text/plain, */*', 'Content-Type': 'application/json;charset=UTF-8', 'User-Agent': 'Mozilla/5.0 (X11; Ubuntu; Linux x86_64; rv:22.0) Gecko/20100101 Firefox/22.0', 'Authorization': 'eyJhbGciOiJIUzI1NiJ9.eyJ1c2VyX2lkIjoiNDgxIiwiaWF0IjoxNTkwNTcyNjczLCJleHAiOjE1OTA1Nzk4NzMsIm5iZiI6MTU5MDU3MjY3M30.BXWb3U_spELsGqvuVaMXmFinrUFnMJ5UB-jBCcg9KhE'}
2020-05-27 17:44:33,884 httpUtil.py [line:70] INFO >>>response: {'code': 200, 'msg': '成功', 'data': [{'id': None, 'marketName': '合生商业(商管集团)', 'fmapId': None}, {'id': 218, 'marketName': '北京朝阳合生汇', 'fmapId': 'hopsonone-map'}, {'id': 108, 'marketName': '成都温江珠江广场', 'fmapId': 'cd-hsh-zja0'}, {'id': 141, 'marketName': '北京朝阳合生财富广场', 'fmapId': 'null'}, {'id': 164, 'marketName': '北京木樨园合生广场', 'fmapId': 'null'}, {'id': 213, 'marketName': '北京望京合生新天地', 'fmapId': 'null'}, {'id': 10230, 'marketName': '西安时代广场', 'fmapId': 'null'}, {'id': 90000, 'marketName': '虚拟商场', 'fmapId': None}, {'id': 132, 'marketName': '广州海珠合生广场(南区)', 'fmapId': 'null'}, {'id': 145, 'marketName': '广州珠江投资大厦', 'fmapId': None}, {'id': 150, 'marketName': '广州骏景生活天地', 'fmapId': 'null'}, {'id': 155, 'marketName': '深圳龙岗珠江国际中心', 'fmapId': None}, {'id': 170, 'marketName': '广州海珠合生广场(北区)', 'fmapId': None}, {'id': 188, 'marketName': '广州越华珠江国际大厦', 'fmapId': None}, {'id': 194, 'marketName': '广州南方花园生活天地', 'fmapId': 'null'}, {'id': 237, 'marketName': '广州增城合生汇', 'fmapId': 'null'}, {'id': 20229, 'marketName': '广州珠江国际纺织城', 'fmapId': None}, {'id': 110, 'marketName': '上海五角场合生汇', 'fmapId': 'hopsonone-map-wjc'}, {'id': 203, 'marketName': '杭州科华合生国贸中心', 'fmapId': None}, {'id': 234, 'marketName': '上海青浦合生新天地', 'fmapId': 'null'}], 'success': True}
