2020-05-29 08:28:20,431 test_01_login.py [line:21] INFO params: {'appFlag': '', 'mobile': '18600750013', 'password': 'qwer1234'}
2020-05-29 08:28:20,441 httpUtil.py [line:93] INFO >>>request url https://uat-pms-sso.hopsontong.com:11013/api/login
2020-05-29 08:28:20,441 httpUtil.py [line:95] INFO >>>params {"appFlag": "", "mobile": "18600750013", "password": "qwer1234"}
2020-05-29 08:28:20,583 httpUtil.py [line:99] INFO >>>response: {'code': 200, 'msg': '成功', 'data': {'token': 'eyJhbGciOiJIUzI1NiJ9.eyJ1c2VyX2lkIjoiMTg2MDA3NTAwMTMiLCJpYXQiOjE1OTA3MTIxMDAsImV4cCI6MTU5MDcxOTMwMCwibmJmIjoxNTkwNzEyMTAwfQ.jFzTQ-HFe4PEsS6CUelHIC-k0UdApanfMiw2idx6CBs', 'applicationToken': None, 'isDirectLogin': False, 'tenants': [{'tenantId': 6, 'tenantName': '合生商业'}, {'tenantId': 32, 'tenantName': '虚拟租户'}], 'apps': None}, 'success': True}
2020-05-29 08:28:20,583 test_01_login.py [line:27] INFO eyJhbGciOiJIUzI1NiJ9.eyJ1c2VyX2lkIjoiMTg2MDA3NTAwMTMiLCJpYXQiOjE1OTA3MTIxMDAsImV4cCI6MTU5MDcxOTMwMCwibmJmIjoxNTkwNzEyMTAwfQ.jFzTQ-HFe4PEsS6CUelHIC-k0UdApanfMiw2idx6CBs
2020-05-29 08:28:20,592 test_01_login.py [line:33] INFO params: {'appFlag': '', 'mobile': '18600750013', 'password': 'e10adc3949ba59abbe56883e'}
2020-05-29 08:28:20,599 httpUtil.py [line:93] INFO >>>request url https://uat-pms-sso.hopsontong.com:11013/api/login
2020-05-29 08:28:20,599 httpUtil.py [line:95] INFO >>>params {"appFlag": "", "mobile": "18600750013", "password": "e10adc3949ba59abbe56883e"}
2020-05-29 08:28:20,673 httpUtil.py [line:99] INFO >>>response: {'code': 400, 'msg': '密码错误', 'data': None, 'success': False}
2020-05-29 08:28:20,682 test_01_login.py [line:40] INFO params: {'appFlag': '', 'mobile': '1860075001', 'password': 'e10adc3949ba59abbe56e057f20f883e'}
2020-05-29 08:28:20,689 httpUtil.py [line:93] INFO >>>request url https://uat-pms-sso.hopsontong.com:11013/api/login
2020-05-29 08:28:20,689 httpUtil.py [line:95] INFO >>>params {"appFlag": "", "mobile": "1860075001", "password": "e10adc3949ba59abbe56e057f20f883e"}
2020-05-29 08:28:20,763 httpUtil.py [line:99] INFO >>>response: {'code': 400, 'msg': '手机号码格式错误', 'data': None, 'success': False}
2020-05-29 08:28:20,772 test_01_login.py [line:47] INFO params: {'appFlag': '', 'mobile': '', 'password': 'e10adc3949ba59abbe56e057f20f883e'}
2020-05-29 08:28:20,779 httpUtil.py [line:93] INFO >>>request url https://uat-pms-sso.hopsontong.com:11013/api/login
2020-05-29 08:28:20,779 httpUtil.py [line:95] INFO >>>params {"appFlag": "", "mobile": "", "password": "e10adc3949ba59abbe56e057f20f883e"}
2020-05-29 08:28:20,859 httpUtil.py [line:99] INFO >>>response: {'code': 400, 'msg': '手机号码格式错误', 'data': None, 'success': False}
2020-05-29 08:28:20,868 test_01_login.py [line:54] INFO params: {'appFlag': '', 'mobile': '18600750013', 'password': ''}
2020-05-29 08:28:20,875 httpUtil.py [line:93] INFO >>>request url https://uat-pms-sso.hopsontong.com:11013/api/login
2020-05-29 08:28:20,875 httpUtil.py [line:95] INFO >>>params {"appFlag": "", "mobile": "18600750013", "password": ""}
2020-05-29 08:28:20,952 httpUtil.py [line:99] INFO >>>response: {'code': 400, 'msg': '密码不能为空', 'data': None, 'success': False}
2020-05-29 08:28:20,961 test_01_login.py [line:62] INFO params: {'appFlag': 2, 'mobile': '18600750013', 'password': 'qwer1234'}
2020-05-29 08:28:20,968 httpUtil.py [line:93] INFO >>>request url https://uat-pms-sso.hopsontong.com:11013/api/login
2020-05-29 08:28:20,968 httpUtil.py [line:95] INFO >>>params {"appFlag": 2, "mobile": "18600750013", "password": "qwer1234"}
2020-05-29 08:28:21,044 httpUtil.py [line:99] INFO >>>response: {'code': 400, 'msg': '应用标识错误,授权登录失败', 'data': None, 'success': False}
2020-05-29 08:28:21,067 httpUtil.py [line:38] INFO params: {'appFlag': '', 'mobile': '18600750013', 'password': 'qwer1234'}
2020-05-29 08:28:21,067 httpUtil.py [line:93] INFO >>>request url https://uat-pms-sso.hopsontong.com:11013/api/login
2020-05-29 08:28:21,067 httpUtil.py [line:95] INFO >>>params {"appFlag": "", "mobile": "18600750013", "password": "qwer1234"}
2020-05-29 08:28:21,153 httpUtil.py [line:99] INFO >>>response: {'code': 200, 'msg': '成功', 'data': {'token': 'eyJhbGciOiJIUzI1NiJ9.eyJ1c2VyX2lkIjoiMTg2MDA3NTAwMTMiLCJpYXQiOjE1OTA3MTIxMDEsImV4cCI6MTU5MDcxOTMwMSwibmJmIjoxNTkwNzEyMTAxfQ.Yj8hhjpoRG9ZU5467ddhx9Vhw4AMfmGsF6WdKu2eX5I', 'applicationToken': None, 'isDirectLogin': False, 'tenants': [{'tenantId': 6, 'tenantName': '合生商业'}, {'tenantId': 32, 'tenantName': '虚拟租户'}], 'apps': None}, 'success': True}
2020-05-29 08:28:21,154 httpUtil.py [line:43] INFO eyJhbGciOiJIUzI1NiJ9.eyJ1c2VyX2lkIjoiMTg2MDA3NTAwMTMiLCJpYXQiOjE1OTA3MTIxMDEsImV4cCI6MTU5MDcxOTMwMSwibmJmIjoxNTkwNzEyMTAxfQ.Yj8hhjpoRG9ZU5467ddhx9Vhw4AMfmGsF6WdKu2eX5I
2020-05-29 08:28:21,154 httpUtil.py [line:50] INFO c_params: {'token': 'eyJhbGciOiJIUzI1NiJ9.eyJ1c2VyX2lkIjoiMTg2MDA3NTAwMTMiLCJpYXQiOjE1OTA3MTIxMDEsImV4cCI6MTU5MDcxOTMwMSwibmJmIjoxNTkwNzEyMTAxfQ.Yj8hhjpoRG9ZU5467ddhx9Vhw4AMfmGsF6WdKu2eX5I', 'appFlag': '', 'applicationToken': ''}
2020-05-29 08:28:21,154 httpUtil.py [line:93] INFO >>>request url https://uat-pms-sso.hopsontong.com:11013/api/checkToken
2020-05-29 08:28:21,154 httpUtil.py [line:95] INFO >>>params {"token": "eyJhbGciOiJIUzI1NiJ9.eyJ1c2VyX2lkIjoiMTg2MDA3NTAwMTMiLCJpYXQiOjE1OTA3MTIxMDEsImV4cCI6MTU5MDcxOTMwMSwibmJmIjoxNTkwNzEyMTAxfQ.Yj8hhjpoRG9ZU5467ddhx9Vhw4AMfmGsF6WdKu2eX5I", "appFlag": "", "applicationToken": ""}
2020-05-29 08:28:21,242 httpUtil.py [line:99] INFO >>>response: {'code': 200, 'msg': '成功', 'data': None, 'success': True}
2020-05-29 08:28:21,242 httpUtil.py [line:52] INFO c_response: {'code': 200, 'msg': '成功', 'data': None, 'success': True}
2020-05-29 08:28:21,242 httpUtil.py [line:93] INFO >>>request url https://uat-pms-sso.hopsontong.com:11013/api/selectTenant
2020-05-29 08:28:21,243 httpUtil.py [line:95] INFO >>>params {"accessToken": "", "loginToken": "eyJhbGciOiJIUzI1NiJ9.eyJ1c2VyX2lkIjoiMTg2MDA3NTAwMTMiLCJpYXQiOjE1OTA3MTIxMDEsImV4cCI6MTU5MDcxOTMwMSwibmJmIjoxNTkwNzEyMTAxfQ.Yj8hhjpoRG9ZU5467ddhx9Vhw4AMfmGsF6WdKu2eX5I", "tenantId": 6}
2020-05-29 08:28:21,337 httpUtil.py [line:99] INFO >>>response: {'code': 200, 'msg': '成功', 'data': {'token': 'eyJhbGciOiJIUzI1NiJ9.eyJ1c2VyX2lkIjoiNDgxIiwiaWF0IjoxNTkwNzEyMTAxLCJleHAiOjE1OTA3MTkzMDEsIm5iZiI6MTU5MDcxMjEwMX0.0FlSnZ0t3af49YLdrGRWkSTvuoyMse-67gO_tg07vMw', 'apps': [{'id': 1, 'appName': '合生通运营管理平台', 'appIcon': 'http://kf-pms-cdn.hopsontong.com/1588139980164-13771/cms/hopsontong-logo-258x86.png', 'appUrl': 'https://tcms.hopsontong.com:11013/#/,https://pcms.hopsontong.com:11013/#/,https://kfcms.hopsontong.com:11013/#/,http://localhost:11013/#/,https://kfcms-ljb.hopsontong.com:11013/#/'}, {'id': 0, 'appName': '权限系统', 'appIcon': 'https://kf-pms-cdn.hopsontong.com/1585129410411-10947/cms/permission-system-logo-258x86.png', 'appUrl': 'https://pms-tenant.hopsontong.com/'}]}, 'success': True}
2020-05-29 08:28:21,361 httpUtil.py [line:64] INFO >>>request url is: https://tcms.hopsontong.com:11013/cms/cms/UnifiedAccess/getMarket
2020-05-29 08:28:22,657 httpUtil.py [line:67] INFO >>>header: {'Accept': 'application/json, text/plain, */*', 'Content-Type': 'application/json;charset=UTF-8', 'User-Agent': 'Mozilla/5.0 (X11; Ubuntu; Linux x86_64; rv:22.0) Gecko/20100101 Firefox/22.0', 'Authorization': 'eyJhbGciOiJIUzI1NiJ9.eyJ1c2VyX2lkIjoiNDgxIiwiaWF0IjoxNTkwNzEyMTAxLCJleHAiOjE1OTA3MTkzMDEsIm5iZiI6MTU5MDcxMjEwMX0.0FlSnZ0t3af49YLdrGRWkSTvuoyMse-67gO_tg07vMw'}
2020-05-29 08:28:22,658 httpUtil.py [line:70] INFO >>>response: {'code': 200, 'msg': '成功', 'data': [{'id': None, 'marketName': '合生商业(商管集团)', 'fmapId': None}, {'id': 218, 'marketName': '北京朝阳合生汇', 'fmapId': 'hopsonone-map'}, {'id': 108, 'marketName': '成都温江珠江广场', 'fmapId': 'cd-hsh-zja0'}, {'id': 141, 'marketName': '北京朝阳合生财富广场', 'fmapId': 'null'}, {'id': 164, 'marketName': '北京木樨园合生广场', 'fmapId': 'null'}, {'id': 213, 'marketName': '北京望京合生新天地', 'fmapId': 'null'}, {'id': 10230, 'marketName': '西安时代广场', 'fmapId': 'null'}, {'id': 90000, 'marketName': '虚拟商场', 'fmapId': None}, {'id': 132, 'marketName': '广州海珠合生广场(南区)', 'fmapId': 'null'}, {'id': 145, 'marketName': '广州珠江投资大厦', 'fmapId': None}, {'id': 150, 'marketName': '广州骏景生活天地', 'fmapId': 'null'}, {'id': 155, 'marketName': '深圳龙岗珠江国际中心', 'fmapId': None}, {'id': 170, 'marketName': '广州海珠合生广场(北区)', 'fmapId': None}, {'id': 188, 'marketName': '广州越华珠江国际大厦', 'fmapId': None}, {'id': 194, 'marketName': '广州南方花园生活天地', 'fmapId': 'null'}, {'id': 237, 'marketName': '广州增城合生汇', 'fmapId': 'null'}, {'id': 20229, 'marketName': '广州珠江国际纺织城', 'fmapId': None}, {'id': 110, 'marketName': '上海五角场合生汇', 'fmapId': 'hopsonone-map-wjc'}, {'id': 203, 'marketName': '杭州科华合生国贸中心', 'fmapId': None}, {'id': 234, 'marketName': '上海青浦合生新天地', 'fmapId': 'null'}], 'success': True}
2020-05-29 08:28:22,686 httpUtil.py [line:38] INFO params: {'appFlag': '', 'mobile': '18600750013', 'password': 'qwer1234'}
2020-05-29 08:28:22,686 httpUtil.py [line:93] INFO >>>request url https://uat-pms-sso.hopsontong.com:11013/api/login
2020-05-29 08:28:22,686 httpUtil.py [line:95] INFO >>>params {"appFlag": "", "mobile": "18600750013", "password": "qwer1234"}
2020-05-29 08:28:22,770 httpUtil.py [line:99] INFO >>>response: {'code': 200, 'msg': '成功', 'data': {'token': 'eyJhbGciOiJIUzI1NiJ9.eyJ1c2VyX2lkIjoiMTg2MDA3NTAwMTMiLCJpYXQiOjE1OTA3MTIxMDIsImV4cCI6MTU5MDcxOTMwMiwibmJmIjoxNTkwNzEyMTAyfQ.24qHHpxn7iz88O3Sabum26f2_jjwLMKWVdnINAqubW4', 'applicationToken': None, 'isDirectLogin': False, 'tenants': [{'tenantId': 6, 'tenantName': '合生商业'}, {'tenantId': 32, 'tenantName': '虚拟租户'}], 'apps': None}, 'success': True}
2020-05-29 08:28:22,770 httpUtil.py [line:43] INFO eyJhbGciOiJIUzI1NiJ9.eyJ1c2VyX2lkIjoiMTg2MDA3NTAwMTMiLCJpYXQiOjE1OTA3MTIxMDIsImV4cCI6MTU5MDcxOTMwMiwibmJmIjoxNTkwNzEyMTAyfQ.24qHHpxn7iz88O3Sabum26f2_jjwLMKWVdnINAqubW4
2020-05-29 08:28:22,771 httpUtil.py [line:50] INFO c_params: {'token': 'eyJhbGciOiJIUzI1NiJ9.eyJ1c2VyX2lkIjoiMTg2MDA3NTAwMTMiLCJpYXQiOjE1OTA3MTIxMDIsImV4cCI6MTU5MDcxOTMwMiwibmJmIjoxNTkwNzEyMTAyfQ.24qHHpxn7iz88O3Sabum26f2_jjwLMKWVdnINAqubW4', 'appFlag': '', 'applicationToken': ''}
2020-05-29 08:28:22,771 httpUtil.py [line:93] INFO >>>request url https://uat-pms-sso.hopsontong.com:11013/api/checkToken
2020-05-29 08:28:22,771 httpUtil.py [line:95] INFO >>>params {"token": "eyJhbGciOiJIUzI1NiJ9.eyJ1c2VyX2lkIjoiMTg2MDA3NTAwMTMiLCJpYXQiOjE1OTA3MTIxMDIsImV4cCI6MTU5MDcxOTMwMiwibmJmIjoxNTkwNzEyMTAyfQ.24qHHpxn7iz88O3Sabum26f2_jjwLMKWVdnINAqubW4", "appFlag": "", "applicationToken": ""}
2020-05-29 08:28:22,855 httpUtil.py [line:99] INFO >>>response: {'code': 200, 'msg': '成功', 'data': None, 'success': True}
2020-05-29 08:28:22,855 httpUtil.py [line:52] INFO c_response: {'code': 200, 'msg': '成功', 'data': None, 'success': True}
2020-05-29 08:28:22,855 httpUtil.py [line:93] INFO >>>request url https://uat-pms-sso.hopsontong.com:11013/api/selectTenant
2020-05-29 08:28:22,855 httpUtil.py [line:95] INFO >>>params {"accessToken": "", "loginToken": "eyJhbGciOiJIUzI1NiJ9.eyJ1c2VyX2lkIjoiMTg2MDA3NTAwMTMiLCJpYXQiOjE1OTA3MTIxMDIsImV4cCI6MTU5MDcxOTMwMiwibmJmIjoxNTkwNzEyMTAyfQ.24qHHpxn7iz88O3Sabum26f2_jjwLMKWVdnINAqubW4", "tenantId": 6}
2020-05-29 08:28:22,951 httpUtil.py [line:99] INFO >>>response: {'code': 200, 'msg': '成功', 'data': {'token': 'eyJhbGciOiJIUzI1NiJ9.eyJ1c2VyX2lkIjoiNDgxIiwiaWF0IjoxNTkwNzEyMTAyLCJleHAiOjE1OTA3MTkzMDIsIm5iZiI6MTU5MDcxMjEwMn0.ytFZBDqvurXZbOBTQf8a9UrVd6tglZTNEBwJFevtLOA', 'apps': [{'id': 1, 'appName': '合生通运营管理平台', 'appIcon': 'http://kf-pms-cdn.hopsontong.com/1588139980164-13771/cms/hopsontong-logo-258x86.png', 'appUrl': 'https://tcms.hopsontong.com:11013/#/,https://pcms.hopsontong.com:11013/#/,https://kfcms.hopsontong.com:11013/#/,http://localhost:11013/#/,https://kfcms-ljb.hopsontong.com:11013/#/'}, {'id': 0, 'appName': '权限系统', 'appIcon': 'https://kf-pms-cdn.hopsontong.com/1585129410411-10947/cms/permission-system-logo-258x86.png', 'appUrl': 'https://pms-tenant.hopsontong.com/'}]}, 'success': True}
2020-05-29 08:28:22,979 httpUtil.py [line:93] INFO >>>request url https://tcms.hopsontong.com:11013/cms/cms/member/memberInfo/list
2020-05-29 08:28:22,980 httpUtil.py [line:95] INFO >>>params {"member": "", "plateNumber": "", "sex": "", "startTime": "", "endTime": "", "label": "", "source": "", "provinceId": "", "cityId": "", "areaId": "", "marketId": "", "page": 1, "size": 10}
2020-05-29 08:28:23,234 httpUtil.py [line:99] INFO >>>response: {'code': 200, 'msg': '成功', 'data': {'total': 464325, 'rows': [{'mId': 493351185882230784, 'mIdstr': '493351185882230784', 'sex': 0, 'nickName': 'dika', 'mMobile': '13764668179', 'plateNumber': None, 'createTime': 1454071572000, 'mOrigin': 0, 'mStatus': None, 'headImg': None, 'realName': None, 'birthday': None, 'faceImg': None, 'height': None, 'weight': None, 'idCard': None, 'idType': 0, 'type': None, 'operationTime': None, 'points': None, 'buyRecords': None, 'mpNumberlist': None}, {'mId': 493351186251329536, 'mIdstr': '493351186251329536', 'sex': 0, 'nickName': '草色青青', 'mMobile': '13916948676', 'plateNumber': None, 'createTime': 1454071732000, 'mOrigin': 0, 'mStatus': None, 'headImg': None, 'realName': None, 'birthday': None, 'faceImg': None, 'height': None, 'weight': None, 'idCard': None, 'idType': 0, 'type': None, 'operationTime': None, 'points': None, 'buyRecords': None, 'mpNumberlist': None}, {'mId': 493351187702558720, 'mIdstr': '493351187702558720', 'sex': 0, 'nickName': 'Rennie131', 'mMobile': '13917764057', 'plateNumber': None, 'createTime': 1454073926000, 'mOrigin': 0, 'mStatus': None, 'headImg': None, 'realName': None, 'birthday': None, 'faceImg': None, 'height': None, 'weight': None, 'idCard': None, 'idType': 0, 'type': None, 'operationTime': None, 'points': None, 'buyRecords': None, 'mpNumberlist': None}, {'mId': 493351192291127296, 'mIdstr': '493351192291127296', 'sex': 0, 'nickName': 'fan\u2006zin\u2006y', 'mMobile': '13386108821', 'plateNumber': None, 'createTime': 1454077444000, 'mOrigin': 0, 'mStatus': None, 'headImg': None, 'realName': None, 'birthday': None, 'faceImg': None, 'height': None, 'weight': None, 'idCard': None, 'idType': 0, 'type': None, 'operationTime': None, 'points': None, 'buyRecords': None, 'mpNumberlist': None}, {'mId': 493351193918517248, 'mIdstr': '493351193918517248', 'sex': 0, 'nickName': '江', 'mMobile': '13512123863', 'plateNumber': None, 'createTime': 1454078999000, 'mOrigin': 0, 'mStatus': None, 'headImg': None, 'realName': None, 'birthday': None, 'faceImg': None, 'height': None, 'weight': None, 'idCard': None, 'idType': 0, 'type': None, 'operationTime': None, 'points': None, 'buyRecords': None, 'mpNumberlist': None}, {'mId': 493351197991186432, 'mIdstr': '493351197991186432', 'sex': 0, 'nickName': '元卿贝贝', 'mMobile': '18930832569', 'plateNumber': None, 'createTime': 1454083407000, 'mOrigin': 0, 'mStatus': None, 'headImg': None, 'realName': None, 'birthday': None, 'faceImg': None, 'height': None, 'weight': None, 'idCard': None, 'idType': 0, 'type': None, 'operationTime': None, 'points': None, 'buyRecords': None, 'mpNumberlist': None}, {'mId': 493351200574877696, 'mIdstr': '493351200574877696', 'sex': 0, 'nickName': 'iamvivid', 'mMobile': '13370225630', 'plateNumber': None, 'createTime': 1454106263000, 'mOrigin': 0, 'mStatus': None, 'headImg': None, 'realName': None, 'birthday': None, 'faceImg': None, 'height': None, 'weight': None, 'idCard': None, 'idType': 0, 'type': None, 'operationTime': None, 'points': None, 'buyRecords': None, 'mpNumberlist': None}, {'mId': 493351202084827136, 'mIdstr': '493351202084827136', 'sex': 0, 'nickName': 'sammiyang', 'mMobile': '13651800518', 'plateNumber': None, 'createTime': 1454110258000, 'mOrigin': 0, 'mStatus': None, 'headImg': None, 'realName': None, 'birthday': None, 'faceImg': None, 'height': None, 'weight': None, 'idCard': None, 'idType': 0, 'type': None, 'operationTime': None, 'points': None, 'buyRecords': None, 'mpNumberlist': None}, {'mId': 493351204387500032, 'mIdstr': '493351204387500032', 'sex': 0, 'nickName': 'wmmisty', 'mMobile': '18017766528', 'plateNumber': None, 'createTime': 1454115209000, 'mOrigin': 0, 'mStatus': None, 'headImg': None, 'realName': None, 'birthday': None, 'faceImg': None, 'height': None, 'weight': None, 'idCard': None, 'idType': 0, 'type': None, 'operationTime': None, 'points': None, 'buyRecords': None, 'mpNumberlist': None}, {'mId': 493351204815319040, 'mIdstr': '493351204815319040', 'sex': 0, 'nickName': 'andyding', 'mMobile': '13916476889', 'plateNumber': None, 'createTime': 1454115533000, 'mOrigin': 0, 'mStatus': None, 'headImg': None, 'realName': None, 'birthday': None, 'faceImg': None, 'height': None, 'weight': None, 'idCard': None, 'idType': 0, 'type': None, 'operationTime': None, 'points': None, 'buyRecords': None, 'mpNumberlist': None}]}, 'success': True}
2020-05-29 08:28:23,259 httpUtil.py [line:64] INFO >>>request url is: https://tcms.hopsontong.com:11013/cms/cms/member/memberInfoAddressPark/493351197991186432
2020-05-29 08:28:23,405 httpUtil.py [line:67] INFO >>>header: {'Accept': 'application/json, text/plain, */*', 'Content-Type': 'application/json;charset=UTF-8', 'User-Agent': 'Mozilla/5.0 (X11; Ubuntu; Linux x86_64; rv:22.0) Gecko/20100101 Firefox/22.0', 'Authorization': 'eyJhbGciOiJIUzI1NiJ9.eyJ1c2VyX2lkIjoiNDgxIiwiaWF0IjoxNTkwNzEyMTAyLCJleHAiOjE1OTA3MTkzMDIsIm5iZiI6MTU5MDcxMjEwMn0.ytFZBDqvurXZbOBTQf8a9UrVd6tglZTNEBwJFevtLOA'}
2020-05-29 08:28:23,405 httpUtil.py [line:70] INFO >>>response: {'msg': '系统繁忙，请稍后重试', 'code': 9999}
2020-05-29 08:28:23,432 httpUtil.py [line:77] INFO >>>request url is: https://tcms.hopsontong.com:11013/cms/cms/personal-cms/buyRecords/218
2020-05-29 08:28:23,594 httpUtil.py [line:82] INFO >>>response: {'code': 200, 'msg': '成功', 'data': [], 'success': True}
2020-05-29 08:31:45,619 httpUtil.py [line:38] INFO params: {'appFlag': '', 'mobile': '18600750013', 'password': 'qwer1234'}
2020-05-29 08:31:45,620 httpUtil.py [line:93] INFO >>>request url https://uat-pms-sso.hopsontong.com:11013/api/login
2020-05-29 08:31:45,620 httpUtil.py [line:95] INFO >>>params {"appFlag": "", "mobile": "18600750013", "password": "qwer1234"}
2020-05-29 08:31:45,757 httpUtil.py [line:99] INFO >>>response: {'code': 200, 'msg': '成功', 'data': {'token': 'eyJhbGciOiJIUzI1NiJ9.eyJ1c2VyX2lkIjoiMTg2MDA3NTAwMTMiLCJpYXQiOjE1OTA3MTIzMDUsImV4cCI6MTU5MDcxOTUwNSwibmJmIjoxNTkwNzEyMzA1fQ.8R1oNvxALkcl3KKixfy-ea0_nkHW12wrytsyh3Udq98', 'applicationToken': None, 'isDirectLogin': False, 'tenants': [{'tenantId': 6, 'tenantName': '合生商业'}, {'tenantId': 32, 'tenantName': '虚拟租户'}], 'apps': None}, 'success': True}
2020-05-29 08:31:45,757 httpUtil.py [line:43] INFO eyJhbGciOiJIUzI1NiJ9.eyJ1c2VyX2lkIjoiMTg2MDA3NTAwMTMiLCJpYXQiOjE1OTA3MTIzMDUsImV4cCI6MTU5MDcxOTUwNSwibmJmIjoxNTkwNzEyMzA1fQ.8R1oNvxALkcl3KKixfy-ea0_nkHW12wrytsyh3Udq98
2020-05-29 08:31:45,757 httpUtil.py [line:50] INFO c_params: {'token': 'eyJhbGciOiJIUzI1NiJ9.eyJ1c2VyX2lkIjoiMTg2MDA3NTAwMTMiLCJpYXQiOjE1OTA3MTIzMDUsImV4cCI6MTU5MDcxOTUwNSwibmJmIjoxNTkwNzEyMzA1fQ.8R1oNvxALkcl3KKixfy-ea0_nkHW12wrytsyh3Udq98', 'appFlag': '', 'applicationToken': ''}
2020-05-29 08:31:45,758 httpUtil.py [line:93] INFO >>>request url https://uat-pms-sso.hopsontong.com:11013/api/checkToken
2020-05-29 08:31:45,758 httpUtil.py [line:95] INFO >>>params {"token": "eyJhbGciOiJIUzI1NiJ9.eyJ1c2VyX2lkIjoiMTg2MDA3NTAwMTMiLCJpYXQiOjE1OTA3MTIzMDUsImV4cCI6MTU5MDcxOTUwNSwibmJmIjoxNTkwNzEyMzA1fQ.8R1oNvxALkcl3KKixfy-ea0_nkHW12wrytsyh3Udq98", "appFlag": "", "applicationToken": ""}
2020-05-29 08:31:45,843 httpUtil.py [line:99] INFO >>>response: {'code': 200, 'msg': '成功', 'data': None, 'success': True}
2020-05-29 08:31:45,844 httpUtil.py [line:52] INFO c_response: {'code': 200, 'msg': '成功', 'data': None, 'success': True}
2020-05-29 08:31:45,844 httpUtil.py [line:93] INFO >>>request url https://uat-pms-sso.hopsontong.com:11013/api/selectTenant
2020-05-29 08:31:45,844 httpUtil.py [line:95] INFO >>>params {"accessToken": "", "loginToken": "eyJhbGciOiJIUzI1NiJ9.eyJ1c2VyX2lkIjoiMTg2MDA3NTAwMTMiLCJpYXQiOjE1OTA3MTIzMDUsImV4cCI6MTU5MDcxOTUwNSwibmJmIjoxNTkwNzEyMzA1fQ.8R1oNvxALkcl3KKixfy-ea0_nkHW12wrytsyh3Udq98", "tenantId": 6}
2020-05-29 08:31:45,939 httpUtil.py [line:99] INFO >>>response: {'code': 200, 'msg': '成功', 'data': {'token': 'eyJhbGciOiJIUzI1NiJ9.eyJ1c2VyX2lkIjoiNDgxIiwiaWF0IjoxNTkwNzEyMzA1LCJleHAiOjE1OTA3MTk1MDUsIm5iZiI6MTU5MDcxMjMwNX0.s6K0uKVmhCTt82Kj0EJxyD3ikG3VU9Ebx1H-dD4NyLA', 'apps': [{'id': 1, 'appName': '合生通运营管理平台', 'appIcon': 'http://kf-pms-cdn.hopsontong.com/1588139980164-13771/cms/hopsontong-logo-258x86.png', 'appUrl': 'https://tcms.hopsontong.com:11013/#/,https://pcms.hopsontong.com:11013/#/,https://kfcms.hopsontong.com:11013/#/,http://localhost:11013/#/,https://kfcms-ljb.hopsontong.com:11013/#/'}, {'id': 0, 'appName': '权限系统', 'appIcon': 'https://kf-pms-cdn.hopsontong.com/1585129410411-10947/cms/permission-system-logo-258x86.png', 'appUrl': 'https://pms-tenant.hopsontong.com/'}]}, 'success': True}
2020-05-29 08:31:45,972 httpUtil.py [line:93] INFO >>>request url https://tcms.hopsontong.com:11013/cms/cms/member/memberInfo/list
2020-05-29 08:31:45,973 httpUtil.py [line:95] INFO >>>params {"member": "", "plateNumber": "", "sex": "", "startTime": "", "endTime": "", "label": "", "source": "", "provinceId": "", "cityId": "", "areaId": "", "marketId": "", "page": 1, "size": 10}
2020-05-29 08:31:46,235 httpUtil.py [line:99] INFO >>>response: {'code': 200, 'msg': '成功', 'data': {'total': 464325, 'rows': [{'mId': 493351185882230784, 'mIdstr': '493351185882230784', 'sex': 0, 'nickName': 'dika', 'mMobile': '13764668179', 'plateNumber': None, 'createTime': 1454071572000, 'mOrigin': 0, 'mStatus': None, 'headImg': None, 'realName': None, 'birthday': None, 'faceImg': None, 'height': None, 'weight': None, 'idCard': None, 'idType': 0, 'type': None, 'operationTime': None, 'points': None, 'buyRecords': None, 'mpNumberlist': None}, {'mId': 493351186251329536, 'mIdstr': '493351186251329536', 'sex': 0, 'nickName': '草色青青', 'mMobile': '13916948676', 'plateNumber': None, 'createTime': 1454071732000, 'mOrigin': 0, 'mStatus': None, 'headImg': None, 'realName': None, 'birthday': None, 'faceImg': None, 'height': None, 'weight': None, 'idCard': None, 'idType': 0, 'type': None, 'operationTime': None, 'points': None, 'buyRecords': None, 'mpNumberlist': None}, {'mId': 493351187702558720, 'mIdstr': '493351187702558720', 'sex': 0, 'nickName': 'Rennie131', 'mMobile': '13917764057', 'plateNumber': None, 'createTime': 1454073926000, 'mOrigin': 0, 'mStatus': None, 'headImg': None, 'realName': None, 'birthday': None, 'faceImg': None, 'height': None, 'weight': None, 'idCard': None, 'idType': 0, 'type': None, 'operationTime': None, 'points': None, 'buyRecords': None, 'mpNumberlist': None}, {'mId': 493351192291127296, 'mIdstr': '493351192291127296', 'sex': 0, 'nickName': 'fan\u2006zin\u2006y', 'mMobile': '13386108821', 'plateNumber': None, 'createTime': 1454077444000, 'mOrigin': 0, 'mStatus': None, 'headImg': None, 'realName': None, 'birthday': None, 'faceImg': None, 'height': None, 'weight': None, 'idCard': None, 'idType': 0, 'type': None, 'operationTime': None, 'points': None, 'buyRecords': None, 'mpNumberlist': None}, {'mId': 493351193918517248, 'mIdstr': '493351193918517248', 'sex': 0, 'nickName': '江', 'mMobile': '13512123863', 'plateNumber': None, 'createTime': 1454078999000, 'mOrigin': 0, 'mStatus': None, 'headImg': None, 'realName': None, 'birthday': None, 'faceImg': None, 'height': None, 'weight': None, 'idCard': None, 'idType': 0, 'type': None, 'operationTime': None, 'points': None, 'buyRecords': None, 'mpNumberlist': None}, {'mId': 493351197991186432, 'mIdstr': '493351197991186432', 'sex': 0, 'nickName': '元卿贝贝', 'mMobile': '18930832569', 'plateNumber': None, 'createTime': 1454083407000, 'mOrigin': 0, 'mStatus': None, 'headImg': None, 'realName': None, 'birthday': None, 'faceImg': None, 'height': None, 'weight': None, 'idCard': None, 'idType': 0, 'type': None, 'operationTime': None, 'points': None, 'buyRecords': None, 'mpNumberlist': None}, {'mId': 493351200574877696, 'mIdstr': '493351200574877696', 'sex': 0, 'nickName': 'iamvivid', 'mMobile': '13370225630', 'plateNumber': None, 'createTime': 1454106263000, 'mOrigin': 0, 'mStatus': None, 'headImg': None, 'realName': None, 'birthday': None, 'faceImg': None, 'height': None, 'weight': None, 'idCard': None, 'idType': 0, 'type': None, 'operationTime': None, 'points': None, 'buyRecords': None, 'mpNumberlist': None}, {'mId': 493351202084827136, 'mIdstr': '493351202084827136', 'sex': 0, 'nickName': 'sammiyang', 'mMobile': '13651800518', 'plateNumber': None, 'createTime': 1454110258000, 'mOrigin': 0, 'mStatus': None, 'headImg': None, 'realName': None, 'birthday': None, 'faceImg': None, 'height': None, 'weight': None, 'idCard': None, 'idType': 0, 'type': None, 'operationTime': None, 'points': None, 'buyRecords': None, 'mpNumberlist': None}, {'mId': 493351204387500032, 'mIdstr': '493351204387500032', 'sex': 0, 'nickName': 'wmmisty', 'mMobile': '18017766528', 'plateNumber': None, 'createTime': 1454115209000, 'mOrigin': 0, 'mStatus': None, 'headImg': None, 'realName': None, 'birthday': None, 'faceImg': None, 'height': None, 'weight': None, 'idCard': None, 'idType': 0, 'type': None, 'operationTime': None, 'points': None, 'buyRecords': None, 'mpNumberlist': None}, {'mId': 493351204815319040, 'mIdstr': '493351204815319040', 'sex': 0, 'nickName': 'andyding', 'mMobile': '13916476889', 'plateNumber': None, 'createTime': 1454115533000, 'mOrigin': 0, 'mStatus': None, 'headImg': None, 'realName': None, 'birthday': None, 'faceImg': None, 'height': None, 'weight': None, 'idCard': None, 'idType': 0, 'type': None, 'operationTime': None, 'points': None, 'buyRecords': None, 'mpNumberlist': None}]}, 'success': True}
2020-05-29 08:31:46,271 httpUtil.py [line:64] INFO >>>request url is: https://tcms.hopsontong.com:11013/cms/cms/member/memberInfoAddressPark/493351197991186432
2020-05-29 08:31:46,417 httpUtil.py [line:67] INFO >>>header: {'Accept': 'application/json, text/plain, */*', 'Content-Type': 'application/json;charset=UTF-8', 'User-Agent': 'Mozilla/5.0 (X11; Ubuntu; Linux x86_64; rv:22.0) Gecko/20100101 Firefox/22.0', 'Authorization': 'eyJhbGciOiJIUzI1NiJ9.eyJ1c2VyX2lkIjoiNDgxIiwiaWF0IjoxNTkwNzEyMzA1LCJleHAiOjE1OTA3MTk1MDUsIm5iZiI6MTU5MDcxMjMwNX0.s6K0uKVmhCTt82Kj0EJxyD3ikG3VU9Ebx1H-dD4NyLA'}
2020-05-29 08:31:46,417 httpUtil.py [line:70] INFO >>>response: {'msg': '系统繁忙，请稍后重试', 'code': 9999}
2020-05-29 08:31:46,458 httpUtil.py [line:77] INFO >>>request url is: https://tcms.hopsontong.com:11013/cms/cms/personal-cms/buyRecords/218
2020-05-29 08:31:46,606 httpUtil.py [line:82] INFO >>>response: {'code': 200, 'msg': '成功', 'data': [], 'success': True}
2020-05-29 08:32:54,301 test_01_login.py [line:21] INFO params: {'appFlag': '', 'mobile': '18600750013', 'password': 'qwer1234'}
2020-05-29 08:32:54,314 httpUtil.py [line:93] INFO >>>request url https://uat-pms-sso.hopsontong.com:11013/api/login
2020-05-29 08:32:54,314 httpUtil.py [line:95] INFO >>>params {"appFlag": "", "mobile": "18600750013", "password": "qwer1234"}
2020-05-29 08:32:54,419 httpUtil.py [line:99] INFO >>>response: {'code': 200, 'msg': '成功', 'data': {'token': 'eyJhbGciOiJIUzI1NiJ9.eyJ1c2VyX2lkIjoiMTg2MDA3NTAwMTMiLCJpYXQiOjE1OTA3MTIzNzQsImV4cCI6MTU5MDcxOTU3NCwibmJmIjoxNTkwNzEyMzc0fQ.oOvNnf-W-eSEH7873uGNGo1q4E91DowOI9_9oBUQ2fk', 'applicationToken': None, 'isDirectLogin': False, 'tenants': [{'tenantId': 6, 'tenantName': '合生商业'}, {'tenantId': 32, 'tenantName': '虚拟租户'}], 'apps': None}, 'success': True}
2020-05-29 08:32:54,419 test_01_login.py [line:27] INFO eyJhbGciOiJIUzI1NiJ9.eyJ1c2VyX2lkIjoiMTg2MDA3NTAwMTMiLCJpYXQiOjE1OTA3MTIzNzQsImV4cCI6MTU5MDcxOTU3NCwibmJmIjoxNTkwNzEyMzc0fQ.oOvNnf-W-eSEH7873uGNGo1q4E91DowOI9_9oBUQ2fk
2020-05-29 08:32:54,428 test_01_login.py [line:33] INFO params: {'appFlag': '', 'mobile': '18600750013', 'password': 'e10adc3949ba59abbe56883e'}
2020-05-29 08:32:54,435 httpUtil.py [line:93] INFO >>>request url https://uat-pms-sso.hopsontong.com:11013/api/login
2020-05-29 08:32:54,435 httpUtil.py [line:95] INFO >>>params {"appFlag": "", "mobile": "18600750013", "password": "e10adc3949ba59abbe56883e"}
2020-05-29 08:32:54,513 httpUtil.py [line:99] INFO >>>response: {'code': 400, 'msg': '密码错误', 'data': None, 'success': False}
2020-05-29 08:32:54,522 test_01_login.py [line:40] INFO params: {'appFlag': '', 'mobile': '1860075001', 'password': 'e10adc3949ba59abbe56e057f20f883e'}
2020-05-29 08:32:54,528 httpUtil.py [line:93] INFO >>>request url https://uat-pms-sso.hopsontong.com:11013/api/login
2020-05-29 08:32:54,529 httpUtil.py [line:95] INFO >>>params {"appFlag": "", "mobile": "1860075001", "password": "e10adc3949ba59abbe56e057f20f883e"}
2020-05-29 08:32:54,610 httpUtil.py [line:99] INFO >>>response: {'code': 400, 'msg': '手机号码格式错误', 'data': None, 'success': False}
2020-05-29 08:32:54,619 test_01_login.py [line:47] INFO params: {'appFlag': '', 'mobile': '', 'password': 'e10adc3949ba59abbe56e057f20f883e'}
2020-05-29 08:32:54,627 httpUtil.py [line:93] INFO >>>request url https://uat-pms-sso.hopsontong.com:11013/api/login
2020-05-29 08:32:54,627 httpUtil.py [line:95] INFO >>>params {"appFlag": "", "mobile": "", "password": "e10adc3949ba59abbe56e057f20f883e"}
2020-05-29 08:32:54,723 httpUtil.py [line:99] INFO >>>response: {'code': 400, 'msg': '手机号码格式错误', 'data': None, 'success': False}
2020-05-29 08:32:54,731 test_01_login.py [line:54] INFO params: {'appFlag': '', 'mobile': '18600750013', 'password': ''}
2020-05-29 08:32:54,737 httpUtil.py [line:93] INFO >>>request url https://uat-pms-sso.hopsontong.com:11013/api/login
2020-05-29 08:32:54,738 httpUtil.py [line:95] INFO >>>params {"appFlag": "", "mobile": "18600750013", "password": ""}
2020-05-29 08:32:54,811 httpUtil.py [line:99] INFO >>>response: {'code': 400, 'msg': '密码不能为空', 'data': None, 'success': False}
2020-05-29 08:32:54,820 test_01_login.py [line:62] INFO params: {'appFlag': 2, 'mobile': '18600750013', 'password': 'qwer1234'}
2020-05-29 08:32:54,827 httpUtil.py [line:93] INFO >>>request url https://uat-pms-sso.hopsontong.com:11013/api/login
2020-05-29 08:32:54,827 httpUtil.py [line:95] INFO >>>params {"appFlag": 2, "mobile": "18600750013", "password": "qwer1234"}
2020-05-29 08:32:54,924 httpUtil.py [line:99] INFO >>>response: {'code': 400, 'msg': '应用标识错误,授权登录失败', 'data': None, 'success': False}
2020-05-29 08:32:54,954 httpUtil.py [line:38] INFO params: {'appFlag': '', 'mobile': '18600750013', 'password': 'qwer1234'}
2020-05-29 08:32:54,954 httpUtil.py [line:93] INFO >>>request url https://uat-pms-sso.hopsontong.com:11013/api/login
2020-05-29 08:32:54,954 httpUtil.py [line:95] INFO >>>params {"appFlag": "", "mobile": "18600750013", "password": "qwer1234"}
2020-05-29 08:32:55,043 httpUtil.py [line:99] INFO >>>response: {'code': 200, 'msg': '成功', 'data': {'token': 'eyJhbGciOiJIUzI1NiJ9.eyJ1c2VyX2lkIjoiMTg2MDA3NTAwMTMiLCJpYXQiOjE1OTA3MTIzNzUsImV4cCI6MTU5MDcxOTU3NSwibmJmIjoxNTkwNzEyMzc1fQ._Gi9ZPvmP-HKwcuFf67rlmxwr7YBh0E4Xwbvg6pXAkQ', 'applicationToken': None, 'isDirectLogin': False, 'tenants': [{'tenantId': 6, 'tenantName': '合生商业'}, {'tenantId': 32, 'tenantName': '虚拟租户'}], 'apps': None}, 'success': True}
2020-05-29 08:32:55,043 httpUtil.py [line:43] INFO eyJhbGciOiJIUzI1NiJ9.eyJ1c2VyX2lkIjoiMTg2MDA3NTAwMTMiLCJpYXQiOjE1OTA3MTIzNzUsImV4cCI6MTU5MDcxOTU3NSwibmJmIjoxNTkwNzEyMzc1fQ._Gi9ZPvmP-HKwcuFf67rlmxwr7YBh0E4Xwbvg6pXAkQ
2020-05-29 08:32:55,043 httpUtil.py [line:50] INFO c_params: {'token': 'eyJhbGciOiJIUzI1NiJ9.eyJ1c2VyX2lkIjoiMTg2MDA3NTAwMTMiLCJpYXQiOjE1OTA3MTIzNzUsImV4cCI6MTU5MDcxOTU3NSwibmJmIjoxNTkwNzEyMzc1fQ._Gi9ZPvmP-HKwcuFf67rlmxwr7YBh0E4Xwbvg6pXAkQ', 'appFlag': '', 'applicationToken': ''}
2020-05-29 08:32:55,043 httpUtil.py [line:93] INFO >>>request url https://uat-pms-sso.hopsontong.com:11013/api/checkToken
2020-05-29 08:32:55,043 httpUtil.py [line:95] INFO >>>params {"token": "eyJhbGciOiJIUzI1NiJ9.eyJ1c2VyX2lkIjoiMTg2MDA3NTAwMTMiLCJpYXQiOjE1OTA3MTIzNzUsImV4cCI6MTU5MDcxOTU3NSwibmJmIjoxNTkwNzEyMzc1fQ._Gi9ZPvmP-HKwcuFf67rlmxwr7YBh0E4Xwbvg6pXAkQ", "appFlag": "", "applicationToken": ""}
2020-05-29 08:32:55,127 httpUtil.py [line:99] INFO >>>response: {'code': 200, 'msg': '成功', 'data': None, 'success': True}
2020-05-29 08:32:55,127 httpUtil.py [line:52] INFO c_response: {'code': 200, 'msg': '成功', 'data': None, 'success': True}
2020-05-29 08:32:55,128 httpUtil.py [line:93] INFO >>>request url https://uat-pms-sso.hopsontong.com:11013/api/selectTenant
2020-05-29 08:32:55,128 httpUtil.py [line:95] INFO >>>params {"accessToken": "", "loginToken": "eyJhbGciOiJIUzI1NiJ9.eyJ1c2VyX2lkIjoiMTg2MDA3NTAwMTMiLCJpYXQiOjE1OTA3MTIzNzUsImV4cCI6MTU5MDcxOTU3NSwibmJmIjoxNTkwNzEyMzc1fQ._Gi9ZPvmP-HKwcuFf67rlmxwr7YBh0E4Xwbvg6pXAkQ", "tenantId": 6}
2020-05-29 08:32:55,228 httpUtil.py [line:99] INFO >>>response: {'code': 200, 'msg': '成功', 'data': {'token': 'eyJhbGciOiJIUzI1NiJ9.eyJ1c2VyX2lkIjoiNDgxIiwiaWF0IjoxNTkwNzEyMzc1LCJleHAiOjE1OTA3MTk1NzUsIm5iZiI6MTU5MDcxMjM3NX0.ltNkUth0CdkmIfyHv2fGmQE0V0MlLucePwNJ0rISl0A', 'apps': [{'id': 1, 'appName': '合生通运营管理平台', 'appIcon': 'http://kf-pms-cdn.hopsontong.com/1588139980164-13771/cms/hopsontong-logo-258x86.png', 'appUrl': 'https://tcms.hopsontong.com:11013/#/,https://pcms.hopsontong.com:11013/#/,https://kfcms.hopsontong.com:11013/#/,http://localhost:11013/#/,https://kfcms-ljb.hopsontong.com:11013/#/'}, {'id': 0, 'appName': '权限系统', 'appIcon': 'https://kf-pms-cdn.hopsontong.com/1585129410411-10947/cms/permission-system-logo-258x86.png', 'appUrl': 'https://pms-tenant.hopsontong.com/'}]}, 'success': True}
2020-05-29 08:32:55,248 httpUtil.py [line:64] INFO >>>request url is: https://tcms.hopsontong.com:11013/cms/cms/UnifiedAccess/getMarket
2020-05-29 08:32:55,442 httpUtil.py [line:67] INFO >>>header: {'Accept': 'application/json, text/plain, */*', 'Content-Type': 'application/json;charset=UTF-8', 'User-Agent': 'Mozilla/5.0 (X11; Ubuntu; Linux x86_64; rv:22.0) Gecko/20100101 Firefox/22.0', 'Authorization': 'eyJhbGciOiJIUzI1NiJ9.eyJ1c2VyX2lkIjoiNDgxIiwiaWF0IjoxNTkwNzEyMzc1LCJleHAiOjE1OTA3MTk1NzUsIm5iZiI6MTU5MDcxMjM3NX0.ltNkUth0CdkmIfyHv2fGmQE0V0MlLucePwNJ0rISl0A'}
2020-05-29 08:32:55,443 httpUtil.py [line:70] INFO >>>response: {'code': 200, 'msg': '成功', 'data': [{'id': None, 'marketName': '合生商业(商管集团)', 'fmapId': None}, {'id': 218, 'marketName': '北京朝阳合生汇', 'fmapId': 'hopsonone-map'}, {'id': 108, 'marketName': '成都温江珠江广场', 'fmapId': 'cd-hsh-zja0'}, {'id': 141, 'marketName': '北京朝阳合生财富广场', 'fmapId': 'null'}, {'id': 164, 'marketName': '北京木樨园合生广场', 'fmapId': 'null'}, {'id': 213, 'marketName': '北京望京合生新天地', 'fmapId': 'null'}, {'id': 10230, 'marketName': '西安时代广场', 'fmapId': 'null'}, {'id': 90000, 'marketName': '虚拟商场', 'fmapId': None}, {'id': 132, 'marketName': '广州海珠合生广场(南区)', 'fmapId': 'null'}, {'id': 145, 'marketName': '广州珠江投资大厦', 'fmapId': None}, {'id': 150, 'marketName': '广州骏景生活天地', 'fmapId': 'null'}, {'id': 155, 'marketName': '深圳龙岗珠江国际中心', 'fmapId': None}, {'id': 170, 'marketName': '广州海珠合生广场(北区)', 'fmapId': None}, {'id': 188, 'marketName': '广州越华珠江国际大厦', 'fmapId': None}, {'id': 194, 'marketName': '广州南方花园生活天地', 'fmapId': 'null'}, {'id': 237, 'marketName': '广州增城合生汇', 'fmapId': 'null'}, {'id': 20229, 'marketName': '广州珠江国际纺织城', 'fmapId': None}, {'id': 110, 'marketName': '上海五角场合生汇', 'fmapId': 'hopsonone-map-wjc'}, {'id': 203, 'marketName': '杭州科华合生国贸中心', 'fmapId': None}, {'id': 234, 'marketName': '上海青浦合生新天地', 'fmapId': 'null'}], 'success': True}
2020-05-29 08:32:55,464 httpUtil.py [line:38] INFO params: {'appFlag': '', 'mobile': '18600750013', 'password': 'qwer1234'}
2020-05-29 08:32:55,464 httpUtil.py [line:93] INFO >>>request url https://uat-pms-sso.hopsontong.com:11013/api/login
2020-05-29 08:32:55,464 httpUtil.py [line:95] INFO >>>params {"appFlag": "", "mobile": "18600750013", "password": "qwer1234"}
2020-05-29 08:32:55,563 httpUtil.py [line:99] INFO >>>response: {'code': 200, 'msg': '成功', 'data': {'token': 'eyJhbGciOiJIUzI1NiJ9.eyJ1c2VyX2lkIjoiMTg2MDA3NTAwMTMiLCJpYXQiOjE1OTA3MTIzNzUsImV4cCI6MTU5MDcxOTU3NSwibmJmIjoxNTkwNzEyMzc1fQ._Gi9ZPvmP-HKwcuFf67rlmxwr7YBh0E4Xwbvg6pXAkQ', 'applicationToken': None, 'isDirectLogin': False, 'tenants': [{'tenantId': 6, 'tenantName': '合生商业'}, {'tenantId': 32, 'tenantName': '虚拟租户'}], 'apps': None}, 'success': True}
2020-05-29 08:32:55,564 httpUtil.py [line:43] INFO eyJhbGciOiJIUzI1NiJ9.eyJ1c2VyX2lkIjoiMTg2MDA3NTAwMTMiLCJpYXQiOjE1OTA3MTIzNzUsImV4cCI6MTU5MDcxOTU3NSwibmJmIjoxNTkwNzEyMzc1fQ._Gi9ZPvmP-HKwcuFf67rlmxwr7YBh0E4Xwbvg6pXAkQ
2020-05-29 08:32:55,564 httpUtil.py [line:50] INFO c_params: {'token': 'eyJhbGciOiJIUzI1NiJ9.eyJ1c2VyX2lkIjoiMTg2MDA3NTAwMTMiLCJpYXQiOjE1OTA3MTIzNzUsImV4cCI6MTU5MDcxOTU3NSwibmJmIjoxNTkwNzEyMzc1fQ._Gi9ZPvmP-HKwcuFf67rlmxwr7YBh0E4Xwbvg6pXAkQ', 'appFlag': '', 'applicationToken': ''}
2020-05-29 08:32:55,564 httpUtil.py [line:93] INFO >>>request url https://uat-pms-sso.hopsontong.com:11013/api/checkToken
2020-05-29 08:32:55,564 httpUtil.py [line:95] INFO >>>params {"token": "eyJhbGciOiJIUzI1NiJ9.eyJ1c2VyX2lkIjoiMTg2MDA3NTAwMTMiLCJpYXQiOjE1OTA3MTIzNzUsImV4cCI6MTU5MDcxOTU3NSwibmJmIjoxNTkwNzEyMzc1fQ._Gi9ZPvmP-HKwcuFf67rlmxwr7YBh0E4Xwbvg6pXAkQ", "appFlag": "", "applicationToken": ""}
2020-05-29 08:32:55,648 httpUtil.py [line:99] INFO >>>response: {'code': 200, 'msg': '成功', 'data': None, 'success': True}
2020-05-29 08:32:55,649 httpUtil.py [line:52] INFO c_response: {'code': 200, 'msg': '成功', 'data': None, 'success': True}
2020-05-29 08:32:55,649 httpUtil.py [line:93] INFO >>>request url https://uat-pms-sso.hopsontong.com:11013/api/selectTenant
2020-05-29 08:32:55,649 httpUtil.py [line:95] INFO >>>params {"accessToken": "", "loginToken": "eyJhbGciOiJIUzI1NiJ9.eyJ1c2VyX2lkIjoiMTg2MDA3NTAwMTMiLCJpYXQiOjE1OTA3MTIzNzUsImV4cCI6MTU5MDcxOTU3NSwibmJmIjoxNTkwNzEyMzc1fQ._Gi9ZPvmP-HKwcuFf67rlmxwr7YBh0E4Xwbvg6pXAkQ", "tenantId": 6}
2020-05-29 08:32:55,753 httpUtil.py [line:99] INFO >>>response: {'code': 200, 'msg': '成功', 'data': {'token': 'eyJhbGciOiJIUzI1NiJ9.eyJ1c2VyX2lkIjoiNDgxIiwiaWF0IjoxNTkwNzEyMzc1LCJleHAiOjE1OTA3MTk1NzUsIm5iZiI6MTU5MDcxMjM3NX0.ltNkUth0CdkmIfyHv2fGmQE0V0MlLucePwNJ0rISl0A', 'apps': [{'id': 1, 'appName': '合生通运营管理平台', 'appIcon': 'http://kf-pms-cdn.hopsontong.com/1588139980164-13771/cms/hopsontong-logo-258x86.png', 'appUrl': 'https://tcms.hopsontong.com:11013/#/,https://pcms.hopsontong.com:11013/#/,https://kfcms.hopsontong.com:11013/#/,http://localhost:11013/#/,https://kfcms-ljb.hopsontong.com:11013/#/'}, {'id': 0, 'appName': '权限系统', 'appIcon': 'https://kf-pms-cdn.hopsontong.com/1585129410411-10947/cms/permission-system-logo-258x86.png', 'appUrl': 'https://pms-tenant.hopsontong.com/'}]}, 'success': True}
2020-05-29 08:32:55,777 httpUtil.py [line:93] INFO >>>request url https://tcms.hopsontong.com:11013/cms/cms/member/memberInfo/list
2020-05-29 08:32:55,777 httpUtil.py [line:95] INFO >>>params {"member": "", "plateNumber": "", "sex": "", "startTime": "", "endTime": "", "label": "", "source": "", "provinceId": "", "cityId": "", "areaId": "", "marketId": "", "page": 1, "size": 10}
2020-05-29 08:32:56,036 httpUtil.py [line:99] INFO >>>response: {'code': 200, 'msg': '成功', 'data': {'total': 464325, 'rows': [{'mId': 493351185882230784, 'mIdstr': '493351185882230784', 'sex': 0, 'nickName': 'dika', 'mMobile': '13764668179', 'plateNumber': None, 'createTime': 1454071572000, 'mOrigin': 0, 'mStatus': None, 'headImg': None, 'realName': None, 'birthday': None, 'faceImg': None, 'height': None, 'weight': None, 'idCard': None, 'idType': 0, 'type': None, 'operationTime': None, 'points': None, 'buyRecords': None, 'mpNumberlist': None}, {'mId': 493351186251329536, 'mIdstr': '493351186251329536', 'sex': 0, 'nickName': '草色青青', 'mMobile': '13916948676', 'plateNumber': None, 'createTime': 1454071732000, 'mOrigin': 0, 'mStatus': None, 'headImg': None, 'realName': None, 'birthday': None, 'faceImg': None, 'height': None, 'weight': None, 'idCard': None, 'idType': 0, 'type': None, 'operationTime': None, 'points': None, 'buyRecords': None, 'mpNumberlist': None}, {'mId': 493351187702558720, 'mIdstr': '493351187702558720', 'sex': 0, 'nickName': 'Rennie131', 'mMobile': '13917764057', 'plateNumber': None, 'createTime': 1454073926000, 'mOrigin': 0, 'mStatus': None, 'headImg': None, 'realName': None, 'birthday': None, 'faceImg': None, 'height': None, 'weight': None, 'idCard': None, 'idType': 0, 'type': None, 'operationTime': None, 'points': None, 'buyRecords': None, 'mpNumberlist': None}, {'mId': 493351192291127296, 'mIdstr': '493351192291127296', 'sex': 0, 'nickName': 'fan\u2006zin\u2006y', 'mMobile': '13386108821', 'plateNumber': None, 'createTime': 1454077444000, 'mOrigin': 0, 'mStatus': None, 'headImg': None, 'realName': None, 'birthday': None, 'faceImg': None, 'height': None, 'weight': None, 'idCard': None, 'idType': 0, 'type': None, 'operationTime': None, 'points': None, 'buyRecords': None, 'mpNumberlist': None}, {'mId': 493351193918517248, 'mIdstr': '493351193918517248', 'sex': 0, 'nickName': '江', 'mMobile': '13512123863', 'plateNumber': None, 'createTime': 1454078999000, 'mOrigin': 0, 'mStatus': None, 'headImg': None, 'realName': None, 'birthday': None, 'faceImg': None, 'height': None, 'weight': None, 'idCard': None, 'idType': 0, 'type': None, 'operationTime': None, 'points': None, 'buyRecords': None, 'mpNumberlist': None}, {'mId': 493351197991186432, 'mIdstr': '493351197991186432', 'sex': 0, 'nickName': '元卿贝贝', 'mMobile': '18930832569', 'plateNumber': None, 'createTime': 1454083407000, 'mOrigin': 0, 'mStatus': None, 'headImg': None, 'realName': None, 'birthday': None, 'faceImg': None, 'height': None, 'weight': None, 'idCard': None, 'idType': 0, 'type': None, 'operationTime': None, 'points': None, 'buyRecords': None, 'mpNumberlist': None}, {'mId': 493351200574877696, 'mIdstr': '493351200574877696', 'sex': 0, 'nickName': 'iamvivid', 'mMobile': '13370225630', 'plateNumber': None, 'createTime': 1454106263000, 'mOrigin': 0, 'mStatus': None, 'headImg': None, 'realName': None, 'birthday': None, 'faceImg': None, 'height': None, 'weight': None, 'idCard': None, 'idType': 0, 'type': None, 'operationTime': None, 'points': None, 'buyRecords': None, 'mpNumberlist': None}, {'mId': 493351202084827136, 'mIdstr': '493351202084827136', 'sex': 0, 'nickName': 'sammiyang', 'mMobile': '13651800518', 'plateNumber': None, 'createTime': 1454110258000, 'mOrigin': 0, 'mStatus': None, 'headImg': None, 'realName': None, 'birthday': None, 'faceImg': None, 'height': None, 'weight': None, 'idCard': None, 'idType': 0, 'type': None, 'operationTime': None, 'points': None, 'buyRecords': None, 'mpNumberlist': None}, {'mId': 493351204387500032, 'mIdstr': '493351204387500032', 'sex': 0, 'nickName': 'wmmisty', 'mMobile': '18017766528', 'plateNumber': None, 'createTime': 1454115209000, 'mOrigin': 0, 'mStatus': None, 'headImg': None, 'realName': None, 'birthday': None, 'faceImg': None, 'height': None, 'weight': None, 'idCard': None, 'idType': 0, 'type': None, 'operationTime': None, 'points': None, 'buyRecords': None, 'mpNumberlist': None}, {'mId': 493351204815319040, 'mIdstr': '493351204815319040', 'sex': 0, 'nickName': 'andyding', 'mMobile': '13916476889', 'plateNumber': None, 'createTime': 1454115533000, 'mOrigin': 0, 'mStatus': None, 'headImg': None, 'realName': None, 'birthday': None, 'faceImg': None, 'height': None, 'weight': None, 'idCard': None, 'idType': 0, 'type': None, 'operationTime': None, 'points': None, 'buyRecords': None, 'mpNumberlist': None}]}, 'success': True}
2020-05-29 08:32:56,064 httpUtil.py [line:64] INFO >>>request url is: https://tcms.hopsontong.com:11013/cms/cms/member/memberInfoAddressPark/493351197991186432
2020-05-29 08:32:56,215 httpUtil.py [line:67] INFO >>>header: {'Accept': 'application/json, text/plain, */*', 'Content-Type': 'application/json;charset=UTF-8', 'User-Agent': 'Mozilla/5.0 (X11; Ubuntu; Linux x86_64; rv:22.0) Gecko/20100101 Firefox/22.0', 'Authorization': 'eyJhbGciOiJIUzI1NiJ9.eyJ1c2VyX2lkIjoiNDgxIiwiaWF0IjoxNTkwNzEyMzc1LCJleHAiOjE1OTA3MTk1NzUsIm5iZiI6MTU5MDcxMjM3NX0.ltNkUth0CdkmIfyHv2fGmQE0V0MlLucePwNJ0rISl0A'}
2020-05-29 08:32:56,215 httpUtil.py [line:70] INFO >>>response: {'msg': '系统繁忙，请稍后重试', 'code': 9999}
2020-05-29 08:32:56,248 httpUtil.py [line:77] INFO >>>request url is: https://tcms.hopsontong.com:11013/cms/cms/personal-cms/buyRecords/218
2020-05-29 08:32:56,436 httpUtil.py [line:82] INFO >>>response: {'code': 200, 'msg': '成功', 'data': [], 'success': True}
2020-05-29 08:34:57,618 test_01_login.py [line:21] INFO params: {'appFlag': '', 'mobile': '18600750013', 'password': 'qwer1234'}
2020-05-29 08:34:57,630 httpUtil.py [line:93] INFO >>>request url https://uat-pms-sso.hopsontong.com:11013/api/login
2020-05-29 08:34:57,630 httpUtil.py [line:95] INFO >>>params {"appFlag": "", "mobile": "18600750013", "password": "qwer1234"}
2020-05-29 08:34:57,775 httpUtil.py [line:99] INFO >>>response: {'code': 200, 'msg': '成功', 'data': {'token': 'eyJhbGciOiJIUzI1NiJ9.eyJ1c2VyX2lkIjoiMTg2MDA3NTAwMTMiLCJpYXQiOjE1OTA3MTI0OTcsImV4cCI6MTU5MDcxOTY5NywibmJmIjoxNTkwNzEyNDk3fQ.A5vWNOsVNae_68oK0PAeiLYRqBgfP4oZlIHvHA3jSJs', 'applicationToken': None, 'isDirectLogin': False, 'tenants': [{'tenantId': 6, 'tenantName': '合生商业'}, {'tenantId': 32, 'tenantName': '虚拟租户'}], 'apps': None}, 'success': True}
2020-05-29 08:34:57,775 test_01_login.py [line:27] INFO eyJhbGciOiJIUzI1NiJ9.eyJ1c2VyX2lkIjoiMTg2MDA3NTAwMTMiLCJpYXQiOjE1OTA3MTI0OTcsImV4cCI6MTU5MDcxOTY5NywibmJmIjoxNTkwNzEyNDk3fQ.A5vWNOsVNae_68oK0PAeiLYRqBgfP4oZlIHvHA3jSJs
2020-05-29 08:34:57,785 test_01_login.py [line:33] INFO params: {'appFlag': '', 'mobile': '18600750013', 'password': 'e10adc3949ba59abbe56883e'}
2020-05-29 08:34:57,791 httpUtil.py [line:93] INFO >>>request url https://uat-pms-sso.hopsontong.com:11013/api/login
2020-05-29 08:34:57,792 httpUtil.py [line:95] INFO >>>params {"appFlag": "", "mobile": "18600750013", "password": "e10adc3949ba59abbe56883e"}
2020-05-29 08:34:57,915 httpUtil.py [line:99] INFO >>>response: {'code': 400, 'msg': '密码错误', 'data': None, 'success': False}
2020-05-29 08:34:57,926 test_01_login.py [line:40] INFO params: {'appFlag': '', 'mobile': '1860075001', 'password': 'e10adc3949ba59abbe56e057f20f883e'}
2020-05-29 08:34:57,935 httpUtil.py [line:93] INFO >>>request url https://uat-pms-sso.hopsontong.com:11013/api/login
2020-05-29 08:34:57,936 httpUtil.py [line:95] INFO >>>params {"appFlag": "", "mobile": "1860075001", "password": "e10adc3949ba59abbe56e057f20f883e"}
2020-05-29 08:34:58,038 httpUtil.py [line:99] INFO >>>response: {'code': 400, 'msg': '手机号码格式错误', 'data': None, 'success': False}
2020-05-29 08:34:58,047 test_01_login.py [line:47] INFO params: {'appFlag': '', 'mobile': '', 'password': 'e10adc3949ba59abbe56e057f20f883e'}
2020-05-29 08:34:58,055 httpUtil.py [line:93] INFO >>>request url https://uat-pms-sso.hopsontong.com:11013/api/login
2020-05-29 08:34:58,055 httpUtil.py [line:95] INFO >>>params {"appFlag": "", "mobile": "", "password": "e10adc3949ba59abbe56e057f20f883e"}
2020-05-29 08:34:58,140 httpUtil.py [line:99] INFO >>>response: {'code': 400, 'msg': '手机号码格式错误', 'data': None, 'success': False}
2020-05-29 08:34:58,149 test_01_login.py [line:54] INFO params: {'appFlag': '', 'mobile': '18600750013', 'password': ''}
2020-05-29 08:34:58,156 httpUtil.py [line:93] INFO >>>request url https://uat-pms-sso.hopsontong.com:11013/api/login
2020-05-29 08:34:58,156 httpUtil.py [line:95] INFO >>>params {"appFlag": "", "mobile": "18600750013", "password": ""}
2020-05-29 08:34:58,250 httpUtil.py [line:99] INFO >>>response: {'code': 400, 'msg': '密码不能为空', 'data': None, 'success': False}
2020-05-29 08:34:58,258 test_01_login.py [line:62] INFO params: {'appFlag': 2, 'mobile': '18600750013', 'password': 'qwer1234'}
2020-05-29 08:34:58,265 httpUtil.py [line:93] INFO >>>request url https://uat-pms-sso.hopsontong.com:11013/api/login
2020-05-29 08:34:58,265 httpUtil.py [line:95] INFO >>>params {"appFlag": 2, "mobile": "18600750013", "password": "qwer1234"}
2020-05-29 08:34:58,389 httpUtil.py [line:99] INFO >>>response: {'code': 400, 'msg': '应用标识错误,授权登录失败', 'data': None, 'success': False}
2020-05-29 08:34:58,412 httpUtil.py [line:38] INFO params: {'appFlag': '', 'mobile': '18600750013', 'password': 'qwer1234'}
2020-05-29 08:34:58,412 httpUtil.py [line:93] INFO >>>request url https://uat-pms-sso.hopsontong.com:11013/api/login
2020-05-29 08:34:58,412 httpUtil.py [line:95] INFO >>>params {"appFlag": "", "mobile": "18600750013", "password": "qwer1234"}
2020-05-29 08:34:58,527 httpUtil.py [line:99] INFO >>>response: {'code': 200, 'msg': '成功', 'data': {'token': 'eyJhbGciOiJIUzI1NiJ9.eyJ1c2VyX2lkIjoiMTg2MDA3NTAwMTMiLCJpYXQiOjE1OTA3MTI0OTgsImV4cCI6MTU5MDcxOTY5OCwibmJmIjoxNTkwNzEyNDk4fQ.SIxQy0mqJWgGPkj7jTRHJBvukTV-pSx_aALWPlLa32k', 'applicationToken': None, 'isDirectLogin': False, 'tenants': [{'tenantId': 6, 'tenantName': '合生商业'}, {'tenantId': 32, 'tenantName': '虚拟租户'}], 'apps': None}, 'success': True}
2020-05-29 08:34:58,528 httpUtil.py [line:43] INFO eyJhbGciOiJIUzI1NiJ9.eyJ1c2VyX2lkIjoiMTg2MDA3NTAwMTMiLCJpYXQiOjE1OTA3MTI0OTgsImV4cCI6MTU5MDcxOTY5OCwibmJmIjoxNTkwNzEyNDk4fQ.SIxQy0mqJWgGPkj7jTRHJBvukTV-pSx_aALWPlLa32k
2020-05-29 08:34:58,528 httpUtil.py [line:50] INFO c_params: {'token': 'eyJhbGciOiJIUzI1NiJ9.eyJ1c2VyX2lkIjoiMTg2MDA3NTAwMTMiLCJpYXQiOjE1OTA3MTI0OTgsImV4cCI6MTU5MDcxOTY5OCwibmJmIjoxNTkwNzEyNDk4fQ.SIxQy0mqJWgGPkj7jTRHJBvukTV-pSx_aALWPlLa32k', 'appFlag': '', 'applicationToken': ''}
2020-05-29 08:34:58,528 httpUtil.py [line:93] INFO >>>request url https://uat-pms-sso.hopsontong.com:11013/api/checkToken
2020-05-29 08:34:58,528 httpUtil.py [line:95] INFO >>>params {"token": "eyJhbGciOiJIUzI1NiJ9.eyJ1c2VyX2lkIjoiMTg2MDA3NTAwMTMiLCJpYXQiOjE1OTA3MTI0OTgsImV4cCI6MTU5MDcxOTY5OCwibmJmIjoxNTkwNzEyNDk4fQ.SIxQy0mqJWgGPkj7jTRHJBvukTV-pSx_aALWPlLa32k", "appFlag": "", "applicationToken": ""}
2020-05-29 08:34:58,620 httpUtil.py [line:99] INFO >>>response: {'code': 200, 'msg': '成功', 'data': None, 'success': True}
2020-05-29 08:34:58,621 httpUtil.py [line:52] INFO c_response: {'code': 200, 'msg': '成功', 'data': None, 'success': True}
2020-05-29 08:34:58,621 httpUtil.py [line:93] INFO >>>request url https://uat-pms-sso.hopsontong.com:11013/api/selectTenant
2020-05-29 08:34:58,621 httpUtil.py [line:95] INFO >>>params {"accessToken": "", "loginToken": "eyJhbGciOiJIUzI1NiJ9.eyJ1c2VyX2lkIjoiMTg2MDA3NTAwMTMiLCJpYXQiOjE1OTA3MTI0OTgsImV4cCI6MTU5MDcxOTY5OCwibmJmIjoxNTkwNzEyNDk4fQ.SIxQy0mqJWgGPkj7jTRHJBvukTV-pSx_aALWPlLa32k", "tenantId": 6}
2020-05-29 08:34:58,726 httpUtil.py [line:99] INFO >>>response: {'code': 200, 'msg': '成功', 'data': {'token': 'eyJhbGciOiJIUzI1NiJ9.eyJ1c2VyX2lkIjoiNDgxIiwiaWF0IjoxNTkwNzEyNDk4LCJleHAiOjE1OTA3MTk2OTgsIm5iZiI6MTU5MDcxMjQ5OH0.uJhHbptGSCLlJJc-mzAsPAukOyVMSNoBe7rOp5nmruo', 'apps': [{'id': 1, 'appName': '合生通运营管理平台', 'appIcon': 'http://kf-pms-cdn.hopsontong.com/1588139980164-13771/cms/hopsontong-logo-258x86.png', 'appUrl': 'https://tcms.hopsontong.com:11013/#/,https://pcms.hopsontong.com:11013/#/,https://kfcms.hopsontong.com:11013/#/,http://localhost:11013/#/,https://kfcms-ljb.hopsontong.com:11013/#/'}, {'id': 0, 'appName': '权限系统', 'appIcon': 'https://kf-pms-cdn.hopsontong.com/1585129410411-10947/cms/permission-system-logo-258x86.png', 'appUrl': 'https://pms-tenant.hopsontong.com/'}]}, 'success': True}
2020-05-29 08:34:58,749 httpUtil.py [line:64] INFO >>>request url is: https://tcms.hopsontong.com:11013/cms/cms/UnifiedAccess/getMarket
2020-05-29 08:34:59,032 httpUtil.py [line:67] INFO >>>header: {'Accept': 'application/json, text/plain, */*', 'Content-Type': 'application/json;charset=UTF-8', 'User-Agent': 'Mozilla/5.0 (X11; Ubuntu; Linux x86_64; rv:22.0) Gecko/20100101 Firefox/22.0', 'Authorization': 'eyJhbGciOiJIUzI1NiJ9.eyJ1c2VyX2lkIjoiNDgxIiwiaWF0IjoxNTkwNzEyNDk4LCJleHAiOjE1OTA3MTk2OTgsIm5iZiI6MTU5MDcxMjQ5OH0.uJhHbptGSCLlJJc-mzAsPAukOyVMSNoBe7rOp5nmruo'}
2020-05-29 08:34:59,033 httpUtil.py [line:70] INFO >>>response: {'code': 200, 'msg': '成功', 'data': [{'id': None, 'marketName': '合生商业(商管集团)', 'fmapId': None}, {'id': 218, 'marketName': '北京朝阳合生汇', 'fmapId': 'hopsonone-map'}, {'id': 108, 'marketName': '成都温江珠江广场', 'fmapId': 'cd-hsh-zja0'}, {'id': 141, 'marketName': '北京朝阳合生财富广场', 'fmapId': 'null'}, {'id': 164, 'marketName': '北京木樨园合生广场', 'fmapId': 'null'}, {'id': 213, 'marketName': '北京望京合生新天地', 'fmapId': 'null'}, {'id': 10230, 'marketName': '西安时代广场', 'fmapId': 'null'}, {'id': 90000, 'marketName': '虚拟商场', 'fmapId': None}, {'id': 132, 'marketName': '广州海珠合生广场(南区)', 'fmapId': 'null'}, {'id': 145, 'marketName': '广州珠江投资大厦', 'fmapId': None}, {'id': 150, 'marketName': '广州骏景生活天地', 'fmapId': 'null'}, {'id': 155, 'marketName': '深圳龙岗珠江国际中心', 'fmapId': None}, {'id': 170, 'marketName': '广州海珠合生广场(北区)', 'fmapId': None}, {'id': 188, 'marketName': '广州越华珠江国际大厦', 'fmapId': None}, {'id': 194, 'marketName': '广州南方花园生活天地', 'fmapId': 'null'}, {'id': 237, 'marketName': '广州增城合生汇', 'fmapId': 'null'}, {'id': 20229, 'marketName': '广州珠江国际纺织城', 'fmapId': None}, {'id': 110, 'marketName': '上海五角场合生汇', 'fmapId': 'hopsonone-map-wjc'}, {'id': 203, 'marketName': '杭州科华合生国贸中心', 'fmapId': None}, {'id': 234, 'marketName': '上海青浦合生新天地', 'fmapId': 'null'}], 'success': True}
2020-05-29 08:34:59,054 httpUtil.py [line:38] INFO params: {'appFlag': '', 'mobile': '18600750013', 'password': 'qwer1234'}
2020-05-29 08:34:59,054 httpUtil.py [line:93] INFO >>>request url https://uat-pms-sso.hopsontong.com:11013/api/login
2020-05-29 08:34:59,054 httpUtil.py [line:95] INFO >>>params {"appFlag": "", "mobile": "18600750013", "password": "qwer1234"}
2020-05-29 08:34:59,157 httpUtil.py [line:99] INFO >>>response: {'code': 200, 'msg': '成功', 'data': {'token': 'eyJhbGciOiJIUzI1NiJ9.eyJ1c2VyX2lkIjoiMTg2MDA3NTAwMTMiLCJpYXQiOjE1OTA3MTI0OTksImV4cCI6MTU5MDcxOTY5OSwibmJmIjoxNTkwNzEyNDk5fQ.Gjnrck-Cch_5jJxptSyjq_Po8Va4T0qJvWrKaSgRFx4', 'applicationToken': None, 'isDirectLogin': False, 'tenants': [{'tenantId': 6, 'tenantName': '合生商业'}, {'tenantId': 32, 'tenantName': '虚拟租户'}], 'apps': None}, 'success': True}
2020-05-29 08:34:59,157 httpUtil.py [line:43] INFO eyJhbGciOiJIUzI1NiJ9.eyJ1c2VyX2lkIjoiMTg2MDA3NTAwMTMiLCJpYXQiOjE1OTA3MTI0OTksImV4cCI6MTU5MDcxOTY5OSwibmJmIjoxNTkwNzEyNDk5fQ.Gjnrck-Cch_5jJxptSyjq_Po8Va4T0qJvWrKaSgRFx4
2020-05-29 08:34:59,157 httpUtil.py [line:50] INFO c_params: {'token': 'eyJhbGciOiJIUzI1NiJ9.eyJ1c2VyX2lkIjoiMTg2MDA3NTAwMTMiLCJpYXQiOjE1OTA3MTI0OTksImV4cCI6MTU5MDcxOTY5OSwibmJmIjoxNTkwNzEyNDk5fQ.Gjnrck-Cch_5jJxptSyjq_Po8Va4T0qJvWrKaSgRFx4', 'appFlag': '', 'applicationToken': ''}
2020-05-29 08:34:59,158 httpUtil.py [line:93] INFO >>>request url https://uat-pms-sso.hopsontong.com:11013/api/checkToken
2020-05-29 08:34:59,158 httpUtil.py [line:95] INFO >>>params {"token": "eyJhbGciOiJIUzI1NiJ9.eyJ1c2VyX2lkIjoiMTg2MDA3NTAwMTMiLCJpYXQiOjE1OTA3MTI0OTksImV4cCI6MTU5MDcxOTY5OSwibmJmIjoxNTkwNzEyNDk5fQ.Gjnrck-Cch_5jJxptSyjq_Po8Va4T0qJvWrKaSgRFx4", "appFlag": "", "applicationToken": ""}
2020-05-29 08:34:59,253 httpUtil.py [line:99] INFO >>>response: {'code': 200, 'msg': '成功', 'data': None, 'success': True}
2020-05-29 08:34:59,254 httpUtil.py [line:52] INFO c_response: {'code': 200, 'msg': '成功', 'data': None, 'success': True}
2020-05-29 08:34:59,254 httpUtil.py [line:93] INFO >>>request url https://uat-pms-sso.hopsontong.com:11013/api/selectTenant
2020-05-29 08:34:59,255 httpUtil.py [line:95] INFO >>>params {"accessToken": "", "loginToken": "eyJhbGciOiJIUzI1NiJ9.eyJ1c2VyX2lkIjoiMTg2MDA3NTAwMTMiLCJpYXQiOjE1OTA3MTI0OTksImV4cCI6MTU5MDcxOTY5OSwibmJmIjoxNTkwNzEyNDk5fQ.Gjnrck-Cch_5jJxptSyjq_Po8Va4T0qJvWrKaSgRFx4", "tenantId": 6}
2020-05-29 08:34:59,343 httpUtil.py [line:99] INFO >>>response: {'code': 200, 'msg': '成功', 'data': {'token': 'eyJhbGciOiJIUzI1NiJ9.eyJ1c2VyX2lkIjoiNDgxIiwiaWF0IjoxNTkwNzEyNDk5LCJleHAiOjE1OTA3MTk2OTksIm5iZiI6MTU5MDcxMjQ5OX0.-a_uYzoNtFeymdJkuQLvsklE1NG2pQcPfT9mB-4BEbg', 'apps': [{'id': 1, 'appName': '合生通运营管理平台', 'appIcon': 'http://kf-pms-cdn.hopsontong.com/1588139980164-13771/cms/hopsontong-logo-258x86.png', 'appUrl': 'https://tcms.hopsontong.com:11013/#/,https://pcms.hopsontong.com:11013/#/,https://kfcms.hopsontong.com:11013/#/,http://localhost:11013/#/,https://kfcms-ljb.hopsontong.com:11013/#/'}, {'id': 0, 'appName': '权限系统', 'appIcon': 'https://kf-pms-cdn.hopsontong.com/1585129410411-10947/cms/permission-system-logo-258x86.png', 'appUrl': 'https://pms-tenant.hopsontong.com/'}]}, 'success': True}
2020-05-29 08:34:59,365 httpUtil.py [line:93] INFO >>>request url https://tcms.hopsontong.com:11013/cms/cms/member/memberInfo/list
2020-05-29 08:34:59,365 httpUtil.py [line:95] INFO >>>params {"member": "", "plateNumber": "", "sex": "", "startTime": "", "endTime": "", "label": "", "source": "", "provinceId": "", "cityId": "", "areaId": "", "marketId": "", "page": 1, "size": 10}
2020-05-29 08:34:59,625 httpUtil.py [line:99] INFO >>>response: {'code': 200, 'msg': '成功', 'data': {'total': 464325, 'rows': [{'mId': 493351185882230784, 'mIdstr': '493351185882230784', 'sex': 0, 'nickName': 'dika', 'mMobile': '13764668179', 'plateNumber': None, 'createTime': 1454071572000, 'mOrigin': 0, 'mStatus': None, 'headImg': None, 'realName': None, 'birthday': None, 'faceImg': None, 'height': None, 'weight': None, 'idCard': None, 'idType': 0, 'type': None, 'operationTime': None, 'points': None, 'buyRecords': None, 'mpNumberlist': None}, {'mId': 493351186251329536, 'mIdstr': '493351186251329536', 'sex': 0, 'nickName': '草色青青', 'mMobile': '13916948676', 'plateNumber': None, 'createTime': 1454071732000, 'mOrigin': 0, 'mStatus': None, 'headImg': None, 'realName': None, 'birthday': None, 'faceImg': None, 'height': None, 'weight': None, 'idCard': None, 'idType': 0, 'type': None, 'operationTime': None, 'points': None, 'buyRecords': None, 'mpNumberlist': None}, {'mId': 493351187702558720, 'mIdstr': '493351187702558720', 'sex': 0, 'nickName': 'Rennie131', 'mMobile': '13917764057', 'plateNumber': None, 'createTime': 1454073926000, 'mOrigin': 0, 'mStatus': None, 'headImg': None, 'realName': None, 'birthday': None, 'faceImg': None, 'height': None, 'weight': None, 'idCard': None, 'idType': 0, 'type': None, 'operationTime': None, 'points': None, 'buyRecords': None, 'mpNumberlist': None}, {'mId': 493351192291127296, 'mIdstr': '493351192291127296', 'sex': 0, 'nickName': 'fan\u2006zin\u2006y', 'mMobile': '13386108821', 'plateNumber': None, 'createTime': 1454077444000, 'mOrigin': 0, 'mStatus': None, 'headImg': None, 'realName': None, 'birthday': None, 'faceImg': None, 'height': None, 'weight': None, 'idCard': None, 'idType': 0, 'type': None, 'operationTime': None, 'points': None, 'buyRecords': None, 'mpNumberlist': None}, {'mId': 493351193918517248, 'mIdstr': '493351193918517248', 'sex': 0, 'nickName': '江', 'mMobile': '13512123863', 'plateNumber': None, 'createTime': 1454078999000, 'mOrigin': 0, 'mStatus': None, 'headImg': None, 'realName': None, 'birthday': None, 'faceImg': None, 'height': None, 'weight': None, 'idCard': None, 'idType': 0, 'type': None, 'operationTime': None, 'points': None, 'buyRecords': None, 'mpNumberlist': None}, {'mId': 493351197991186432, 'mIdstr': '493351197991186432', 'sex': 0, 'nickName': '元卿贝贝', 'mMobile': '18930832569', 'plateNumber': None, 'createTime': 1454083407000, 'mOrigin': 0, 'mStatus': None, 'headImg': None, 'realName': None, 'birthday': None, 'faceImg': None, 'height': None, 'weight': None, 'idCard': None, 'idType': 0, 'type': None, 'operationTime': None, 'points': None, 'buyRecords': None, 'mpNumberlist': None}, {'mId': 493351200574877696, 'mIdstr': '493351200574877696', 'sex': 0, 'nickName': 'iamvivid', 'mMobile': '13370225630', 'plateNumber': None, 'createTime': 1454106263000, 'mOrigin': 0, 'mStatus': None, 'headImg': None, 'realName': None, 'birthday': None, 'faceImg': None, 'height': None, 'weight': None, 'idCard': None, 'idType': 0, 'type': None, 'operationTime': None, 'points': None, 'buyRecords': None, 'mpNumberlist': None}, {'mId': 493351202084827136, 'mIdstr': '493351202084827136', 'sex': 0, 'nickName': 'sammiyang', 'mMobile': '13651800518', 'plateNumber': None, 'createTime': 1454110258000, 'mOrigin': 0, 'mStatus': None, 'headImg': None, 'realName': None, 'birthday': None, 'faceImg': None, 'height': None, 'weight': None, 'idCard': None, 'idType': 0, 'type': None, 'operationTime': None, 'points': None, 'buyRecords': None, 'mpNumberlist': None}, {'mId': 493351204387500032, 'mIdstr': '493351204387500032', 'sex': 0, 'nickName': 'wmmisty', 'mMobile': '18017766528', 'plateNumber': None, 'createTime': 1454115209000, 'mOrigin': 0, 'mStatus': None, 'headImg': None, 'realName': None, 'birthday': None, 'faceImg': None, 'height': None, 'weight': None, 'idCard': None, 'idType': 0, 'type': None, 'operationTime': None, 'points': None, 'buyRecords': None, 'mpNumberlist': None}, {'mId': 493351204815319040, 'mIdstr': '493351204815319040', 'sex': 0, 'nickName': 'andyding', 'mMobile': '13916476889', 'plateNumber': None, 'createTime': 1454115533000, 'mOrigin': 0, 'mStatus': None, 'headImg': None, 'realName': None, 'birthday': None, 'faceImg': None, 'height': None, 'weight': None, 'idCard': None, 'idType': 0, 'type': None, 'operationTime': None, 'points': None, 'buyRecords': None, 'mpNumberlist': None}]}, 'success': True}
2020-05-29 08:34:59,652 httpUtil.py [line:64] INFO >>>request url is: https://tcms.hopsontong.com:11013/cms/cms/member/memberInfoAddressPark/493351197991186432
2020-05-29 08:34:59,786 httpUtil.py [line:67] INFO >>>header: {'Accept': 'application/json, text/plain, */*', 'Content-Type': 'application/json;charset=UTF-8', 'User-Agent': 'Mozilla/5.0 (X11; Ubuntu; Linux x86_64; rv:22.0) Gecko/20100101 Firefox/22.0', 'Authorization': 'eyJhbGciOiJIUzI1NiJ9.eyJ1c2VyX2lkIjoiNDgxIiwiaWF0IjoxNTkwNzEyNDk5LCJleHAiOjE1OTA3MTk2OTksIm5iZiI6MTU5MDcxMjQ5OX0.-a_uYzoNtFeymdJkuQLvsklE1NG2pQcPfT9mB-4BEbg'}
2020-05-29 08:34:59,787 httpUtil.py [line:70] INFO >>>response: {'msg': '系统繁忙，请稍后重试', 'code': 9999}
2020-05-29 08:34:59,816 httpUtil.py [line:77] INFO >>>request url is: https://tcms.hopsontong.com:11013/cms/cms/personal-cms/buyRecords/218
2020-05-29 08:34:59,970 httpUtil.py [line:82] INFO >>>response: {'code': 200, 'msg': '成功', 'data': [], 'success': True}
2020-05-29 08:37:31,409 test_01_login.py [line:21] INFO params: {'appFlag': '', 'mobile': '18600750013', 'password': 'qwer1234'}
2020-05-29 08:37:31,421 httpUtil.py [line:93] INFO >>>request url https://uat-pms-sso.hopsontong.com:11013/api/login
2020-05-29 08:37:31,421 httpUtil.py [line:95] INFO >>>params {"appFlag": "", "mobile": "18600750013", "password": "qwer1234"}
2020-05-29 08:37:31,517 httpUtil.py [line:99] INFO >>>response: {'code': 200, 'msg': '成功', 'data': {'token': 'eyJhbGciOiJIUzI1NiJ9.eyJ1c2VyX2lkIjoiMTg2MDA3NTAwMTMiLCJpYXQiOjE1OTA3MTI2NTEsImV4cCI6MTU5MDcxOTg1MSwibmJmIjoxNTkwNzEyNjUxfQ.C2yYKQrlQa5qoP25O1z_A3oP76Xd0sd6EtT1VVMud2M', 'applicationToken': None, 'isDirectLogin': False, 'tenants': [{'tenantId': 6, 'tenantName': '合生商业'}, {'tenantId': 32, 'tenantName': '虚拟租户'}], 'apps': None}, 'success': True}
2020-05-29 08:37:31,518 test_01_login.py [line:27] INFO eyJhbGciOiJIUzI1NiJ9.eyJ1c2VyX2lkIjoiMTg2MDA3NTAwMTMiLCJpYXQiOjE1OTA3MTI2NTEsImV4cCI6MTU5MDcxOTg1MSwibmJmIjoxNTkwNzEyNjUxfQ.C2yYKQrlQa5qoP25O1z_A3oP76Xd0sd6EtT1VVMud2M
2020-05-29 08:37:31,526 test_01_login.py [line:33] INFO params: {'appFlag': '', 'mobile': '18600750013', 'password': 'e10adc3949ba59abbe56883e'}
2020-05-29 08:37:31,533 httpUtil.py [line:93] INFO >>>request url https://uat-pms-sso.hopsontong.com:11013/api/login
2020-05-29 08:37:31,533 httpUtil.py [line:95] INFO >>>params {"appFlag": "", "mobile": "18600750013", "password": "e10adc3949ba59abbe56883e"}
2020-05-29 08:37:31,604 httpUtil.py [line:99] INFO >>>response: {'code': 400, 'msg': '密码错误', 'data': None, 'success': False}
2020-05-29 08:37:31,613 test_01_login.py [line:40] INFO params: {'appFlag': '', 'mobile': '1860075001', 'password': 'e10adc3949ba59abbe56e057f20f883e'}
2020-05-29 08:37:31,620 httpUtil.py [line:93] INFO >>>request url https://uat-pms-sso.hopsontong.com:11013/api/login
2020-05-29 08:37:31,620 httpUtil.py [line:95] INFO >>>params {"appFlag": "", "mobile": "1860075001", "password": "e10adc3949ba59abbe56e057f20f883e"}
2020-05-29 08:37:31,691 httpUtil.py [line:99] INFO >>>response: {'code': 400, 'msg': '手机号码格式错误', 'data': None, 'success': False}
2020-05-29 08:37:31,704 test_01_login.py [line:47] INFO params: {'appFlag': '', 'mobile': '', 'password': 'e10adc3949ba59abbe56e057f20f883e'}
2020-05-29 08:37:31,711 httpUtil.py [line:93] INFO >>>request url https://uat-pms-sso.hopsontong.com:11013/api/login
2020-05-29 08:37:31,712 httpUtil.py [line:95] INFO >>>params {"appFlag": "", "mobile": "", "password": "e10adc3949ba59abbe56e057f20f883e"}
2020-05-29 08:37:31,795 httpUtil.py [line:99] INFO >>>response: {'code': 400, 'msg': '手机号码格式错误', 'data': None, 'success': False}
2020-05-29 08:37:31,804 test_01_login.py [line:54] INFO params: {'appFlag': '', 'mobile': '18600750013', 'password': ''}
2020-05-29 08:37:31,811 httpUtil.py [line:93] INFO >>>request url https://uat-pms-sso.hopsontong.com:11013/api/login
2020-05-29 08:37:31,811 httpUtil.py [line:95] INFO >>>params {"appFlag": "", "mobile": "18600750013", "password": ""}
2020-05-29 08:37:31,891 httpUtil.py [line:99] INFO >>>response: {'code': 400, 'msg': '密码不能为空', 'data': None, 'success': False}
2020-05-29 08:37:31,900 test_01_login.py [line:61] INFO params: {'appFlag': 2, 'mobile': '18600750013', 'password': 'qwer1234'}
2020-05-29 08:37:31,907 httpUtil.py [line:93] INFO >>>request url https://uat-pms-sso.hopsontong.com:11013/api/login
2020-05-29 08:37:31,907 httpUtil.py [line:95] INFO >>>params {"appFlag": 2, "mobile": "18600750013", "password": "qwer1234"}
2020-05-29 08:37:31,983 httpUtil.py [line:99] INFO >>>response: {'code': 400, 'msg': '应用标识错误,授权登录失败', 'data': None, 'success': False}
2020-05-29 08:37:32,005 httpUtil.py [line:38] INFO params: {'appFlag': '', 'mobile': '18600750013', 'password': 'qwer1234'}
2020-05-29 08:37:32,005 httpUtil.py [line:93] INFO >>>request url https://uat-pms-sso.hopsontong.com:11013/api/login
2020-05-29 08:37:32,006 httpUtil.py [line:95] INFO >>>params {"appFlag": "", "mobile": "18600750013", "password": "qwer1234"}
2020-05-29 08:37:32,087 httpUtil.py [line:99] INFO >>>response: {'code': 200, 'msg': '成功', 'data': {'token': 'eyJhbGciOiJIUzI1NiJ9.eyJ1c2VyX2lkIjoiMTg2MDA3NTAwMTMiLCJpYXQiOjE1OTA3MTI2NTIsImV4cCI6MTU5MDcxOTg1MiwibmJmIjoxNTkwNzEyNjUyfQ.2WA51eRkNII9r6mJS5E0Lfp9k80M3g_kvA_NnYwnSXc', 'applicationToken': None, 'isDirectLogin': False, 'tenants': [{'tenantId': 6, 'tenantName': '合生商业'}, {'tenantId': 32, 'tenantName': '虚拟租户'}], 'apps': None}, 'success': True}
2020-05-29 08:37:32,087 httpUtil.py [line:43] INFO eyJhbGciOiJIUzI1NiJ9.eyJ1c2VyX2lkIjoiMTg2MDA3NTAwMTMiLCJpYXQiOjE1OTA3MTI2NTIsImV4cCI6MTU5MDcxOTg1MiwibmJmIjoxNTkwNzEyNjUyfQ.2WA51eRkNII9r6mJS5E0Lfp9k80M3g_kvA_NnYwnSXc
2020-05-29 08:37:32,088 httpUtil.py [line:50] INFO c_params: {'token': 'eyJhbGciOiJIUzI1NiJ9.eyJ1c2VyX2lkIjoiMTg2MDA3NTAwMTMiLCJpYXQiOjE1OTA3MTI2NTIsImV4cCI6MTU5MDcxOTg1MiwibmJmIjoxNTkwNzEyNjUyfQ.2WA51eRkNII9r6mJS5E0Lfp9k80M3g_kvA_NnYwnSXc', 'appFlag': '', 'applicationToken': ''}
2020-05-29 08:37:32,088 httpUtil.py [line:93] INFO >>>request url https://uat-pms-sso.hopsontong.com:11013/api/checkToken
2020-05-29 08:37:32,088 httpUtil.py [line:95] INFO >>>params {"token": "eyJhbGciOiJIUzI1NiJ9.eyJ1c2VyX2lkIjoiMTg2MDA3NTAwMTMiLCJpYXQiOjE1OTA3MTI2NTIsImV4cCI6MTU5MDcxOTg1MiwibmJmIjoxNTkwNzEyNjUyfQ.2WA51eRkNII9r6mJS5E0Lfp9k80M3g_kvA_NnYwnSXc", "appFlag": "", "applicationToken": ""}
2020-05-29 08:37:32,170 httpUtil.py [line:99] INFO >>>response: {'code': 200, 'msg': '成功', 'data': None, 'success': True}
2020-05-29 08:37:32,170 httpUtil.py [line:52] INFO c_response: {'code': 200, 'msg': '成功', 'data': None, 'success': True}
2020-05-29 08:37:32,170 httpUtil.py [line:93] INFO >>>request url https://uat-pms-sso.hopsontong.com:11013/api/selectTenant
2020-05-29 08:37:32,170 httpUtil.py [line:95] INFO >>>params {"accessToken": "", "loginToken": "eyJhbGciOiJIUzI1NiJ9.eyJ1c2VyX2lkIjoiMTg2MDA3NTAwMTMiLCJpYXQiOjE1OTA3MTI2NTIsImV4cCI6MTU5MDcxOTg1MiwibmJmIjoxNTkwNzEyNjUyfQ.2WA51eRkNII9r6mJS5E0Lfp9k80M3g_kvA_NnYwnSXc", "tenantId": 6}
2020-05-29 08:37:32,286 httpUtil.py [line:99] INFO >>>response: {'code': 200, 'msg': '成功', 'data': {'token': 'eyJhbGciOiJIUzI1NiJ9.eyJ1c2VyX2lkIjoiNDgxIiwiaWF0IjoxNTkwNzEyNjUyLCJleHAiOjE1OTA3MTk4NTIsIm5iZiI6MTU5MDcxMjY1Mn0.AxEpt-n9YvB7yMQqIoG_TZFArfx338gXwU-oNjMwyW4', 'apps': [{'id': 1, 'appName': '合生通运营管理平台', 'appIcon': 'http://kf-pms-cdn.hopsontong.com/1588139980164-13771/cms/hopsontong-logo-258x86.png', 'appUrl': 'https://tcms.hopsontong.com:11013/#/,https://pcms.hopsontong.com:11013/#/,https://kfcms.hopsontong.com:11013/#/,http://localhost:11013/#/,https://kfcms-ljb.hopsontong.com:11013/#/'}, {'id': 0, 'appName': '权限系统', 'appIcon': 'https://kf-pms-cdn.hopsontong.com/1585129410411-10947/cms/permission-system-logo-258x86.png', 'appUrl': 'https://pms-tenant.hopsontong.com/'}]}, 'success': True}
2020-05-29 08:37:32,326 httpUtil.py [line:64] INFO >>>request url is: https://tcms.hopsontong.com:11013/cms/cms/UnifiedAccess/getMarket
2020-05-29 08:37:32,555 httpUtil.py [line:67] INFO >>>header: {'Accept': 'application/json, text/plain, */*', 'Content-Type': 'application/json;charset=UTF-8', 'User-Agent': 'Mozilla/5.0 (X11; Ubuntu; Linux x86_64; rv:22.0) Gecko/20100101 Firefox/22.0', 'Authorization': 'eyJhbGciOiJIUzI1NiJ9.eyJ1c2VyX2lkIjoiNDgxIiwiaWF0IjoxNTkwNzEyNjUyLCJleHAiOjE1OTA3MTk4NTIsIm5iZiI6MTU5MDcxMjY1Mn0.AxEpt-n9YvB7yMQqIoG_TZFArfx338gXwU-oNjMwyW4'}
2020-05-29 08:37:32,555 httpUtil.py [line:70] INFO >>>response: {'code': 200, 'msg': '成功', 'data': [{'id': None, 'marketName': '合生商业(商管集团)', 'fmapId': None}, {'id': 218, 'marketName': '北京朝阳合生汇', 'fmapId': 'hopsonone-map'}, {'id': 108, 'marketName': '成都温江珠江广场', 'fmapId': 'cd-hsh-zja0'}, {'id': 141, 'marketName': '北京朝阳合生财富广场', 'fmapId': 'null'}, {'id': 164, 'marketName': '北京木樨园合生广场', 'fmapId': 'null'}, {'id': 213, 'marketName': '北京望京合生新天地', 'fmapId': 'null'}, {'id': 10230, 'marketName': '西安时代广场', 'fmapId': 'null'}, {'id': 90000, 'marketName': '虚拟商场', 'fmapId': None}, {'id': 132, 'marketName': '广州海珠合生广场(南区)', 'fmapId': 'null'}, {'id': 145, 'marketName': '广州珠江投资大厦', 'fmapId': None}, {'id': 150, 'marketName': '广州骏景生活天地', 'fmapId': 'null'}, {'id': 155, 'marketName': '深圳龙岗珠江国际中心', 'fmapId': None}, {'id': 170, 'marketName': '广州海珠合生广场(北区)', 'fmapId': None}, {'id': 188, 'marketName': '广州越华珠江国际大厦', 'fmapId': None}, {'id': 194, 'marketName': '广州南方花园生活天地', 'fmapId': 'null'}, {'id': 237, 'marketName': '广州增城合生汇', 'fmapId': 'null'}, {'id': 20229, 'marketName': '广州珠江国际纺织城', 'fmapId': None}, {'id': 110, 'marketName': '上海五角场合生汇', 'fmapId': 'hopsonone-map-wjc'}, {'id': 203, 'marketName': '杭州科华合生国贸中心', 'fmapId': None}, {'id': 234, 'marketName': '上海青浦合生新天地', 'fmapId': 'null'}], 'success': True}
2020-05-29 08:37:32,574 httpUtil.py [line:38] INFO params: {'appFlag': '', 'mobile': '18600750013', 'password': 'qwer1234'}
2020-05-29 08:37:32,574 httpUtil.py [line:93] INFO >>>request url https://uat-pms-sso.hopsontong.com:11013/api/login
2020-05-29 08:37:32,574 httpUtil.py [line:95] INFO >>>params {"appFlag": "", "mobile": "18600750013", "password": "qwer1234"}
2020-05-29 08:37:32,657 httpUtil.py [line:99] INFO >>>response: {'code': 200, 'msg': '成功', 'data': {'token': 'eyJhbGciOiJIUzI1NiJ9.eyJ1c2VyX2lkIjoiMTg2MDA3NTAwMTMiLCJpYXQiOjE1OTA3MTI2NTIsImV4cCI6MTU5MDcxOTg1MiwibmJmIjoxNTkwNzEyNjUyfQ.2WA51eRkNII9r6mJS5E0Lfp9k80M3g_kvA_NnYwnSXc', 'applicationToken': None, 'isDirectLogin': False, 'tenants': [{'tenantId': 6, 'tenantName': '合生商业'}, {'tenantId': 32, 'tenantName': '虚拟租户'}], 'apps': None}, 'success': True}
2020-05-29 08:37:32,657 httpUtil.py [line:43] INFO eyJhbGciOiJIUzI1NiJ9.eyJ1c2VyX2lkIjoiMTg2MDA3NTAwMTMiLCJpYXQiOjE1OTA3MTI2NTIsImV4cCI6MTU5MDcxOTg1MiwibmJmIjoxNTkwNzEyNjUyfQ.2WA51eRkNII9r6mJS5E0Lfp9k80M3g_kvA_NnYwnSXc
2020-05-29 08:37:32,657 httpUtil.py [line:50] INFO c_params: {'token': 'eyJhbGciOiJIUzI1NiJ9.eyJ1c2VyX2lkIjoiMTg2MDA3NTAwMTMiLCJpYXQiOjE1OTA3MTI2NTIsImV4cCI6MTU5MDcxOTg1MiwibmJmIjoxNTkwNzEyNjUyfQ.2WA51eRkNII9r6mJS5E0Lfp9k80M3g_kvA_NnYwnSXc', 'appFlag': '', 'applicationToken': ''}
2020-05-29 08:37:32,657 httpUtil.py [line:93] INFO >>>request url https://uat-pms-sso.hopsontong.com:11013/api/checkToken
2020-05-29 08:37:32,658 httpUtil.py [line:95] INFO >>>params {"token": "eyJhbGciOiJIUzI1NiJ9.eyJ1c2VyX2lkIjoiMTg2MDA3NTAwMTMiLCJpYXQiOjE1OTA3MTI2NTIsImV4cCI6MTU5MDcxOTg1MiwibmJmIjoxNTkwNzEyNjUyfQ.2WA51eRkNII9r6mJS5E0Lfp9k80M3g_kvA_NnYwnSXc", "appFlag": "", "applicationToken": ""}
2020-05-29 08:37:32,721 httpUtil.py [line:99] INFO >>>response: {'code': 200, 'msg': '成功', 'data': None, 'success': True}
2020-05-29 08:37:32,721 httpUtil.py [line:52] INFO c_response: {'code': 200, 'msg': '成功', 'data': None, 'success': True}
2020-05-29 08:37:32,722 httpUtil.py [line:93] INFO >>>request url https://uat-pms-sso.hopsontong.com:11013/api/selectTenant
2020-05-29 08:37:32,722 httpUtil.py [line:95] INFO >>>params {"accessToken": "", "loginToken": "eyJhbGciOiJIUzI1NiJ9.eyJ1c2VyX2lkIjoiMTg2MDA3NTAwMTMiLCJpYXQiOjE1OTA3MTI2NTIsImV4cCI6MTU5MDcxOTg1MiwibmJmIjoxNTkwNzEyNjUyfQ.2WA51eRkNII9r6mJS5E0Lfp9k80M3g_kvA_NnYwnSXc", "tenantId": 6}
2020-05-29 08:37:32,832 httpUtil.py [line:99] INFO >>>response: {'code': 200, 'msg': '成功', 'data': {'token': 'eyJhbGciOiJIUzI1NiJ9.eyJ1c2VyX2lkIjoiNDgxIiwiaWF0IjoxNTkwNzEyNjUyLCJleHAiOjE1OTA3MTk4NTIsIm5iZiI6MTU5MDcxMjY1Mn0.AxEpt-n9YvB7yMQqIoG_TZFArfx338gXwU-oNjMwyW4', 'apps': [{'id': 1, 'appName': '合生通运营管理平台', 'appIcon': 'http://kf-pms-cdn.hopsontong.com/1588139980164-13771/cms/hopsontong-logo-258x86.png', 'appUrl': 'https://tcms.hopsontong.com:11013/#/,https://pcms.hopsontong.com:11013/#/,https://kfcms.hopsontong.com:11013/#/,http://localhost:11013/#/,https://kfcms-ljb.hopsontong.com:11013/#/'}, {'id': 0, 'appName': '权限系统', 'appIcon': 'https://kf-pms-cdn.hopsontong.com/1585129410411-10947/cms/permission-system-logo-258x86.png', 'appUrl': 'https://pms-tenant.hopsontong.com/'}]}, 'success': True}
2020-05-29 08:37:32,858 httpUtil.py [line:93] INFO >>>request url https://tcms.hopsontong.com:11013/cms/cms/member/memberInfo/list
2020-05-29 08:37:32,858 httpUtil.py [line:95] INFO >>>params {"member": "", "plateNumber": "", "sex": "", "startTime": "", "endTime": "", "label": "", "source": "", "provinceId": "", "cityId": "", "areaId": "", "marketId": "", "page": 1, "size": 10}
2020-05-29 08:37:33,088 httpUtil.py [line:99] INFO >>>response: {'code': 200, 'msg': '成功', 'data': {'total': 464325, 'rows': [{'mId': 493351185882230784, 'mIdstr': '493351185882230784', 'sex': 0, 'nickName': 'dika', 'mMobile': '13764668179', 'plateNumber': None, 'createTime': 1454071572000, 'mOrigin': 0, 'mStatus': None, 'headImg': None, 'realName': None, 'birthday': None, 'faceImg': None, 'height': None, 'weight': None, 'idCard': None, 'idType': 0, 'type': None, 'operationTime': None, 'points': None, 'buyRecords': None, 'mpNumberlist': None}, {'mId': 493351186251329536, 'mIdstr': '493351186251329536', 'sex': 0, 'nickName': '草色青青', 'mMobile': '13916948676', 'plateNumber': None, 'createTime': 1454071732000, 'mOrigin': 0, 'mStatus': None, 'headImg': None, 'realName': None, 'birthday': None, 'faceImg': None, 'height': None, 'weight': None, 'idCard': None, 'idType': 0, 'type': None, 'operationTime': None, 'points': None, 'buyRecords': None, 'mpNumberlist': None}, {'mId': 493351187702558720, 'mIdstr': '493351187702558720', 'sex': 0, 'nickName': 'Rennie131', 'mMobile': '13917764057', 'plateNumber': None, 'createTime': 1454073926000, 'mOrigin': 0, 'mStatus': None, 'headImg': None, 'realName': None, 'birthday': None, 'faceImg': None, 'height': None, 'weight': None, 'idCard': None, 'idType': 0, 'type': None, 'operationTime': None, 'points': None, 'buyRecords': None, 'mpNumberlist': None}, {'mId': 493351192291127296, 'mIdstr': '493351192291127296', 'sex': 0, 'nickName': 'fan\u2006zin\u2006y', 'mMobile': '13386108821', 'plateNumber': None, 'createTime': 1454077444000, 'mOrigin': 0, 'mStatus': None, 'headImg': None, 'realName': None, 'birthday': None, 'faceImg': None, 'height': None, 'weight': None, 'idCard': None, 'idType': 0, 'type': None, 'operationTime': None, 'points': None, 'buyRecords': None, 'mpNumberlist': None}, {'mId': 493351193918517248, 'mIdstr': '493351193918517248', 'sex': 0, 'nickName': '江', 'mMobile': '13512123863', 'plateNumber': None, 'createTime': 1454078999000, 'mOrigin': 0, 'mStatus': None, 'headImg': None, 'realName': None, 'birthday': None, 'faceImg': None, 'height': None, 'weight': None, 'idCard': None, 'idType': 0, 'type': None, 'operationTime': None, 'points': None, 'buyRecords': None, 'mpNumberlist': None}, {'mId': 493351197991186432, 'mIdstr': '493351197991186432', 'sex': 0, 'nickName': '元卿贝贝', 'mMobile': '18930832569', 'plateNumber': None, 'createTime': 1454083407000, 'mOrigin': 0, 'mStatus': None, 'headImg': None, 'realName': None, 'birthday': None, 'faceImg': None, 'height': None, 'weight': None, 'idCard': None, 'idType': 0, 'type': None, 'operationTime': None, 'points': None, 'buyRecords': None, 'mpNumberlist': None}, {'mId': 493351200574877696, 'mIdstr': '493351200574877696', 'sex': 0, 'nickName': 'iamvivid', 'mMobile': '13370225630', 'plateNumber': None, 'createTime': 1454106263000, 'mOrigin': 0, 'mStatus': None, 'headImg': None, 'realName': None, 'birthday': None, 'faceImg': None, 'height': None, 'weight': None, 'idCard': None, 'idType': 0, 'type': None, 'operationTime': None, 'points': None, 'buyRecords': None, 'mpNumberlist': None}, {'mId': 493351202084827136, 'mIdstr': '493351202084827136', 'sex': 0, 'nickName': 'sammiyang', 'mMobile': '13651800518', 'plateNumber': None, 'createTime': 1454110258000, 'mOrigin': 0, 'mStatus': None, 'headImg': None, 'realName': None, 'birthday': None, 'faceImg': None, 'height': None, 'weight': None, 'idCard': None, 'idType': 0, 'type': None, 'operationTime': None, 'points': None, 'buyRecords': None, 'mpNumberlist': None}, {'mId': 493351204387500032, 'mIdstr': '493351204387500032', 'sex': 0, 'nickName': 'wmmisty', 'mMobile': '18017766528', 'plateNumber': None, 'createTime': 1454115209000, 'mOrigin': 0, 'mStatus': None, 'headImg': None, 'realName': None, 'birthday': None, 'faceImg': None, 'height': None, 'weight': None, 'idCard': None, 'idType': 0, 'type': None, 'operationTime': None, 'points': None, 'buyRecords': None, 'mpNumberlist': None}, {'mId': 493351204815319040, 'mIdstr': '493351204815319040', 'sex': 0, 'nickName': 'andyding', 'mMobile': '13916476889', 'plateNumber': None, 'createTime': 1454115533000, 'mOrigin': 0, 'mStatus': None, 'headImg': None, 'realName': None, 'birthday': None, 'faceImg': None, 'height': None, 'weight': None, 'idCard': None, 'idType': 0, 'type': None, 'operationTime': None, 'points': None, 'buyRecords': None, 'mpNumberlist': None}]}, 'success': True}
2020-05-29 08:37:33,113 httpUtil.py [line:64] INFO >>>request url is: https://tcms.hopsontong.com:11013/cms/cms/member/memberInfoAddressPark/493351197991186432
2020-05-29 08:37:33,244 httpUtil.py [line:67] INFO >>>header: {'Accept': 'application/json, text/plain, */*', 'Content-Type': 'application/json;charset=UTF-8', 'User-Agent': 'Mozilla/5.0 (X11; Ubuntu; Linux x86_64; rv:22.0) Gecko/20100101 Firefox/22.0', 'Authorization': 'eyJhbGciOiJIUzI1NiJ9.eyJ1c2VyX2lkIjoiNDgxIiwiaWF0IjoxNTkwNzEyNjUyLCJleHAiOjE1OTA3MTk4NTIsIm5iZiI6MTU5MDcxMjY1Mn0.AxEpt-n9YvB7yMQqIoG_TZFArfx338gXwU-oNjMwyW4'}
2020-05-29 08:37:33,244 httpUtil.py [line:70] INFO >>>response: {'msg': '系统繁忙，请稍后重试', 'code': 9999}
2020-05-29 08:37:33,269 httpUtil.py [line:77] INFO >>>request url is: https://tcms.hopsontong.com:11013/cms/cms/personal-cms/buyRecords/218
2020-05-29 08:37:33,417 httpUtil.py [line:82] INFO >>>response: {'code': 200, 'msg': '成功', 'data': [], 'success': True}
2020-05-29 10:38:20,995 test_01_login.py [line:21] INFO params: {'appFlag': '', 'mobile': '18600750013', 'password': 'qwer1234'}
2020-05-29 10:38:21,008 httpUtil.py [line:94] INFO >>>request url https://uat-pms-sso.hopsontong.com:11013/api/login
2020-05-29 10:38:21,008 httpUtil.py [line:96] INFO >>>params {"appFlag": "", "mobile": "18600750013", "password": "qwer1234"}
2020-05-29 10:38:22,251 httpUtil.py [line:100] INFO >>>response: {'code': 200, 'msg': '成功', 'data': {'token': 'eyJhbGciOiJIUzI1NiJ9.eyJ1c2VyX2lkIjoiMTg2MDA3NTAwMTMiLCJpYXQiOjE1OTA3MTk5MDIsImV4cCI6MTU5MDcyNzEwMiwibmJmIjoxNTkwNzE5OTAyfQ.UVfCYGbT3QbUH4oSlgNPCh_WvxJo_rC_qOXD0-d1Ayo', 'applicationToken': None, 'isDirectLogin': False, 'tenants': [{'tenantId': 6, 'tenantName': '合生商业'}, {'tenantId': 32, 'tenantName': '虚拟租户'}], 'apps': None}, 'success': True}
2020-05-29 10:38:22,252 test_01_login.py [line:27] INFO eyJhbGciOiJIUzI1NiJ9.eyJ1c2VyX2lkIjoiMTg2MDA3NTAwMTMiLCJpYXQiOjE1OTA3MTk5MDIsImV4cCI6MTU5MDcyNzEwMiwibmJmIjoxNTkwNzE5OTAyfQ.UVfCYGbT3QbUH4oSlgNPCh_WvxJo_rC_qOXD0-d1Ayo
2020-05-29 10:38:22,268 test_01_login.py [line:33] INFO params: {'appFlag': '', 'mobile': '18600750013', 'password': 'e10adc3949ba59abbe56883e'}
2020-05-29 10:38:22,275 httpUtil.py [line:94] INFO >>>request url https://uat-pms-sso.hopsontong.com:11013/api/login
2020-05-29 10:38:22,276 httpUtil.py [line:96] INFO >>>params {"appFlag": "", "mobile": "18600750013", "password": "e10adc3949ba59abbe56883e"}
2020-05-29 10:38:22,349 httpUtil.py [line:100] INFO >>>response: {'code': 400, 'msg': '密码错误', 'data': None, 'success': False}
2020-05-29 10:38:22,364 test_01_login.py [line:40] INFO params: {'appFlag': '', 'mobile': '1860075001', 'password': 'e10adc3949ba59abbe56e057f20f883e'}
2020-05-29 10:38:22,374 httpUtil.py [line:94] INFO >>>request url https://uat-pms-sso.hopsontong.com:11013/api/login
2020-05-29 10:38:22,374 httpUtil.py [line:96] INFO >>>params {"appFlag": "", "mobile": "1860075001", "password": "e10adc3949ba59abbe56e057f20f883e"}
2020-05-29 10:38:22,450 httpUtil.py [line:100] INFO >>>response: {'code': 400, 'msg': '手机号码格式错误', 'data': None, 'success': False}
2020-05-29 10:38:22,464 test_01_login.py [line:47] INFO params: {'appFlag': '', 'mobile': '', 'password': 'e10adc3949ba59abbe56e057f20f883e'}
2020-05-29 10:38:22,471 httpUtil.py [line:94] INFO >>>request url https://uat-pms-sso.hopsontong.com:11013/api/login
2020-05-29 10:38:22,471 httpUtil.py [line:96] INFO >>>params {"appFlag": "", "mobile": "", "password": "e10adc3949ba59abbe56e057f20f883e"}
2020-05-29 10:38:22,536 httpUtil.py [line:100] INFO >>>response: {'code': 400, 'msg': '手机号码格式错误', 'data': None, 'success': False}
2020-05-29 10:38:22,549 test_01_login.py [line:54] INFO params: {'appFlag': '', 'mobile': '18600750013', 'password': ''}
2020-05-29 10:38:22,556 httpUtil.py [line:94] INFO >>>request url https://uat-pms-sso.hopsontong.com:11013/api/login
2020-05-29 10:38:22,557 httpUtil.py [line:96] INFO >>>params {"appFlag": "", "mobile": "18600750013", "password": ""}
2020-05-29 10:38:22,643 httpUtil.py [line:100] INFO >>>response: {'code': 400, 'msg': '密码不能为空', 'data': None, 'success': False}
2020-05-29 10:38:22,656 test_01_login.py [line:61] INFO params: {'appFlag': 2, 'mobile': '18600750013', 'password': 'qwer1234'}
2020-05-29 10:38:22,665 httpUtil.py [line:94] INFO >>>request url https://uat-pms-sso.hopsontong.com:11013/api/login
2020-05-29 10:38:22,665 httpUtil.py [line:96] INFO >>>params {"appFlag": 2, "mobile": "18600750013", "password": "qwer1234"}
2020-05-29 10:38:22,751 httpUtil.py [line:100] INFO >>>response: {'code': 400, 'msg': '应用标识错误,授权登录失败', 'data': None, 'success': False}
