2020-07-01 22:46:31,796 cms_login.py [line:49] INFO {'mobile': 15718868478, 'appFlag': 'easylife-cms-api-gateway', 'afsSessionId': 'WjFlCkIWDpHT9odN', 'afsSig': 'QuAncgq0hrmAVNX0', 'afsToken': 'FFFF0N00000000009184:1591688607383:0.9844042761792562', 'afsScene': 'nc_login', 'password': '123456'}
2020-07-01 22:46:31,796 cms_login.py [line:31] INFO post
2020-07-01 22:46:31,796 cms_login.py [line:32] INFO {"mobile": 15718868478, "appFlag": "easylife-cms-api-gateway", "afsSessionId": "WjFlCkIWDpHT9odN", "afsSig": "QuAncgq0hrmAVNX0", "afsToken": "FFFF0N00000000009184:1591688607383:0.9844042761792562", "afsScene": "nc_login", "password": "123456"}
2020-07-01 22:46:31,796 cms_login.py [line:33] INFO {'Content-Type': 'application/json;charset=UTF-8', 'Connection': 'keep-alive', 'User-Agent': 'Mozilla/5.0 (Windows NT 10.0; Win64; x64) AppleWebKit/537.36 (KHTML, like Gecko) Chrome/83.0.4103.97 Safari/537.36'}
2020-07-01 22:46:32,057 cms_login.py [line:35] INFO {"code":200,"msg":"成功","data":{"token":"eyJhbGciOiJIUzI1NiJ9.eyJ1c2VyX2lkIjoiMTU3MTg4Njg0NzgiLCJpYXQiOjE1OTM2MTQ3ODcsImV4cCI6MTU5MzYyMTk4NywibmJmIjoxNTkzNjE0Nzg3fQ.I41LUf25fXv_u1FcMvAck5NYHBX2JpNNMxA2ebvvNvI","applicationToken":"eyJhbGciOiJIUzI1NiJ9.eyJ1c2VyX2lkIjoiOTUxIiwiaWF0IjoxNTkzNjE0Nzg3LCJleHAiOjE1OTM2MjE5ODcsIm5iZiI6MTU5MzYxNDc4N30.mGIaSKJ2FdKNSTDdhELq_QWc0kqFMsl4_RaU0y1Y3AM","isDirectLogin":true,"tenants":null,"apps":[{"id":3,"appName":"新运营端管理系统","appIcon":"","appUrl":"http://localhost:8089/,https://ndcms.lifeat.cn:45788/cms/,https://ntcms.lifeat.cn:45788/cms/,https://nhcms.lifeat.cn:45788/cms/,https://hb-ncms.lifeat.cn/cms/"},{"id":0,"appName":"权限系统","appIcon":"https://kf-pms-cdn.hopsontong.com/1585129410411-10947/cms/permission-system-logo-258x86.png","appUrl":"https://uat-pms-tenant.hopsontong.com:11013/#/login"}]},"success":true}
2020-07-01 22:46:32,057 cms_login.py [line:37] INFO <class 'int'>
2020-07-01 22:46:32,058 cms_login.py [line:60] INFO ['http://localhost:8089/,https://ndcms.lifeat.cn:45788/cms/,https://ntcms.lifeat.cn:45788/cms/,https://nhcms.lifeat.cn:45788/cms/,https://hb-ncms.lifeat.cn/cms/']
2020-07-01 22:46:32,058 cms_login.py [line:61] INFO ['eyJhbGciOiJIUzI1NiJ9.eyJ1c2VyX2lkIjoiMTU3MTg4Njg0NzgiLCJpYXQiOjE1OTM2MTQ3ODcsImV4cCI6MTU5MzYyMTk4NywibmJmIjoxNTkzNjE0Nzg3fQ.I41LUf25fXv_u1FcMvAck5NYHBX2JpNNMxA2ebvvNvI']
2020-07-01 22:46:32,058 cms_login.py [line:64] INFO ['http://localhost:8089/', 'https://ndcms.lifeat.cn:45788/cms/', 'https://ntcms.lifeat.cn:45788/cms/', 'https://nhcms.lifeat.cn:45788/cms/', 'https://hb-ncms.lifeat.cn/cms/']
2020-07-01 22:47:19,979 cms_login.py [line:49] INFO {'mobile': 15718868478, 'appFlag': 'easylife-cms-api-gateway', 'afsSessionId': 'WjFlCkIWDpHT9odN', 'afsSig': 'QuAncgq0hrmAVNX0', 'afsToken': 'FFFF0N00000000009184:1591688607383:0.9844042761792562', 'afsScene': 'nc_login', 'password': '123456'}
2020-07-01 22:47:19,979 cms_login.py [line:31] INFO post
2020-07-01 22:47:19,979 cms_login.py [line:32] INFO {"mobile": 15718868478, "appFlag": "easylife-cms-api-gateway", "afsSessionId": "WjFlCkIWDpHT9odN", "afsSig": "QuAncgq0hrmAVNX0", "afsToken": "FFFF0N00000000009184:1591688607383:0.9844042761792562", "afsScene": "nc_login", "password": "123456"}
2020-07-01 22:47:19,979 cms_login.py [line:33] INFO {'Content-Type': 'application/json;charset=UTF-8', 'Connection': 'keep-alive', 'User-Agent': 'Mozilla/5.0 (Windows NT 10.0; Win64; x64) AppleWebKit/537.36 (KHTML, like Gecko) Chrome/83.0.4103.97 Safari/537.36'}
2020-07-01 22:47:20,081 cms_login.py [line:35] INFO {"code":200,"msg":"成功","data":{"token":"eyJhbGciOiJIUzI1NiJ9.eyJ1c2VyX2lkIjoiMTU3MTg4Njg0NzgiLCJpYXQiOjE1OTM2MTQ4MzUsImV4cCI6MTU5MzYyMjAzNSwibmJmIjoxNTkzNjE0ODM1fQ.50aI5_tG6TgJGBcGItJMZ1BoQ14XN9w8H7pa3HLA8Xk","applicationToken":"eyJhbGciOiJIUzI1NiJ9.eyJ1c2VyX2lkIjoiOTUxIiwiaWF0IjoxNTkzNjE0ODM1LCJleHAiOjE1OTM2MjIwMzUsIm5iZiI6MTU5MzYxNDgzNX0.kNwR2dPNr6dOsUy-UJi9idlTZfUqRxaZqWEItSROU2o","isDirectLogin":true,"tenants":null,"apps":[{"id":3,"appName":"新运营端管理系统","appIcon":"","appUrl":"http://localhost:8089/,https://ndcms.lifeat.cn:45788/cms/,https://ntcms.lifeat.cn:45788/cms/,https://nhcms.lifeat.cn:45788/cms/,https://hb-ncms.lifeat.cn/cms/"},{"id":0,"appName":"权限系统","appIcon":"https://kf-pms-cdn.hopsontong.com/1585129410411-10947/cms/permission-system-logo-258x86.png","appUrl":"https://uat-pms-tenant.hopsontong.com:11013/#/login"}]},"success":true}
2020-07-01 22:47:20,082 cms_login.py [line:37] INFO <class 'int'>
2020-07-01 22:47:20,083 cms_login.py [line:60] INFO ['http://localhost:8089/,https://ndcms.lifeat.cn:45788/cms/,https://ntcms.lifeat.cn:45788/cms/,https://nhcms.lifeat.cn:45788/cms/,https://hb-ncms.lifeat.cn/cms/']
2020-07-01 22:47:20,083 cms_login.py [line:61] INFO ['eyJhbGciOiJIUzI1NiJ9.eyJ1c2VyX2lkIjoiMTU3MTg4Njg0NzgiLCJpYXQiOjE1OTM2MTQ4MzUsImV4cCI6MTU5MzYyMjAzNSwibmJmIjoxNTkzNjE0ODM1fQ.50aI5_tG6TgJGBcGItJMZ1BoQ14XN9w8H7pa3HLA8Xk']
2020-07-01 22:47:20,083 cms_login.py [line:64] INFO ['http://localhost:8089/', 'https://ndcms.lifeat.cn:45788/cms/', 'https://ntcms.lifeat.cn:45788/cms/', 'https://nhcms.lifeat.cn:45788/cms/', 'https://hb-ncms.lifeat.cn/cms/']
2020-07-01 22:47:50,339 cms_login.py [line:49] INFO {'mobile': 15718868478, 'appFlag': 'easylife-cms-api-gateway', 'afsSessionId': 'WjFlCkIWDpHT9odN', 'afsSig': 'QuAncgq0hrmAVNX0', 'afsToken': 'FFFF0N00000000009184:1591688607383:0.9844042761792562', 'afsScene': 'nc_login', 'password': '123456'}
2020-07-01 22:47:50,339 cms_login.py [line:31] INFO post
2020-07-01 22:47:50,339 cms_login.py [line:32] INFO {"mobile": 15718868478, "appFlag": "easylife-cms-api-gateway", "afsSessionId": "WjFlCkIWDpHT9odN", "afsSig": "QuAncgq0hrmAVNX0", "afsToken": "FFFF0N00000000009184:1591688607383:0.9844042761792562", "afsScene": "nc_login", "password": "123456"}
2020-07-01 22:47:50,339 cms_login.py [line:33] INFO {'Content-Type': 'application/json;charset=UTF-8', 'Connection': 'keep-alive', 'User-Agent': 'Mozilla/5.0 (Windows NT 10.0; Win64; x64) AppleWebKit/537.36 (KHTML, like Gecko) Chrome/83.0.4103.97 Safari/537.36'}
2020-07-01 22:47:50,463 cms_login.py [line:35] INFO {"code":200,"msg":"成功","data":{"token":"eyJhbGciOiJIUzI1NiJ9.eyJ1c2VyX2lkIjoiMTU3MTg4Njg0NzgiLCJpYXQiOjE1OTM2MTQ4NjYsImV4cCI6MTU5MzYyMjA2NiwibmJmIjoxNTkzNjE0ODY2fQ.3gARoVWCH2eXOBrxTMx03LHZOP6ZpuqK6feXohZ4O6o","applicationToken":"eyJhbGciOiJIUzI1NiJ9.eyJ1c2VyX2lkIjoiOTUxIiwiaWF0IjoxNTkzNjE0ODY2LCJleHAiOjE1OTM2MjIwNjYsIm5iZiI6MTU5MzYxNDg2Nn0.1J6t5JUG-o4vp8xVh2D-2lKxQY_e4nhscVgDPwqHjB8","isDirectLogin":true,"tenants":null,"apps":[{"id":3,"appName":"新运营端管理系统","appIcon":"","appUrl":"http://localhost:8089/,https://ndcms.lifeat.cn:45788/cms/,https://ntcms.lifeat.cn:45788/cms/,https://nhcms.lifeat.cn:45788/cms/,https://hb-ncms.lifeat.cn/cms/"},{"id":0,"appName":"权限系统","appIcon":"https://kf-pms-cdn.hopsontong.com/1585129410411-10947/cms/permission-system-logo-258x86.png","appUrl":"https://uat-pms-tenant.hopsontong.com:11013/#/login"}]},"success":true}
2020-07-01 22:47:50,463 cms_login.py [line:37] INFO <class 'int'>
2020-07-01 22:47:50,465 cms_login.py [line:60] INFO ['http://localhost:8089/,https://ndcms.lifeat.cn:45788/cms/,https://ntcms.lifeat.cn:45788/cms/,https://nhcms.lifeat.cn:45788/cms/,https://hb-ncms.lifeat.cn/cms/']
2020-07-01 22:47:50,465 cms_login.py [line:61] INFO ['eyJhbGciOiJIUzI1NiJ9.eyJ1c2VyX2lkIjoiMTU3MTg4Njg0NzgiLCJpYXQiOjE1OTM2MTQ4NjYsImV4cCI6MTU5MzYyMjA2NiwibmJmIjoxNTkzNjE0ODY2fQ.3gARoVWCH2eXOBrxTMx03LHZOP6ZpuqK6feXohZ4O6o']
2020-07-01 22:47:50,465 cms_login.py [line:64] INFO ['http://localhost:8089/', 'https://ndcms.lifeat.cn:45788/cms/', 'https://ntcms.lifeat.cn:45788/cms/', 'https://nhcms.lifeat.cn:45788/cms/', 'https://hb-ncms.lifeat.cn/cms/']
2020-07-01 22:50:53,588 cms_login.py [line:49] INFO {'mobile': 15718868478, 'appFlag': 'easylife-cms-api-gateway', 'afsSessionId': 'WjFlCkIWDpHT9odN', 'afsSig': 'QuAncgq0hrmAVNX0', 'afsToken': 'FFFF0N00000000009184:1591688607383:0.9844042761792562', 'afsScene': 'nc_login', 'password': '123456'}
2020-07-01 22:50:53,588 cms_login.py [line:31] INFO post
2020-07-01 22:50:53,589 cms_login.py [line:32] INFO {"mobile": 15718868478, "appFlag": "easylife-cms-api-gateway", "afsSessionId": "WjFlCkIWDpHT9odN", "afsSig": "QuAncgq0hrmAVNX0", "afsToken": "FFFF0N00000000009184:1591688607383:0.9844042761792562", "afsScene": "nc_login", "password": "123456"}
2020-07-01 22:50:53,589 cms_login.py [line:33] INFO {'Content-Type': 'application/json;charset=UTF-8', 'Connection': 'keep-alive', 'User-Agent': 'Mozilla/5.0 (Windows NT 10.0; Win64; x64) AppleWebKit/537.36 (KHTML, like Gecko) Chrome/83.0.4103.97 Safari/537.36'}
2020-07-01 22:50:53,704 cms_login.py [line:35] INFO {"code":200,"msg":"成功","data":{"token":"eyJhbGciOiJIUzI1NiJ9.eyJ1c2VyX2lkIjoiMTU3MTg4Njg0NzgiLCJpYXQiOjE1OTM2MTUwNDksImV4cCI6MTU5MzYyMjI0OSwibmJmIjoxNTkzNjE1MDQ5fQ.ZvJKyu99zl-ga8LWsjST82gIi__rtf8e0aaOhdnTUY4","applicationToken":"eyJhbGciOiJIUzI1NiJ9.eyJ1c2VyX2lkIjoiOTUxIiwiaWF0IjoxNTkzNjE1MDQ5LCJleHAiOjE1OTM2MjIyNDksIm5iZiI6MTU5MzYxNTA0OX0.fFbzuTcYbWcf36IA-2L5EYk_5GsTk1vv7fZDRxXxVvA","isDirectLogin":true,"tenants":null,"apps":[{"id":3,"appName":"新运营端管理系统","appIcon":"","appUrl":"http://localhost:8089/,https://ndcms.lifeat.cn:45788/cms/,https://ntcms.lifeat.cn:45788/cms/,https://nhcms.lifeat.cn:45788/cms/,https://hb-ncms.lifeat.cn/cms/"},{"id":0,"appName":"权限系统","appIcon":"https://kf-pms-cdn.hopsontong.com/1585129410411-10947/cms/permission-system-logo-258x86.png","appUrl":"https://uat-pms-tenant.hopsontong.com:11013/#/login"}]},"success":true}
2020-07-01 22:50:53,704 cms_login.py [line:37] INFO <class 'int'>
2020-07-01 22:50:53,707 cms_login.py [line:60] INFO ['http://localhost:8089/,https://ndcms.lifeat.cn:45788/cms/,https://ntcms.lifeat.cn:45788/cms/,https://nhcms.lifeat.cn:45788/cms/,https://hb-ncms.lifeat.cn/cms/']
2020-07-01 22:50:53,707 cms_login.py [line:61] INFO ['eyJhbGciOiJIUzI1NiJ9.eyJ1c2VyX2lkIjoiMTU3MTg4Njg0NzgiLCJpYXQiOjE1OTM2MTUwNDksImV4cCI6MTU5MzYyMjI0OSwibmJmIjoxNTkzNjE1MDQ5fQ.ZvJKyu99zl-ga8LWsjST82gIi__rtf8e0aaOhdnTUY4']
2020-07-01 22:50:53,707 cms_login.py [line:64] INFO ['http://localhost:8089/', 'https://ndcms.lifeat.cn:45788/cms/', 'https://ntcms.lifeat.cn:45788/cms/', 'https://nhcms.lifeat.cn:45788/cms/', 'https://hb-ncms.lifeat.cn/cms/']
2020-07-01 22:50:53,708 cms_login.py [line:72] INFO Bearer eyJhbGciOiJIUzI1NiJ9.eyJ1c2VyX2lkIjoiOTUxIiwiaWF0IjoxNTkzNjE1MDQ5LCJleHAiOjE1OTM2MjIyNDksIm5iZiI6MTU5MzYxNTA0OX0.fFbzuTcYbWcf36IA-2L5EYk_5GsTk1vv7fZDRxXxVvA
2020-07-01 22:51:25,987 cms_login.py [line:49] INFO {'mobile': 15718868478, 'appFlag': 'easylife-cms-api-gateway', 'afsSessionId': 'WjFlCkIWDpHT9odN', 'afsSig': 'QuAncgq0hrmAVNX0', 'afsToken': 'FFFF0N00000000009184:1591688607383:0.9844042761792562', 'afsScene': 'nc_login', 'password': '123456'}
2020-07-01 22:51:25,987 cms_login.py [line:31] INFO post
2020-07-01 22:51:25,987 cms_login.py [line:32] INFO {"mobile": 15718868478, "appFlag": "easylife-cms-api-gateway", "afsSessionId": "WjFlCkIWDpHT9odN", "afsSig": "QuAncgq0hrmAVNX0", "afsToken": "FFFF0N00000000009184:1591688607383:0.9844042761792562", "afsScene": "nc_login", "password": "123456"}
2020-07-01 22:51:25,987 cms_login.py [line:33] INFO {'Content-Type': 'application/json;charset=UTF-8', 'Connection': 'keep-alive', 'User-Agent': 'Mozilla/5.0 (Windows NT 10.0; Win64; x64) AppleWebKit/537.36 (KHTML, like Gecko) Chrome/83.0.4103.97 Safari/537.36'}
2020-07-01 22:51:26,109 cms_login.py [line:35] INFO {"code":200,"msg":"成功","data":{"token":"eyJhbGciOiJIUzI1NiJ9.eyJ1c2VyX2lkIjoiMTU3MTg4Njg0NzgiLCJpYXQiOjE1OTM2MTUwODIsImV4cCI6MTU5MzYyMjI4MiwibmJmIjoxNTkzNjE1MDgyfQ.CJtHOs2ki2P5Z5xCWhZpn9cY1_NnUaDL4tVHDP2k0yM","applicationToken":"eyJhbGciOiJIUzI1NiJ9.eyJ1c2VyX2lkIjoiOTUxIiwiaWF0IjoxNTkzNjE1MDgyLCJleHAiOjE1OTM2MjIyODIsIm5iZiI6MTU5MzYxNTA4Mn0.XRMwEiRoPMWOBUZZBX_PEFtc2dIu1mV2jUviDg1MHu0","isDirectLogin":true,"tenants":null,"apps":[{"id":3,"appName":"新运营端管理系统","appIcon":"","appUrl":"http://localhost:8089/,https://ndcms.lifeat.cn:45788/cms/,https://ntcms.lifeat.cn:45788/cms/,https://nhcms.lifeat.cn:45788/cms/,https://hb-ncms.lifeat.cn/cms/"},{"id":0,"appName":"权限系统","appIcon":"https://kf-pms-cdn.hopsontong.com/1585129410411-10947/cms/permission-system-logo-258x86.png","appUrl":"https://uat-pms-tenant.hopsontong.com:11013/#/login"}]},"success":true}
2020-07-01 22:51:26,109 cms_login.py [line:37] INFO <class 'int'>
2020-07-01 22:51:26,114 cms_login.py [line:60] INFO ['http://localhost:8089/,https://ndcms.lifeat.cn:45788/cms/,https://ntcms.lifeat.cn:45788/cms/,https://nhcms.lifeat.cn:45788/cms/,https://hb-ncms.lifeat.cn/cms/']
2020-07-01 22:51:26,115 cms_login.py [line:61] INFO ['eyJhbGciOiJIUzI1NiJ9.eyJ1c2VyX2lkIjoiMTU3MTg4Njg0NzgiLCJpYXQiOjE1OTM2MTUwODIsImV4cCI6MTU5MzYyMjI4MiwibmJmIjoxNTkzNjE1MDgyfQ.CJtHOs2ki2P5Z5xCWhZpn9cY1_NnUaDL4tVHDP2k0yM']
2020-07-01 22:51:26,115 cms_login.py [line:64] INFO ['http://localhost:8089/', 'https://ndcms.lifeat.cn:45788/cms/', 'https://ntcms.lifeat.cn:45788/cms/', 'https://nhcms.lifeat.cn:45788/cms/', 'https://hb-ncms.lifeat.cn/cms/']
2020-07-01 22:53:33,130 cms_login.py [line:72] INFO Bearer eyJhbGciOiJIUzI1NiJ9.eyJ1c2VyX2lkIjoiOTUxIiwiaWF0IjoxNTkzNjE1MDgyLCJleHAiOjE1OTM2MjIyODIsIm5iZiI6MTU5MzYxNTA4Mn0.XRMwEiRoPMWOBUZZBX_PEFtc2dIu1mV2jUviDg1MHu0
2020-07-01 22:57:45,621 cms_login.py [line:49] INFO {'mobile': 15718868478, 'appFlag': 'easylife-cms-api-gateway', 'afsSessionId': 'WjFlCkIWDpHT9odN', 'afsSig': 'QuAncgq0hrmAVNX0', 'afsToken': 'FFFF0N00000000009184:1591688607383:0.9844042761792562', 'afsScene': 'nc_login', 'password': '123456'}
2020-07-01 22:57:45,621 cms_login.py [line:31] INFO post
2020-07-01 22:57:45,621 cms_login.py [line:32] INFO {"mobile": 15718868478, "appFlag": "easylife-cms-api-gateway", "afsSessionId": "WjFlCkIWDpHT9odN", "afsSig": "QuAncgq0hrmAVNX0", "afsToken": "FFFF0N00000000009184:1591688607383:0.9844042761792562", "afsScene": "nc_login", "password": "123456"}
2020-07-01 22:57:45,621 cms_login.py [line:33] INFO {'Content-Type': 'application/json;charset=UTF-8', 'Connection': 'keep-alive', 'User-Agent': 'Mozilla/5.0 (Windows NT 10.0; Win64; x64) AppleWebKit/537.36 (KHTML, like Gecko) Chrome/83.0.4103.97 Safari/537.36'}
2020-07-01 22:57:45,722 cms_login.py [line:35] INFO {"code":200,"msg":"成功","data":{"token":"eyJhbGciOiJIUzI1NiJ9.eyJ1c2VyX2lkIjoiMTU3MTg4Njg0NzgiLCJpYXQiOjE1OTM2MTU0NjEsImV4cCI6MTU5MzYyMjY2MSwibmJmIjoxNTkzNjE1NDYxfQ.zFLTx_XWC3E2Nuu5ppXcP871uYjWmzl_mdOYTQLkJOk","applicationToken":"eyJhbGciOiJIUzI1NiJ9.eyJ1c2VyX2lkIjoiOTUxIiwiaWF0IjoxNTkzNjE1NDYxLCJleHAiOjE1OTM2MjI2NjEsIm5iZiI6MTU5MzYxNTQ2MX0.sWmS5t2kNZfJMhvpjlNtTdf_Fo6NDAiX11S_7AFr_0Y","isDirectLogin":true,"tenants":null,"apps":[{"id":3,"appName":"新运营端管理系统","appIcon":"","appUrl":"http://localhost:8089/,https://ndcms.lifeat.cn:45788/cms/,https://ntcms.lifeat.cn:45788/cms/,https://nhcms.lifeat.cn:45788/cms/,https://hb-ncms.lifeat.cn/cms/"},{"id":0,"appName":"权限系统","appIcon":"https://kf-pms-cdn.hopsontong.com/1585129410411-10947/cms/permission-system-logo-258x86.png","appUrl":"https://uat-pms-tenant.hopsontong.com:11013/#/login"}]},"success":true}
2020-07-01 22:57:45,723 cms_login.py [line:37] INFO <class 'int'>
2020-07-01 22:57:45,725 cms_login.py [line:60] INFO ['http://localhost:8089/,https://ndcms.lifeat.cn:45788/cms/,https://ntcms.lifeat.cn:45788/cms/,https://nhcms.lifeat.cn:45788/cms/,https://hb-ncms.lifeat.cn/cms/']
2020-07-01 22:57:45,726 cms_login.py [line:61] INFO ['eyJhbGciOiJIUzI1NiJ9.eyJ1c2VyX2lkIjoiMTU3MTg4Njg0NzgiLCJpYXQiOjE1OTM2MTU0NjEsImV4cCI6MTU5MzYyMjY2MSwibmJmIjoxNTkzNjE1NDYxfQ.zFLTx_XWC3E2Nuu5ppXcP871uYjWmzl_mdOYTQLkJOk']
2020-07-01 22:57:45,727 cms_login.py [line:64] INFO ['http://localhost:8089/', 'https://ndcms.lifeat.cn:45788/cms/', 'https://ntcms.lifeat.cn:45788/cms/', 'https://nhcms.lifeat.cn:45788/cms/', 'https://hb-ncms.lifeat.cn/cms/']
2020-07-01 22:57:45,727 cms_login.py [line:72] INFO Bearer eyJhbGciOiJIUzI1NiJ9.eyJ1c2VyX2lkIjoiOTUxIiwiaWF0IjoxNTkzNjE1NDYxLCJleHAiOjE1OTM2MjI2NjEsIm5iZiI6MTU5MzYxNTQ2MX0.sWmS5t2kNZfJMhvpjlNtTdf_Fo6NDAiX11S_7AFr_0Y
2020-07-01 23:15:41,756 common_tool.py [line:71] INFO <re.Match object; span=(0, 10), match='outerOrgId'>
2020-07-01 23:16:36,507 common_tool.py [line:71] INFO outerOrgId
2020-07-01 23:17:27,605 common_tool.py [line:71] INFO outerOrgId
2020-07-01 23:25:34,949 common_tool.py [line:71] INFO []
