2020-06-18 15:04:07,662 testApi_01.py [line:74] INFO transmitKey
2020-06-18 15:04:07,662 testApi_01.py [line:74] INFO transmitKey
2020-06-18 15:04:07,663 testApi_01.py [line:76] INFO ['[tokenKey,valueKey]']
2020-06-18 15:04:07,663 testApi_01.py [line:76] INFO ['[tokenKey,valueKey]']
2020-06-18 15:04:07,663 testApi_01.py [line:79] INFO {'isApp': 'False', 'isTransmit': {'tokenName': '[tokenKey,valueKey]', 'transmitName': ['transmitKey', {'valueKey': '{valueKey}', 'getValuePath': 'getValuePath'}]}}
2020-06-18 15:04:07,663 testApi_01.py [line:79] INFO {'isApp': 'False', 'isTransmit': {'tokenName': '[tokenKey,valueKey]', 'transmitName': ['transmitKey', {'valueKey': '{valueKey}', 'getValuePath': 'getValuePath'}]}}
2020-06-18 15:06:21,797 testApi_01.py [line:74] INFO transmitKey
2020-06-18 15:06:21,797 testApi_01.py [line:74] INFO transmitKey
2020-06-18 15:06:21,797 testApi_01.py [line:76] INFO ['[tokenKey,valueKey]']
2020-06-18 15:06:21,797 testApi_01.py [line:76] INFO ['[tokenKey,valueKey]']
2020-06-18 15:06:21,797 testApi_01.py [line:79] INFO {'isApp': 'False', 'isTransmit': {'tokenName': '[tokenKey,valueKey]', 'transmitName': ['transmitKey', '{transmitKey}']}}
2020-06-18 15:06:21,797 testApi_01.py [line:79] INFO {'isApp': 'False', 'isTransmit': {'tokenName': '[tokenKey,valueKey]', 'transmitName': ['transmitKey', '{transmitKey}']}}
2020-06-18 15:08:54,154 testApi_01.py [line:74] INFO transmitKey
2020-06-18 15:08:54,154 testApi_01.py [line:74] INFO transmitKey
2020-06-18 15:08:54,155 testApi_01.py [line:76] INFO ['[tokenKey,valueKey]']
2020-06-18 15:08:54,155 testApi_01.py [line:76] INFO ['[tokenKey,valueKey]']
2020-06-18 15:08:54,155 testApi_01.py [line:79] INFO {'isApp': 'False', 'isTransmit': {'tokenName': '[tokenKey,valueKey]', 'transmitName': ['transmitKey', "['[tokenKey,valueKey]']"]}}
2020-06-18 15:08:54,155 testApi_01.py [line:79] INFO {'isApp': 'False', 'isTransmit': {'tokenName': '[tokenKey,valueKey]', 'transmitName': ['transmitKey', "['[tokenKey,valueKey]']"]}}
2020-06-18 15:12:16,107 testApi_01.py [line:74] INFO transmitKey
2020-06-18 15:12:16,107 testApi_01.py [line:74] INFO transmitKey
2020-06-18 15:12:16,107 testApi_01.py [line:76] INFO [tokenKey,valueKey]
2020-06-18 15:12:16,107 testApi_01.py [line:76] INFO [tokenKey,valueKey]
2020-06-18 15:12:16,107 testApi_01.py [line:79] INFO {'isApp': 'False', 'isTransmit': {'tokenName': '[tokenKey,valueKey]', 'transmitName': ['transmitKey', '[tokenKey,valueKey]']}}
2020-06-18 15:12:16,107 testApi_01.py [line:79] INFO {'isApp': 'False', 'isTransmit': {'tokenName': '[tokenKey,valueKey]', 'transmitName': ['transmitKey', '[tokenKey,valueKey]']}}
2020-06-18 15:24:22,383 testApi_01.py [line:66] INFO 3
2020-06-18 15:24:22,383 testApi_01.py [line:66] INFO 3
2020-06-18 15:28:31,041 testApi_01.py [line:66] INFO 3
2020-06-18 15:28:31,041 testApi_01.py [line:66] INFO 3
2020-06-18 15:28:47,990 testApi_01.py [line:66] INFO 3
2020-06-18 15:28:47,990 testApi_01.py [line:66] INFO 3
2020-06-18 15:31:35,986 testApi_01.py [line:66] INFO 3
2020-06-18 15:31:35,986 testApi_01.py [line:66] INFO 3
2020-06-18 15:31:42,594 testApi_01.py [line:66] INFO 3
2020-06-18 15:31:42,594 testApi_01.py [line:66] INFO 3
2020-06-18 15:34:47,838 testApi_01.py [line:66] INFO 1
2020-06-18 15:34:47,838 testApi_01.py [line:66] INFO 1
2020-06-18 15:34:47,838 testApi_01.py [line:78] INFO ['getValuePath', {'valueKey': 'valueKey', 'getValuePath': '$.isTransmit.tokenName'}]
2020-06-18 15:34:47,838 testApi_01.py [line:78] INFO ['getValuePath', {'valueKey': 'valueKey', 'getValuePath': '$.isTransmit.tokenName'}]
2020-06-18 15:35:19,114 testApi_01.py [line:66] INFO 1
2020-06-18 15:35:19,114 testApi_01.py [line:66] INFO 1
2020-06-18 15:35:19,114 testApi_01.py [line:70] INFO getValuePath
2020-06-18 15:35:19,114 testApi_01.py [line:70] INFO getValuePath
2020-06-18 15:35:19,115 testApi_01.py [line:72] INFO [tokenKey,valueKey]
2020-06-18 15:35:19,115 testApi_01.py [line:72] INFO [tokenKey,valueKey]
2020-06-18 15:35:19,115 testApi_01.py [line:75] INFO {'isApp': 'False', 'isTransmit': {'tokenName': '[tokenKey,valueKey]', 'transmitName': ['transmitKey', '{transmitKey}']}}
2020-06-18 15:35:19,115 testApi_01.py [line:75] INFO {'isApp': 'False', 'isTransmit': {'tokenName': '[tokenKey,valueKey]', 'transmitName': ['transmitKey', '{transmitKey}']}}
2020-06-18 15:35:19,115 testApi_01.py [line:70] INFO valueKey
2020-06-18 15:35:19,115 testApi_01.py [line:70] INFO valueKey
2020-06-18 15:35:19,115 testApi_01.py [line:72] INFO False
2020-06-18 15:35:19,115 testApi_01.py [line:72] INFO False
2020-06-18 15:35:19,116 testApi_01.py [line:75] INFO {'isApp': 'False', 'isTransmit': {'tokenName': '[tokenKey,valueKey]', 'transmitName': ['transmitKey', '{transmitKey}']}}
2020-06-18 15:35:19,116 testApi_01.py [line:75] INFO {'isApp': 'False', 'isTransmit': {'tokenName': '[tokenKey,valueKey]', 'transmitName': ['transmitKey', '{transmitKey}']}}
2020-06-18 15:39:03,231 testApi_01.py [line:66] INFO 1
2020-06-18 15:39:03,231 testApi_01.py [line:66] INFO 1
2020-06-18 15:39:03,231 testApi_01.py [line:70] INFO getValuePath
2020-06-18 15:39:03,231 testApi_01.py [line:70] INFO getValuePath
2020-06-18 15:39:03,232 testApi_01.py [line:72] INFO [tokenKey,valueKey]
2020-06-18 15:39:03,232 testApi_01.py [line:72] INFO [tokenKey,valueKey]
2020-06-18 15:39:03,232 testApi_01.py [line:75] INFO {'isApp': 'False', 'isTransmit': {'tokenName': '[tokenKey,valueKey]', 'transmitName': ['transmitKey', {'valueKey': 'valueKey', 'getValuePath': 'getValuePath'}]}}
2020-06-18 15:39:03,232 testApi_01.py [line:75] INFO {'isApp': 'False', 'isTransmit': {'tokenName': '[tokenKey,valueKey]', 'transmitName': ['transmitKey', {'valueKey': 'valueKey', 'getValuePath': 'getValuePath'}]}}
2020-06-18 15:39:03,232 testApi_01.py [line:70] INFO valueKey
2020-06-18 15:39:03,232 testApi_01.py [line:70] INFO valueKey
2020-06-18 15:39:03,232 testApi_01.py [line:72] INFO False
2020-06-18 15:39:03,232 testApi_01.py [line:72] INFO False
2020-06-18 15:39:03,232 testApi_01.py [line:75] INFO {'isApp': 'False', 'isTransmit': {'tokenName': '[tokenKey,valueKey]', 'transmitName': ['transmitKey', {'valueKey': 'valueKey', 'getValuePath': 'getValuePath'}]}}
2020-06-18 15:39:03,232 testApi_01.py [line:75] INFO {'isApp': 'False', 'isTransmit': {'tokenName': '[tokenKey,valueKey]', 'transmitName': ['transmitKey', {'valueKey': 'valueKey', 'getValuePath': 'getValuePath'}]}}
2020-06-18 15:47:03,366 testApi_01.py [line:66] INFO 1
2020-06-18 15:47:03,366 testApi_01.py [line:66] INFO 1
2020-06-18 15:47:03,366 testApi_01.py [line:70] INFO getValuePath
2020-06-18 15:47:03,366 testApi_01.py [line:70] INFO getValuePath
2020-06-18 15:47:03,367 testApi_01.py [line:72] INFO [tokenKey,valueKey]
2020-06-18 15:47:03,367 testApi_01.py [line:72] INFO [tokenKey,valueKey]
2020-06-18 15:47:03,367 testApi_01.py [line:75] INFO {'isApp': 'False', 'isTransmit': {'tokenName': '[tokenKey,valueKey]', 'transmitName': ['transmitKey', {'valueKey': '[tokenKey,valueKey]', 'getValuePath': '{valueKey}'}]}}
2020-06-18 15:47:03,367 testApi_01.py [line:75] INFO {'isApp': 'False', 'isTransmit': {'tokenName': '[tokenKey,valueKey]', 'transmitName': ['transmitKey', {'valueKey': '[tokenKey,valueKey]', 'getValuePath': '{valueKey}'}]}}
2020-06-18 15:47:03,367 testApi_01.py [line:70] INFO valueKey
2020-06-18 15:47:03,367 testApi_01.py [line:70] INFO valueKey
2020-06-18 15:47:03,367 testApi_01.py [line:72] INFO False
2020-06-18 15:47:03,367 testApi_01.py [line:72] INFO False
2020-06-18 15:47:03,367 testApi_01.py [line:75] INFO {'isApp': 'False', 'isTransmit': {'tokenName': '[tokenKey,valueKey]', 'transmitName': ['transmitKey', {'valueKey': '[tokenKey,valueKey]', 'getValuePath': 'False'}]}}
2020-06-18 15:47:03,367 testApi_01.py [line:75] INFO {'isApp': 'False', 'isTransmit': {'tokenName': '[tokenKey,valueKey]', 'transmitName': ['transmitKey', {'valueKey': '[tokenKey,valueKey]', 'getValuePath': 'False'}]}}
