2020-06-23 14:02:02,353 excel_tool.py [line:120] INFO D:\zhy\haoshenghuo\autoproject\
2020-06-23 14:02:02,354 excel_tool.py [line:120] INFO D:\zhy\haoshenghuo\autoproject\
2020-06-23 14:02:02,354 excel_tool.py [line:120] INFO D:\zhy\haoshenghuo\autoproject\
2020-06-23 14:02:02,354 excel_tool.py [line:120] INFO D:\zhy\haoshenghuo\autoproject\
2020-06-23 14:02:02,354 excel_tool.py [line:120] INFO D:\zhy\haoshenghuo\autoproject\
2020-06-23 14:02:39,716 excel_tool.py [line:120] INFO D:\zhy\haoshenghuo\autoproject\
2020-06-23 14:02:39,819 excel_tool.py [line:120] INFO D:\zhy\haoshenghuo\autoproject\
2020-06-23 14:06:37,971 excel_tool.py [line:120] INFO D:\zhy\haoshenghuo\autoproject\
2020-06-23 14:06:37,997 excel_tool.py [line:120] INFO D:\zhy\haoshenghuo\autoproject\
2020-06-23 14:06:38,205 deal_source.py [line:40] INFO POST
2020-06-23 14:06:38,205 url_classfication.py [line:25] INFO https://tbroker.lifeat.cn:45788/easylife/rest/broker/login
2020-06-23 14:06:38,205 url_classfication.py [line:41] INFO https://tbroker.lifeat.cn:45788/easylife/rest/broker/login
2020-06-23 14:06:38,205 deal_source.py [line:42] INFO https://tbroker.lifeat.cn:45788/easylife/rest/broker/login
2020-06-23 14:09:26,325 excel_tool.py [line:120] INFO D:\zhy\haoshenghuo\autoproject\
2020-06-23 14:09:26,348 excel_tool.py [line:120] INFO D:\zhy\haoshenghuo\autoproject\
2020-06-23 14:09:26,551 deal_source.py [line:40] INFO POST
2020-06-23 14:09:26,551 url_classfication.py [line:25] INFO https://tbroker.lifeat.cn:45788/easylife/rest/broker/login
2020-06-23 14:09:26,551 url_classfication.py [line:41] INFO https://tbroker.lifeat.cn:45788/easylife/rest/broker/login
2020-06-23 14:09:26,551 deal_source.py [line:42] INFO https://tbroker.lifeat.cn:45788/easylife/rest/broker/login
2020-06-23 14:10:26,121 excel_tool.py [line:120] INFO D:\zhy\haoshenghuo\autoproject\
2020-06-23 14:10:26,148 excel_tool.py [line:120] INFO D:\zhy\haoshenghuo\autoproject\
2020-06-23 14:10:26,355 deal_source.py [line:40] INFO POST
2020-06-23 14:10:26,355 url_classfication.py [line:25] INFO https://tbroker.lifeat.cn:45788/easylife/rest/broker/login
2020-06-23 14:10:26,355 url_classfication.py [line:41] INFO https://tbroker.lifeat.cn:45788/easylife/rest/broker/login
2020-06-23 14:10:26,355 deal_source.py [line:42] INFO https://tbroker.lifeat.cn:45788/easylife/rest/broker/login
2020-06-23 14:25:41,641 excel_tool.py [line:120] INFO D:\zhy\haoshenghuo\autoproject\
2020-06-23 14:25:41,688 excel_tool.py [line:120] INFO D:\zhy\haoshenghuo\autoproject\
2020-06-23 14:25:42,233 deal_source.py [line:40] INFO POST
2020-06-23 14:25:42,234 url_classfication.py [line:25] INFO https://tbroker.lifeat.cn:45788/easylife/rest/broker/login
2020-06-23 14:25:42,234 url_classfication.py [line:41] INFO https://tbroker.lifeat.cn:45788/easylife/rest/broker/login
2020-06-23 14:25:42,234 deal_source.py [line:42] INFO https://tbroker.lifeat.cn:45788/easylife/rest/broker/login
2020-06-23 14:30:43,012 excel_tool.py [line:120] INFO D:\zhy\haoshenghuo\autoproject\
2020-06-23 14:30:43,039 excel_tool.py [line:120] INFO D:\zhy\haoshenghuo\autoproject\
2020-06-23 14:30:43,291 deal_source.py [line:41] INFO POST
2020-06-23 14:30:43,291 url_classfication.py [line:25] INFO https://tbroker.lifeat.cn:45788/easylife/rest/broker/login
2020-06-23 14:30:43,291 url_classfication.py [line:41] INFO https://tbroker.lifeat.cn:45788/easylife/rest/broker/login
2020-06-23 14:30:43,291 deal_source.py [line:43] INFO https://tbroker.lifeat.cn:45788/easylife/rest/broker/login
2020-06-23 15:52:09,846 excel_tool.py [line:120] INFO D:\zhy\haoshenghuo\autoproject\
2020-06-23 15:52:09,920 excel_tool.py [line:120] INFO D:\zhy\haoshenghuo\autoproject\
2020-06-23 15:52:10,159 deal_source.py [line:41] INFO POST
2020-06-23 15:52:10,160 url_classfication.py [line:25] INFO https://tbroker.lifeat.cn:45788/easylife/rest/broker/login
2020-06-23 15:52:10,160 url_classfication.py [line:41] INFO https://tbroker.lifeat.cn:45788/easylife/rest/broker/login
2020-06-23 15:52:10,160 deal_source.py [line:43] INFO https://tbroker.lifeat.cn:45788/easylife/rest/broker/login
2020-06-23 15:52:49,033 excel_tool.py [line:120] INFO D:\zhy\haoshenghuo\autoproject\
2020-06-23 15:52:49,059 excel_tool.py [line:120] INFO D:\zhy\haoshenghuo\autoproject\
2020-06-23 15:52:49,307 deal_source.py [line:41] INFO POST
2020-06-23 15:52:49,307 url_classfication.py [line:25] INFO https://tbroker.lifeat.cn:45788/easylife/rest/broker/login
2020-06-23 15:52:49,307 url_classfication.py [line:41] INFO https://tbroker.lifeat.cn:45788/easylife/rest/broker/login
2020-06-23 15:52:49,307 deal_source.py [line:43] INFO https://tbroker.lifeat.cn:45788/easylife/rest/broker/login
2020-06-23 15:53:28,992 excel_tool.py [line:120] INFO D:\zhy\haoshenghuo\autoproject\
2020-06-23 15:53:29,020 excel_tool.py [line:120] INFO D:\zhy\haoshenghuo\autoproject\
2020-06-23 15:53:29,278 deal_source.py [line:41] INFO POST
2020-06-23 15:53:29,278 url_classfication.py [line:25] INFO https://tbroker.lifeat.cn:45788/easylife/rest/broker/login
2020-06-23 15:53:29,278 url_classfication.py [line:41] INFO https://tbroker.lifeat.cn:45788/easylife/rest/broker/login
2020-06-23 15:53:29,278 deal_source.py [line:43] INFO https://tbroker.lifeat.cn:45788/easylife/rest/broker/login
2020-06-23 15:53:29,279 para_analysis.py [line:19] INFO ['KHGJ001', 'BOHUI01', '客户跟进', '驳回', 'https://tbroker.lifeat.cn:45788/easylife/rest/broker/login', 'POST', '{"isDefine":"","PaData":{"urlData":"","paramData":{\n\t"brokerPhone": "15718868478",\n\t"clientId": "77a8a4b9e5ba1c9b6a21ca1b839c3581",\n\t"password": "haoshenghuo"\n}}}', '{"isApp":"Y","isTransmit":{"tokenName":"["token","token"]","transmitName":["brokerCode",{"valueKey":"brokerCode","getValuePath":"$.data.brokerCode"}]}}', '{"$.status.code":"1000"}', None, None, None, None, None, None, None, None, None, None, None, None, None, None, None, None, None, None]
2020-06-23 15:53:29,279 para_analysis.py [line:19] INFO ['KHGJ001', 'BOHUI01', '客户跟进', '驳回', 'https://tbroker.lifeat.cn:45788/easylife/rest/broker/login', 'POST', '{"isDefine":"","PaData":{"urlData":"","paramData":{\n\t"brokerPhone": "15718868478",\n\t"clientId": "77a8a4b9e5ba1c9b6a21ca1b839c3581",\n\t"password": "haoshenghuo"\n}}}', '{"isApp":"Y","isTransmit":{"tokenName":"["token","token"]","transmitName":["brokerCode",{"valueKey":"brokerCode","getValuePath":"$.data.brokerCode"}]}}', '{"$.status.code":"1000"}', None, None, None, None, None, None, None, None, None, None, None, None, None, None, None, None, None, None]
2020-06-23 15:55:35,181 excel_tool.py [line:120] INFO D:\zhy\haoshenghuo\autoproject\
2020-06-23 15:55:35,210 excel_tool.py [line:120] INFO D:\zhy\haoshenghuo\autoproject\
2020-06-23 15:55:35,451 deal_source.py [line:41] INFO POST
2020-06-23 15:55:35,451 url_classfication.py [line:25] INFO https://tbroker.lifeat.cn:45788/easylife/rest/broker/login
2020-06-23 15:55:35,451 url_classfication.py [line:41] INFO https://tbroker.lifeat.cn:45788/easylife/rest/broker/login
2020-06-23 15:55:35,451 deal_source.py [line:43] INFO https://tbroker.lifeat.cn:45788/easylife/rest/broker/login
2020-06-23 15:55:35,452 para_analysis.py [line:20] INFO {"isApp":"Y","isTransmit":{"tokenName":"["token","token"]","transmitName":["brokerCode",{"valueKey":"brokerCode","getValuePath":"$.data.brokerCode"}]}}
2020-06-23 15:55:35,452 para_analysis.py [line:20] INFO {"isApp":"Y","isTransmit":{"tokenName":"["token","token"]","transmitName":["brokerCode",{"valueKey":"brokerCode","getValuePath":"$.data.brokerCode"}]}}
2020-06-23 18:41:30,429 excel_tool.py [line:120] INFO D:\zhy\haoshenghuo\autoproject\
2020-06-23 18:41:30,506 excel_tool.py [line:120] INFO D:\zhy\haoshenghuo\autoproject\
2020-06-23 18:41:30,729 deal_source.py [line:41] INFO POST
2020-06-23 18:41:30,729 url_classfication.py [line:25] INFO https://tbroker.lifeat.cn:45788/easylife/rest/broker/login
2020-06-23 18:41:30,729 url_classfication.py [line:41] INFO https://tbroker.lifeat.cn:45788/easylife/rest/broker/login
2020-06-23 18:41:30,729 deal_source.py [line:43] INFO https://tbroker.lifeat.cn:45788/easylife/rest/broker/login
2020-06-23 18:41:30,730 para_analysis.py [line:20] INFO {"isApp":"Y","isTransmit":{"tokenName":"["token","token"]","transmitName":["brokerCode",{"valueKey":"brokerCode","getValuePath":"$.data.brokerCode"}]}}
2020-06-23 18:41:30,730 para_analysis.py [line:20] INFO {"isApp":"Y","isTransmit":{"tokenName":"["token","token"]","transmitName":["brokerCode",{"valueKey":"brokerCode","getValuePath":"$.data.brokerCode"}]}}
2020-06-23 19:43:51,525 excel_tool.py [line:120] INFO D:\zhy\haoshenghuo\autoproject\
2020-06-23 19:43:51,550 excel_tool.py [line:120] INFO D:\zhy\haoshenghuo\autoproject\
2020-06-23 19:43:51,778 deal_source.py [line:41] INFO POST
2020-06-23 19:43:51,778 url_classfication.py [line:25] INFO https://tbroker.lifeat.cn:45788/easylife/rest/broker/login
2020-06-23 19:43:51,778 url_classfication.py [line:41] INFO https://tbroker.lifeat.cn:45788/easylife/rest/broker/login
2020-06-23 19:43:51,778 deal_source.py [line:43] INFO https://tbroker.lifeat.cn:45788/easylife/rest/broker/login
2020-06-23 19:43:51,779 para_analysis.py [line:20] INFO {"isApp":"Y","isTransmit":{"tokenName":"["token","token"]","transmitName":["brokerCode",{"valueKey":"brokerCode","getValuePath":"$.data.brokerCode"}]}}
2020-06-23 19:43:51,779 para_analysis.py [line:20] INFO {"isApp":"Y","isTransmit":{"tokenName":"["token","token"]","transmitName":["brokerCode",{"valueKey":"brokerCode","getValuePath":"$.data.brokerCode"}]}}
2020-06-23 19:47:47,677 excel_tool.py [line:120] INFO D:\zhy\haoshenghuo\autoproject\
2020-06-23 19:47:47,699 excel_tool.py [line:120] INFO D:\zhy\haoshenghuo\autoproject\
2020-06-23 19:47:47,928 deal_source.py [line:41] INFO POST
2020-06-23 19:47:47,929 url_classfication.py [line:25] INFO https://tbroker.lifeat.cn:45788/easylife/rest/broker/login
2020-06-23 19:47:47,929 url_classfication.py [line:41] INFO https://tbroker.lifeat.cn:45788/easylife/rest/broker/login
2020-06-23 19:47:47,929 deal_source.py [line:43] INFO https://tbroker.lifeat.cn:45788/easylife/rest/broker/login
2020-06-23 19:47:47,929 para_analysis.py [line:20] INFO {"isApp":"Y","isTransmit":{"tokenName":"["token","token"]","transmitName":["brokerCode",{"valueKey":"brokerCode","getValuePath":"$.data.brokerCode"}]}}
2020-06-23 19:47:47,929 para_analysis.py [line:20] INFO {"isApp":"Y","isTransmit":{"tokenName":"["token","token"]","transmitName":["brokerCode",{"valueKey":"brokerCode","getValuePath":"$.data.brokerCode"}]}}
2020-06-23 19:57:23,878 excel_tool.py [line:120] INFO D:\zhy\haoshenghuo\autoproject\
2020-06-23 19:57:23,899 excel_tool.py [line:120] INFO D:\zhy\haoshenghuo\autoproject\
2020-06-23 19:57:24,103 deal_source.py [line:41] INFO POST
2020-06-23 19:57:24,103 url_classfication.py [line:25] INFO https://tbroker.lifeat.cn:45788/easylife/rest/broker/login
2020-06-23 19:57:24,103 url_classfication.py [line:41] INFO https://tbroker.lifeat.cn:45788/easylife/rest/broker/login
2020-06-23 19:57:24,104 deal_source.py [line:43] INFO https://tbroker.lifeat.cn:45788/easylife/rest/broker/login
2020-06-23 19:57:24,105 para_analysis.py [line:20] INFO {"isApp":"Y","isTransmit":{"tokenName":"["token","token"]","transmitName":["brokerCode",{"valueKey":"brokerCode","getValuePath":"$.data.brokerCode"}]}}
2020-06-23 19:57:24,105 para_analysis.py [line:20] INFO {"isApp":"Y","isTransmit":{"tokenName":"["token","token"]","transmitName":["brokerCode",{"valueKey":"brokerCode","getValuePath":"$.data.brokerCode"}]}}
2020-06-23 19:57:37,040 excel_tool.py [line:120] INFO D:\zhy\haoshenghuo\autoproject\
2020-06-23 19:57:37,063 excel_tool.py [line:120] INFO D:\zhy\haoshenghuo\autoproject\
2020-06-23 19:57:37,275 deal_source.py [line:41] INFO POST
2020-06-23 19:57:37,275 url_classfication.py [line:25] INFO https://tbroker.lifeat.cn:45788/easylife/rest/broker/login
2020-06-23 19:57:37,275 url_classfication.py [line:41] INFO https://tbroker.lifeat.cn:45788/easylife/rest/broker/login
2020-06-23 19:57:37,275 deal_source.py [line:43] INFO https://tbroker.lifeat.cn:45788/easylife/rest/broker/login
2020-06-23 19:57:37,276 para_analysis.py [line:20] INFO {"isApp":"Y","isTransmit":{"tokenName":"[\"token\",\"token\"]","transmitName":["brokerCode",{"valueKey":"brokerCode","getValuePath":"$.data.brokerCode"}]}}
2020-06-23 19:57:37,276 para_analysis.py [line:20] INFO {"isApp":"Y","isTransmit":{"tokenName":"[\"token\",\"token\"]","transmitName":["brokerCode",{"valueKey":"brokerCode","getValuePath":"$.data.brokerCode"}]}}
2020-06-23 19:58:32,257 excel_tool.py [line:120] INFO D:\zhy\haoshenghuo\autoproject\
2020-06-23 19:58:32,279 excel_tool.py [line:120] INFO D:\zhy\haoshenghuo\autoproject\
2020-06-23 19:58:32,489 deal_source.py [line:41] INFO POST
2020-06-23 19:58:32,489 url_classfication.py [line:25] INFO https://tbroker.lifeat.cn:45788/easylife/rest/broker/login
2020-06-23 19:58:32,489 url_classfication.py [line:41] INFO https://tbroker.lifeat.cn:45788/easylife/rest/broker/login
2020-06-23 19:58:32,489 deal_source.py [line:43] INFO https://tbroker.lifeat.cn:45788/easylife/rest/broker/login
2020-06-23 19:58:32,490 para_analysis.py [line:20] INFO {"isApp":"Y","isTransmit":{"tokenName":"[\"token\",\"token\"]","transmitName":["brokerCode",{"valueKey":"brokerCode","getValuePath":"$.data.brokerCode"}]}}
2020-06-23 19:58:32,490 para_analysis.py [line:20] INFO {"isApp":"Y","isTransmit":{"tokenName":"[\"token\",\"token\"]","transmitName":["brokerCode",{"valueKey":"brokerCode","getValuePath":"$.data.brokerCode"}]}}
2020-06-23 19:58:32,491 para_analysis.py [line:23] INFO {'tokenName': '["token","token"]', 'transmitName': ['brokerCode', {'valueKey': 'brokerCode', 'getValuePath': '$.data.brokerCode'}]}
2020-06-23 19:58:32,491 para_analysis.py [line:23] INFO {'tokenName': '["token","token"]', 'transmitName': ['brokerCode', {'valueKey': 'brokerCode', 'getValuePath': '$.data.brokerCode'}]}
2020-06-23 19:58:32,491 para_analysis.py [line:25] INFO ["token","token"]
2020-06-23 19:58:32,491 para_analysis.py [line:25] INFO ["token","token"]
2020-06-23 20:05:51,654 excel_tool.py [line:120] INFO D:\zhy\haoshenghuo\autoproject\
2020-06-23 20:05:51,677 excel_tool.py [line:120] INFO D:\zhy\haoshenghuo\autoproject\
2020-06-23 20:05:51,916 deal_source.py [line:41] INFO POST
2020-06-23 20:05:51,916 url_classfication.py [line:25] INFO https://tbroker.lifeat.cn:45788/easylife/rest/broker/login
2020-06-23 20:05:51,916 url_classfication.py [line:41] INFO https://tbroker.lifeat.cn:45788/easylife/rest/broker/login
2020-06-23 20:05:51,916 deal_source.py [line:43] INFO https://tbroker.lifeat.cn:45788/easylife/rest/broker/login
2020-06-23 20:05:51,917 para_analysis.py [line:20] INFO {"isApp":"Y","isTransmit":{"tokenName":"[\"token\",\"token\"]","transmitName":["brokerCode",{"valueKey":"brokerCode","getValuePath":"$.data.brokerCode"}]}}
2020-06-23 20:05:51,917 para_analysis.py [line:20] INFO {"isApp":"Y","isTransmit":{"tokenName":"[\"token\",\"token\"]","transmitName":["brokerCode",{"valueKey":"brokerCode","getValuePath":"$.data.brokerCode"}]}}
2020-06-23 20:05:51,917 para_analysis.py [line:23] INFO {'tokenName': '["token","token"]', 'transmitName': ['brokerCode', {'valueKey': 'brokerCode', 'getValuePath': '$.data.brokerCode'}]}
2020-06-23 20:05:51,917 para_analysis.py [line:23] INFO {'tokenName': '["token","token"]', 'transmitName': ['brokerCode', {'valueKey': 'brokerCode', 'getValuePath': '$.data.brokerCode'}]}
2020-06-23 20:05:51,917 para_analysis.py [line:25] INFO ["token","token"]
2020-06-23 20:05:51,917 para_analysis.py [line:25] INFO ["token","token"]
2020-06-23 20:05:51,917 deal_source.py [line:45] INFO {'Content-Type': 'application/json', 'Connection': 'keep-alive', 'User-Agent': 'EasyLife.alpha/1.4.2 (iPhone; iOS 10.2.1; Scale/3.00)'}
2020-06-23 20:08:55,295 excel_tool.py [line:120] INFO D:\zhy\haoshenghuo\autoproject\
2020-06-23 20:08:55,318 excel_tool.py [line:120] INFO D:\zhy\haoshenghuo\autoproject\
2020-06-23 20:08:55,517 deal_source.py [line:41] INFO POST
2020-06-23 20:08:55,517 url_classfication.py [line:25] INFO https://tbroker.lifeat.cn:45788/easylife/rest/broker/login
2020-06-23 20:08:55,518 url_classfication.py [line:41] INFO https://tbroker.lifeat.cn:45788/easylife/rest/broker/login
2020-06-23 20:08:55,518 deal_source.py [line:43] INFO https://tbroker.lifeat.cn:45788/easylife/rest/broker/login
2020-06-23 20:08:55,518 para_analysis.py [line:20] INFO {"isApp":"Y","isTransmit":{"tokenName":"[\"token\",\"token\"]","transmitName":["brokerCode",{"valueKey":"brokerCode","getValuePath":"$.data.brokerCode"}]}}
2020-06-23 20:08:55,518 para_analysis.py [line:20] INFO {"isApp":"Y","isTransmit":{"tokenName":"[\"token\",\"token\"]","transmitName":["brokerCode",{"valueKey":"brokerCode","getValuePath":"$.data.brokerCode"}]}}
2020-06-23 20:08:55,518 para_analysis.py [line:23] INFO {'tokenName': '["token","token"]', 'transmitName': ['brokerCode', {'valueKey': 'brokerCode', 'getValuePath': '$.data.brokerCode'}]}
2020-06-23 20:08:55,518 para_analysis.py [line:23] INFO {'tokenName': '["token","token"]', 'transmitName': ['brokerCode', {'valueKey': 'brokerCode', 'getValuePath': '$.data.brokerCode'}]}
2020-06-23 20:08:55,519 para_analysis.py [line:25] INFO ["token","token"]
2020-06-23 20:08:55,519 para_analysis.py [line:25] INFO ["token","token"]
2020-06-23 20:08:55,519 deal_source.py [line:45] INFO {'Content-Type': 'application/json', 'Connection': 'keep-alive', 'User-Agent': 'EasyLife.alpha/1.4.2 (iPhone; iOS 10.2.1; Scale/3.00)'}
2020-06-23 20:10:32,097 excel_tool.py [line:120] INFO D:\zhy\haoshenghuo\autoproject\
2020-06-23 20:10:32,123 excel_tool.py [line:120] INFO D:\zhy\haoshenghuo\autoproject\
2020-06-23 20:10:32,327 deal_source.py [line:41] INFO POST
2020-06-23 20:10:32,327 url_classfication.py [line:25] INFO https://tbroker.lifeat.cn:45788/easylife/rest/broker/login
2020-06-23 20:10:32,327 url_classfication.py [line:41] INFO https://tbroker.lifeat.cn:45788/easylife/rest/broker/login
2020-06-23 20:10:32,328 deal_source.py [line:43] INFO https://tbroker.lifeat.cn:45788/easylife/rest/broker/login
2020-06-23 20:10:32,328 para_analysis.py [line:20] INFO {"isApp":"Y","isTransmit":{"tokenName":"[\"token\",\"token\"]","transmitName":["brokerCode",{"valueKey":"brokerCode","getValuePath":"$.data.brokerCode"}]}}
2020-06-23 20:10:32,328 para_analysis.py [line:20] INFO {"isApp":"Y","isTransmit":{"tokenName":"[\"token\",\"token\"]","transmitName":["brokerCode",{"valueKey":"brokerCode","getValuePath":"$.data.brokerCode"}]}}
2020-06-23 20:10:32,328 para_analysis.py [line:23] INFO {'tokenName': '["token","token"]', 'transmitName': ['brokerCode', {'valueKey': 'brokerCode', 'getValuePath': '$.data.brokerCode'}]}
2020-06-23 20:10:32,328 para_analysis.py [line:23] INFO {'tokenName': '["token","token"]', 'transmitName': ['brokerCode', {'valueKey': 'brokerCode', 'getValuePath': '$.data.brokerCode'}]}
2020-06-23 20:10:32,328 para_analysis.py [line:25] INFO ["token","token"]
2020-06-23 20:10:32,328 para_analysis.py [line:25] INFO ["token","token"]
2020-06-23 20:10:32,329 deal_source.py [line:45] INFO {'Content-Type': 'application/json', 'Connection': 'keep-alive', 'User-Agent': 'EasyLife.alpha/1.4.2 (iPhone; iOS 10.2.1; Scale/3.00)'}
2020-06-23 20:11:31,521 excel_tool.py [line:120] INFO D:\zhy\haoshenghuo\autoproject\
2020-06-23 20:11:31,542 excel_tool.py [line:120] INFO D:\zhy\haoshenghuo\autoproject\
2020-06-23 20:11:31,765 deal_source.py [line:41] INFO POST
2020-06-23 20:11:31,765 url_classfication.py [line:25] INFO https://tbroker.lifeat.cn:45788/easylife/rest/broker/login
2020-06-23 20:11:31,766 url_classfication.py [line:41] INFO https://tbroker.lifeat.cn:45788/easylife/rest/broker/login
2020-06-23 20:11:31,766 deal_source.py [line:43] INFO https://tbroker.lifeat.cn:45788/easylife/rest/broker/login
2020-06-23 20:11:31,766 para_analysis.py [line:20] INFO {"isApp":"Y","isTransmit":{"tokenName":"[\"token\",\"token\"]","transmitName":["brokerCode",{"valueKey":"brokerCode","getValuePath":"$.data.brokerCode"}]}}
2020-06-23 20:11:31,766 para_analysis.py [line:20] INFO {"isApp":"Y","isTransmit":{"tokenName":"[\"token\",\"token\"]","transmitName":["brokerCode",{"valueKey":"brokerCode","getValuePath":"$.data.brokerCode"}]}}
2020-06-23 20:11:31,766 para_analysis.py [line:23] INFO {'tokenName': '["token","token"]', 'transmitName': ['brokerCode', {'valueKey': 'brokerCode', 'getValuePath': '$.data.brokerCode'}]}
2020-06-23 20:11:31,766 para_analysis.py [line:23] INFO {'tokenName': '["token","token"]', 'transmitName': ['brokerCode', {'valueKey': 'brokerCode', 'getValuePath': '$.data.brokerCode'}]}
2020-06-23 20:11:31,767 para_analysis.py [line:25] INFO ["token","token"]
2020-06-23 20:11:31,767 para_analysis.py [line:25] INFO ["token","token"]
2020-06-23 20:11:31,767 deal_source.py [line:45] INFO {'Content-Type': 'application/json', 'Connection': 'keep-alive', 'User-Agent': 'EasyLife.alpha/1.4.2 (iPhone; iOS 10.2.1; Scale/3.00)'}
2020-06-23 20:13:27,520 excel_tool.py [line:120] INFO D:\zhy\haoshenghuo\autoproject\
2020-06-23 20:13:27,544 excel_tool.py [line:120] INFO D:\zhy\haoshenghuo\autoproject\
2020-06-23 20:13:27,755 deal_source.py [line:41] INFO POST
2020-06-23 20:13:27,755 url_classfication.py [line:25] INFO https://tbroker.lifeat.cn:45788/easylife/rest/broker/login
2020-06-23 20:13:27,755 url_classfication.py [line:41] INFO https://tbroker.lifeat.cn:45788/easylife/rest/broker/login
2020-06-23 20:13:27,755 deal_source.py [line:43] INFO https://tbroker.lifeat.cn:45788/easylife/rest/broker/login
2020-06-23 20:13:27,756 para_analysis.py [line:20] INFO {"isApp":"Y","isTransmit":{"tokenName":"[\"token\",\"token\"]","transmitName":["brokerCode",{"valueKey":"brokerCode","getValuePath":"$.data.brokerCode"}]}}
2020-06-23 20:13:27,756 para_analysis.py [line:20] INFO {"isApp":"Y","isTransmit":{"tokenName":"[\"token\",\"token\"]","transmitName":["brokerCode",{"valueKey":"brokerCode","getValuePath":"$.data.brokerCode"}]}}
2020-06-23 20:13:27,756 para_analysis.py [line:23] INFO {'tokenName': '["token","token"]', 'transmitName': ['brokerCode', {'valueKey': 'brokerCode', 'getValuePath': '$.data.brokerCode'}]}
2020-06-23 20:13:27,756 para_analysis.py [line:23] INFO {'tokenName': '["token","token"]', 'transmitName': ['brokerCode', {'valueKey': 'brokerCode', 'getValuePath': '$.data.brokerCode'}]}
2020-06-23 20:13:27,756 para_analysis.py [line:25] INFO ["token","token"]
2020-06-23 20:13:27,756 para_analysis.py [line:25] INFO ["token","token"]
2020-06-23 20:13:27,756 deal_source.py [line:45] INFO {'Content-Type': 'application/json', 'Connection': 'keep-alive', 'User-Agent': 'EasyLife.alpha/1.4.2 (iPhone; iOS 10.2.1; Scale/3.00)'}
2020-06-23 20:13:27,757 para_analysis.py [line:59] INFO {"isDefine":"","PaData":{"urlData":"","paramData":{
	"brokerPhone": "15718868478",
	"clientId": "77a8a4b9e5ba1c9b6a21ca1b839c3581",
	"password": "haoshenghuo"
}}}
2020-06-23 20:13:27,757 para_analysis.py [line:59] INFO {"isDefine":"","PaData":{"urlData":"","paramData":{
	"brokerPhone": "15718868478",
	"clientId": "77a8a4b9e5ba1c9b6a21ca1b839c3581",
	"password": "haoshenghuo"
}}}
2020-06-23 20:15:20,970 excel_tool.py [line:120] INFO D:\zhy\haoshenghuo\autoproject\
2020-06-23 20:15:20,995 excel_tool.py [line:120] INFO D:\zhy\haoshenghuo\autoproject\
2020-06-23 20:15:21,208 deal_source.py [line:41] INFO POST
2020-06-23 20:15:21,208 url_classfication.py [line:25] INFO https://tbroker.lifeat.cn:45788/easylife/rest/broker/login
2020-06-23 20:15:21,208 url_classfication.py [line:41] INFO https://tbroker.lifeat.cn:45788/easylife/rest/broker/login
2020-06-23 20:15:21,208 deal_source.py [line:43] INFO https://tbroker.lifeat.cn:45788/easylife/rest/broker/login
2020-06-23 20:15:21,209 para_analysis.py [line:20] INFO {"isApp":"Y","isTransmit":{"tokenName":"[\"token\",\"token\"]","transmitName":["brokerCode",{"valueKey":"brokerCode","getValuePath":"$.data.brokerCode"}]}}
2020-06-23 20:15:21,209 para_analysis.py [line:20] INFO {"isApp":"Y","isTransmit":{"tokenName":"[\"token\",\"token\"]","transmitName":["brokerCode",{"valueKey":"brokerCode","getValuePath":"$.data.brokerCode"}]}}
2020-06-23 20:15:21,209 para_analysis.py [line:23] INFO {'tokenName': '["token","token"]', 'transmitName': ['brokerCode', {'valueKey': 'brokerCode', 'getValuePath': '$.data.brokerCode'}]}
2020-06-23 20:15:21,209 para_analysis.py [line:23] INFO {'tokenName': '["token","token"]', 'transmitName': ['brokerCode', {'valueKey': 'brokerCode', 'getValuePath': '$.data.brokerCode'}]}
2020-06-23 20:15:21,209 para_analysis.py [line:25] INFO ["token","token"]
2020-06-23 20:15:21,209 para_analysis.py [line:25] INFO ["token","token"]
2020-06-23 20:15:21,209 deal_source.py [line:45] INFO {'Content-Type': 'application/json', 'Connection': 'keep-alive', 'User-Agent': 'EasyLife.alpha/1.4.2 (iPhone; iOS 10.2.1; Scale/3.00)'}
2020-06-23 20:15:21,209 para_analysis.py [line:59] INFO {"isDefine":"","PaData":{"urlData":"","paramData":{
	"brokerPhone": "15718868478",
	"clientId": "77a8a4b9e5ba1c9b6a21ca1b839c3581",
	"password": "haoshenghuo"
}}}
2020-06-23 20:15:21,209 para_analysis.py [line:59] INFO {"isDefine":"","PaData":{"urlData":"","paramData":{
	"brokerPhone": "15718868478",
	"clientId": "77a8a4b9e5ba1c9b6a21ca1b839c3581",
	"password": "haoshenghuo"
}}}
2020-06-23 20:15:21,209 para_analysis.py [line:60] INFO p
2020-06-23 20:15:21,209 para_analysis.py [line:60] INFO p
2020-06-23 20:16:26,414 excel_tool.py [line:120] INFO D:\zhy\haoshenghuo\autoproject\
2020-06-23 20:16:26,440 excel_tool.py [line:120] INFO D:\zhy\haoshenghuo\autoproject\
2020-06-23 20:16:26,648 deal_source.py [line:41] INFO POST
2020-06-23 20:16:26,648 url_classfication.py [line:25] INFO https://tbroker.lifeat.cn:45788/easylife/rest/broker/login
2020-06-23 20:16:26,648 url_classfication.py [line:41] INFO https://tbroker.lifeat.cn:45788/easylife/rest/broker/login
2020-06-23 20:16:26,648 deal_source.py [line:43] INFO https://tbroker.lifeat.cn:45788/easylife/rest/broker/login
2020-06-23 20:16:26,649 para_analysis.py [line:20] INFO {"isApp":"Y","isTransmit":{"tokenName":"[\"token\",\"token\"]","transmitName":["brokerCode",{"valueKey":"brokerCode","getValuePath":"$.data.brokerCode"}]}}
2020-06-23 20:16:26,649 para_analysis.py [line:20] INFO {"isApp":"Y","isTransmit":{"tokenName":"[\"token\",\"token\"]","transmitName":["brokerCode",{"valueKey":"brokerCode","getValuePath":"$.data.brokerCode"}]}}
2020-06-23 20:16:26,649 para_analysis.py [line:23] INFO {'tokenName': '["token","token"]', 'transmitName': ['brokerCode', {'valueKey': 'brokerCode', 'getValuePath': '$.data.brokerCode'}]}
2020-06-23 20:16:26,649 para_analysis.py [line:23] INFO {'tokenName': '["token","token"]', 'transmitName': ['brokerCode', {'valueKey': 'brokerCode', 'getValuePath': '$.data.brokerCode'}]}
2020-06-23 20:16:26,649 para_analysis.py [line:25] INFO ["token","token"]
2020-06-23 20:16:26,649 para_analysis.py [line:25] INFO ["token","token"]
2020-06-23 20:16:26,649 deal_source.py [line:45] INFO {'Content-Type': 'application/json', 'Connection': 'keep-alive', 'User-Agent': 'EasyLife.alpha/1.4.2 (iPhone; iOS 10.2.1; Scale/3.00)'}
2020-06-23 20:16:26,649 para_analysis.py [line:59] INFO {"isDefine":"","PaData":{"urlData":"","paramData":{
	"brokerPhone": "15718868478",
	"clientId": "77a8a4b9e5ba1c9b6a21ca1b839c3581",
	"password": "haoshenghuo"
}}}
2020-06-23 20:16:26,649 para_analysis.py [line:59] INFO {"isDefine":"","PaData":{"urlData":"","paramData":{
	"brokerPhone": "15718868478",
	"clientId": "77a8a4b9e5ba1c9b6a21ca1b839c3581",
	"password": "haoshenghuo"
}}}
2020-06-23 20:16:26,649 para_analysis.py [line:60] INFO "{\"isApp\":\"Y\",\"isTransmit\":{\"tokenName\":\"[\\\"token\\\",\\\"token\\\"]\",\"transmitName\":[\"brokerCode\",{\"valueKey\":\"brokerCode\",\"getValuePath\":\"$.data.brokerCode\"}]}}"
2020-06-23 20:16:26,649 para_analysis.py [line:60] INFO "{\"isApp\":\"Y\",\"isTransmit\":{\"tokenName\":\"[\\\"token\\\",\\\"token\\\"]\",\"transmitName\":[\"brokerCode\",{\"valueKey\":\"brokerCode\",\"getValuePath\":\"$.data.brokerCode\"}]}}"
